[  115385ms] TypeError: Cannot read properties of undefined (reading 'trim')
    at HTMLDocument.<anonymous> (https://hqporner.com/hdporn/125103-permanent_tuition.html:1683:26)
    at j (https://ajax.googleapis.com/ajax/libs/jquery/1.11.1/jquery.min.js:2:27244)
    at Object.fireWith [as resolveWith] (https://ajax.googleapis.com/ajax/libs/jquery/1.11.1/jquery.min.js:2:28057)
    at m.ready (https://ajax.googleapis.com/ajax/libs/jquery/1.11.1/jquery.min.js:2:29891)
    at HTMLDocument.J (https://ajax.googleapis.com/ajax/libs/jquery/1.11.1/jquery.min.js:2:30257)
[  115482ms] [LOG] 2026-03-31T10:08:28.579Z: Request #0 Placement #0 was pushed with zone {"custom_targeting":{},"id":5235902,"extra_params":{"first_request":true,"zone_type":38}} @ https://a.magsrv.com/ad-provider.js:0
[  115482ms] [LOG] 2026-03-31T10:08:28.583Z: s.magsrv.com - Zones Batch Size: 10, Multi-zones Batch Size: 3 @ https://a.magsrv.com/ad-provider.js:0
[  115482ms] [LOG] 2026-03-31T10:08:28.583Z: Request #0 Placement #1 was pushed with zone {"custom_targeting":{},"id":5235886,"extra_params":{"first_request":true,"zone_type":38}} @ https://a.magsrv.com/ad-provider.js:0
[  115484ms] [LOG] 2026-03-31T10:08:28.584Z: s.magsrv.com - Request #0 with 2 zone(s) of type MULTI-FORMAT is being served. @ https://a.magsrv.com/ad-provider.js:0
[  115744ms] [LOG] ab:false @ https://mydaddy.cc/video/f35c47bc42c89e50ca/:0
[  115760ms] SecurityError: Failed to read the 'localStorage' property from 'Window': Access is denied for this document.
    at t.init (https://mydaddy.cc/fluid-player-3.9.0/fluidplayer-m.js:2432:723)
    at f (https://mydaddy.cc/fluid-player-3.9.0/fluidplayer-m.js:3304:20)
    at hide_ov (https://mydaddy.cc/video/f35c47bc42c89e50ca/:1:2095)
    at do_pl (https://mydaddy.cc/video/f35c47bc42c89e50ca/:1:4704)
    at https://mydaddy.cc/video/f35c47bc42c89e50ca/:1:5265
[  115990ms] [LOG] 2026-03-31T10:08:29.090Z: Request #0 handling the response @ https://a.magsrv.com/ad-provider.js:0
[  116003ms] [LOG] 2026-03-31T10:08:29.103Z: s.magsrv.com - 1 ad request(s) completed successfully @ https://a.magsrv.com/ad-provider.js:0
[  116133ms] [LOG] CMP not found. @ https://a.magsrv.com/ad-provider.js:0
[  116135ms] [LOG] 2026-03-31T10:08:29.235Z: Request #0 Placement #0 was pushed with zone {"custom_targeting":{},"id":5235850,"extra_params":{"first_request":true,"zone_type":38}} @ https://a.magsrv.com/ad-provider.js:0
[  116135ms] [LOG] 2026-03-31T10:08:29.235Z: s.magsrv.com - Zones Batch Size: 10, Multi-zones Batch Size: 3 @ https://a.magsrv.com/ad-provider.js:0
[  116135ms] [LOG] 2026-03-31T10:08:29.235Z: s.magsrv.com - Request #0 with 1 zone(s) of type MULTI-FORMAT is being served. @ https://a.magsrv.com/ad-provider.js:0
[  116581ms] [LOG] 2026-03-31T10:08:29.681Z: Request #0 handling the response @ https://a.magsrv.com/ad-provider.js:0
[  116582ms] [LOG] 2026-03-31T10:08:29.683Z: s.magsrv.com - 1 ad request(s) completed successfully @ https://a.magsrv.com/ad-provider.js:0
[  130606ms] TypeError: Cannot read properties of undefined (reading 'trim')
    at HTMLDocument.<anonymous> (https://hqporner.com/hdporn/125627-this_is_beyond_cuddling_sis.html:1683:26)
    at j (https://ajax.googleapis.com/ajax/libs/jquery/1.11.1/jquery.min.js:2:27244)
    at Object.fireWith [as resolveWith] (https://ajax.googleapis.com/ajax/libs/jquery/1.11.1/jquery.min.js:2:28057)
    at m.ready (https://ajax.googleapis.com/ajax/libs/jquery/1.11.1/jquery.min.js:2:29891)
    at HTMLDocument.J (https://ajax.googleapis.com/ajax/libs/jquery/1.11.1/jquery.min.js:2:30257)
[  130504ms] [LOG] 2026-03-31T10:08:43.604Z: Request #0 Placement #0 was pushed with zone {"custom_targeting":{},"id":5235902,"extra_params":{"first_request":true,"zone_type":38}} @ https://a.magsrv.com/ad-provider.js:0
[  130504ms] [LOG] 2026-03-31T10:08:43.605Z: s.magsrv.com - Zones Batch Size: 10, Multi-zones Batch Size: 3 @ https://a.magsrv.com/ad-provider.js:0
[  130504ms] [LOG] 2026-03-31T10:08:43.605Z: Request #0 Placement #1 was pushed with zone {"custom_targeting":{},"id":5235886,"extra_params":{"first_request":true,"zone_type":38}} @ https://a.magsrv.com/ad-provider.js:0
[  130505ms] [LOG] 2026-03-31T10:08:43.606Z: s.magsrv.com - Request #0 with 2 zone(s) of type MULTI-FORMAT is being served. @ https://a.magsrv.com/ad-provider.js:0
[  130726ms] [LOG] ab:false @ https://mydaddy.cc/video/c0a94cff7a1e60bdca/:0
[  130739ms] SecurityError: Failed to read the 'localStorage' property from 'Window': Access is denied for this document.
    at t.init (https://mydaddy.cc/fluid-player-3.9.0/fluidplayer-m.js:2432:723)
    at f (https://mydaddy.cc/fluid-player-3.9.0/fluidplayer-m.js:3304:20)
    at hide_ov (https://mydaddy.cc/video/c0a94cff7a1e60bdca/:1:2095)
    at do_pl (https://mydaddy.cc/video/c0a94cff7a1e60bdca/:1:4704)
    at https://mydaddy.cc/video/c0a94cff7a1e60bdca/:1:5265
[  130774ms] [LOG] CMP not found. @ https://a.magsrv.com/ad-provider.js:0
[  130775ms] [LOG] 2026-03-31T10:08:43.876Z: Request #0 Placement #0 was pushed with zone {"custom_targeting":{},"id":5235850,"extra_params":{"first_request":true,"zone_type":38}} @ https://a.magsrv.com/ad-provider.js:0
[  130775ms] [LOG] 2026-03-31T10:08:43.876Z: s.magsrv.com - Zones Batch Size: 10, Multi-zones Batch Size: 3 @ https://a.magsrv.com/ad-provider.js:0
[  130776ms] [LOG] 2026-03-31T10:08:43.876Z: s.magsrv.com - Request #0 with 1 zone(s) of type MULTI-FORMAT is being served. @ https://a.magsrv.com/ad-provider.js:0
[  130871ms] [LOG] 2026-03-31T10:08:43.971Z: Request #0 handling the response @ https://a.magsrv.com/ad-provider.js:0
[  130876ms] [LOG] 2026-03-31T10:08:43.976Z: s.magsrv.com - 1 ad request(s) completed successfully @ https://a.magsrv.com/ad-provider.js:0
[  130980ms] [LOG] 2026-03-31T10:08:44.080Z: Request #0 handling the response @ https://a.magsrv.com/ad-provider.js:0
[  130982ms] [LOG] 2026-03-31T10:08:44.082Z: s.magsrv.com - 1 ad request(s) completed successfully @ https://a.magsrv.com/ad-provider.js:0
[  139545ms] [LOG] vast end @ https://mydaddy.cc/video/c0a94cff7a1e60bdca/:0
[  611727ms] TypeError: Cannot read properties of undefined (reading 'trim')
    at HTMLDocument.<anonymous> (https://hqporner.com/hdporn/125632-its_staring_at_me.html:1683:26)
    at j (https://ajax.googleapis.com/ajax/libs/jquery/1.11.1/jquery.min.js:2:27244)
    at Object.fireWith [as resolveWith] (https://ajax.googleapis.com/ajax/libs/jquery/1.11.1/jquery.min.js:2:28057)
    at m.ready (https://ajax.googleapis.com/ajax/libs/jquery/1.11.1/jquery.min.js:2:29891)
    at HTMLDocument.J (https://ajax.googleapis.com/ajax/libs/jquery/1.11.1/jquery.min.js:2:30257)
[  611784ms] [LOG] 2026-03-31T10:16:44.881Z: Request #0 Placement #0 was pushed with zone {"custom_targeting":{},"id":5235902,"extra_params":{"first_request":true,"zone_type":38}} @ https://a.magsrv.com/ad-provider.js:0
[  611785ms] [LOG] 2026-03-31T10:16:44.885Z: s.magsrv.com - Zones Batch Size: 10, Multi-zones Batch Size: 3 @ https://a.magsrv.com/ad-provider.js:0
[  611785ms] [LOG] 2026-03-31T10:16:44.885Z: Request #0 Placement #1 was pushed with zone {"custom_targeting":{},"id":5235886,"extra_params":{"first_request":true,"zone_type":38}} @ https://a.magsrv.com/ad-provider.js:0
[  611786ms] [LOG] 2026-03-31T10:16:44.886Z: s.magsrv.com - Request #0 with 2 zone(s) of type MULTI-FORMAT is being served. @ https://a.magsrv.com/ad-provider.js:0
[  612076ms] [LOG] ab:false @ https://mydaddy.cc/video/63c0aa6c7608db5dca/:0
[  612092ms] SecurityError: Failed to read the 'localStorage' property from 'Window': Access is denied for this document.
    at t.init (https://mydaddy.cc/fluid-player-3.9.0/fluidplayer-m.js:2432:723)
    at f (https://mydaddy.cc/fluid-player-3.9.0/fluidplayer-m.js:3304:20)
    at hide_ov (https://mydaddy.cc/video/63c0aa6c7608db5dca/:1:2095)
    at do_pl (https://mydaddy.cc/video/63c0aa6c7608db5dca/:1:4704)
    at https://mydaddy.cc/video/63c0aa6c7608db5dca/:1:5265
[  612138ms] [LOG] 2026-03-31T10:16:45.238Z: Request #0 handling the response @ https://a.magsrv.com/ad-provider.js:0
[  612144ms] [LOG] 2026-03-31T10:16:45.245Z: s.magsrv.com - 1 ad request(s) completed successfully @ https://a.magsrv.com/ad-provider.js:0
[  612541ms] [LOG] CMP not found. @ https://a.magsrv.com/ad-provider.js:0
[  612544ms] [LOG] 2026-03-31T10:16:45.644Z: Request #0 Placement #0 was pushed with zone {"custom_targeting":{},"id":5235850,"extra_params":{"first_request":true,"zone_type":38}} @ https://a.magsrv.com/ad-provider.js:0
[  612544ms] [LOG] 2026-03-31T10:16:45.644Z: s.magsrv.com - Zones Batch Size: 10, Multi-zones Batch Size: 3 @ https://a.magsrv.com/ad-provider.js:0
[  612544ms] [LOG] 2026-03-31T10:16:45.645Z: s.magsrv.com - Request #0 with 1 zone(s) of type MULTI-FORMAT is being served. @ https://a.magsrv.com/ad-provider.js:0
[  612867ms] [LOG] 2026-03-31T10:16:45.967Z: Request #0 handling the response @ https://a.magsrv.com/ad-provider.js:0
[  612869ms] [LOG] 2026-03-31T10:16:45.969Z: s.magsrv.com - 1 ad request(s) completed successfully @ https://a.magsrv.com/ad-provider.js:0
[  619711ms] [LOG] vast end @ https://mydaddy.cc/video/63c0aa6c7608db5dca/:0
