[     173ms] [INFO] %cDownload the React DevTools for a better development experience: https://react.dev/link/react-devtools font-weight:bold @ http://localhost:3000/_next/static/chunks/b2b3e_next_dist_77a734fe._.js:2297
[     189ms] [LOG] [HMR] connected @ http://localhost:3000/_next/static/chunks/b2b3e_next_dist_77a734fe._.js:2297
[     240ms] [WARNING] Image with src "/images/hero/hero-desk-1.webp" is using quality "80" which is not configured in images.qualities [70, 70, 70, 70, 70, 70, 70, 70, 70, 70, 70, 70, 70, 70, 70, 70, 70, 70, 70, 70, 70, 70, 70, 70, 70, 70, 70, 70, 70, 70, 75]. Please update your config to [70, 70, 70, 70, 70, 70, 70, 70, 70, 70, 70, 70, 70, 70, 70, 70, 70, 70, 70, 70, 70, 70, 70, 70, 70, 70, 70, 70, 70, 70, 75, 80].
Read more: https://nextjs.org/docs/messages/next-image-unconfigured-qualities @ http://localhost:3000/_next/static/chunks/b2b3e_next_dist_77a734fe._.js:2297
[     240ms] [WARNING] Image with src "/images/hero/hero-mobile-2.webp" is using quality "80" which is not configured in images.qualities [70, 70, 70, 70, 70, 70, 70, 70, 70, 70, 70, 70, 70, 70, 70, 70, 70, 70, 70, 70, 70, 70, 70, 70, 70, 70, 70, 70, 70, 70, 75]. Please update your config to [70, 70, 70, 70, 70, 70, 70, 70, 70, 70, 70, 70, 70, 70, 70, 70, 70, 70, 70, 70, 70, 70, 70, 70, 70, 70, 70, 70, 70, 70, 75, 80].
Read more: https://nextjs.org/docs/messages/next-image-unconfigured-qualities @ http://localhost:3000/_next/static/chunks/b2b3e_next_dist_77a734fe._.js:2297
[     241ms] [WARNING] Image with src "/images/hero/hero-desk-2.webp" is using quality "80" which is not configured in images.qualities [70, 70, 70, 70, 70, 70, 70, 70, 70, 70, 70, 70, 70, 70, 70, 70, 70, 70, 70, 70, 70, 70, 70, 70, 70, 70, 70, 70, 70, 70, 75]. Please update your config to [70, 70, 70, 70, 70, 70, 70, 70, 70, 70, 70, 70, 70, 70, 70, 70, 70, 70, 70, 70, 70, 70, 70, 70, 70, 70, 70, 70, 70, 70, 75, 80].
Read more: https://nextjs.org/docs/messages/next-image-unconfigured-qualities @ http://localhost:3000/_next/static/chunks/b2b3e_next_dist_77a734fe._.js:2297
[     241ms] [WARNING] Image with src "/images/hero/hero-mobile-1.webp" is using quality "80" which is not configured in images.qualities [70, 70, 70, 70, 70, 70, 70, 70, 70, 70, 70, 70, 70, 70, 70, 70, 70, 70, 70, 70, 70, 70, 70, 70, 70, 70, 70, 70, 70, 70, 75]. Please update your config to [70, 70, 70, 70, 70, 70, 70, 70, 70, 70, 70, 70, 70, 70, 70, 70, 70, 70, 70, 70, 70, 70, 70, 70, 70, 70, 70, 70, 70, 70, 75, 80].
Read more: https://nextjs.org/docs/messages/next-image-unconfigured-qualities @ http://localhost:3000/_next/static/chunks/b2b3e_next_dist_77a734fe._.js:2297
[     257ms] [ERROR] Failed to load resource: net::ERR_CONNECTION_REFUSED @ http://localhost:9000/store/regions/reg_01JQHEER18KTPFNKYJTTF8SC7T:0
[     267ms] [WARNING] Image with src "/images/hero/hero-mobile-2.webp" has "fill" prop and "sizes" prop of "100vw", but image is not rendered at full viewport width. Please adjust "sizes" to improve page performance. Read more: https://nextjs.org/docs/api-reference/next/image#sizes @ http://localhost:3000/_next/static/chunks/b2b3e_next_dist_77a734fe._.js:2297
[     269ms] [ERROR] Failed to load resource: net::ERR_CONNECTION_REFUSED @ http://localhost:9000/store/carts/cart_01KJFQDDPFT5MP4DVC9BM8BC3Z:0
[    1272ms] [ERROR] Failed to load resource: net::ERR_CONNECTION_REFUSED @ http://localhost:9000/store/carts/cart_01KJFQDDPFT5MP4DVC9BM8BC3Z:0
[   18280ms] [WARNING] Image with src "https://images.unsplash.com/photo-1597045566677-8cf032ed6634?w=1920&q=80" was detected as the Largest Contentful Paint (LCP). Please add the `loading="eager"` property if this image is above the fold.
Read more: https://nextjs.org/docs/app/api-reference/components/image#loading @ http://localhost:3000/_next/static/chunks/b2b3e_next_dist_77a734fe._.js:2297
[   46113ms] [WARNING] The resource http://localhost:3000/_next/static/chunks/%5Broot-of-the-server%5D__196af75f._.css was preloaded using link preload but not used within a few seconds from the window's load event. Please make sure it has an appropriate `as` value and it is preloaded intentionally. @ http://localhost:3000/:0
[   46113ms] [WARNING] The resource http://localhost:3000/_next/static/media/f06bf9da926bae75-s.p.c68a79fb.woff2 was preloaded using link preload but not used within a few seconds from the window's load event. Please make sure it has an appropriate `as` value and it is preloaded intentionally. @ http://localhost:3000/:0
[  371466ms] [LOG] [Fast Refresh] rebuilding @ http://localhost:3000/_next/static/chunks/b2b3e_next_dist_77a734fe._.js:2297
[  371514ms] [WARNING] [Fast Refresh] performing full reload

Fast Refresh will perform a full reload when you edit a file that's imported by modules outside of the React rendering tree.
You might have a file which exports a React component but also exports a value that is imported by a non-React component file.
Consider migrating the non-React component export to a separate file and importing it into both files.

It is also possible the parent component of the component you edited is a class component, which disables Fast Refresh.
Fast Refresh requires at least one parent function component in your React tree. @ http://localhost:3000/_next/static/chunks/b2b3e_next_dist_77a734fe._.js:2297
[  371717ms] [LOG] [Fast Refresh] done in 89ms @ http://localhost:3000/_next/static/chunks/b2b3e_next_dist_77a734fe._.js:2297
[  371823ms] [LOG] [Fast Refresh] rebuilding @ http://localhost:3000/_next/static/chunks/b2b3e_next_dist_77a734fe._.js:2297
[  371842ms] [LOG] [Fast Refresh] done in 120ms @ http://localhost:3000/_next/static/chunks/b2b3e_next_dist_77a734fe._.js:2297
[  372086ms] [INFO] %cDownload the React DevTools for a better development experience: https://react.dev/link/react-devtools font-weight:bold @ http://localhost:3000/_next/static/chunks/b2b3e_next_dist_77a734fe._.js:2297
[  372118ms] [LOG] [HMR] connected @ http://localhost:3000/_next/static/chunks/b2b3e_next_dist_77a734fe._.js:2297
[  372180ms] [WARNING] Image with src "/images/hero/hero-desk-1.webp" is using quality "80" which is not configured in images.qualities [70, 70, 70, 70, 70, 70, 70, 70, 70, 70, 70, 70, 70, 70, 70, 70, 70, 70, 70, 70, 70, 70, 70, 70, 70, 70, 70, 70, 70, 70, 70, 70, 70, 70, 70, 70, 70, 70, 70, 70, 70, 70, 70, 70, 70, 70, 70, 70, 70, 70, 70, 70, 70, 70, 70, 70, 70, 70, 70, 70, 75]. Please update your config to [70, 70, 70, 70, 70, 70, 70, 70, 70, 70, 70, 70, 70, 70, 70, 70, 70, 70, 70, 70, 70, 70, 70, 70, 70, 70, 70, 70, 70, 70, 70, 70, 70, 70, 70, 70, 70, 70, 70, 70, 70, 70, 70, 70, 70, 70, 70, 70, 70, 70, 70, 70, 70, 70, 70, 70, 70, 70, 70, 70, 75, 80].
Read more: https://nextjs.org/docs/messages/next-image-unconfigured-qualities @ http://localhost:3000/_next/static/chunks/b2b3e_next_dist_77a734fe._.js:2297
[  372181ms] [WARNING] Image with src "/images/hero/hero-mobile-2.webp" is using quality "80" which is not configured in images.qualities [70, 70, 70, 70, 70, 70, 70, 70, 70, 70, 70, 70, 70, 70, 70, 70, 70, 70, 70, 70, 70, 70, 70, 70, 70, 70, 70, 70, 70, 70, 70, 70, 70, 70, 70, 70, 70, 70, 70, 70, 70, 70, 70, 70, 70, 70, 70, 70, 70, 70, 70, 70, 70, 70, 70, 70, 70, 70, 70, 70, 75]. Please update your config to [70, 70, 70, 70, 70, 70, 70, 70, 70, 70, 70, 70, 70, 70, 70, 70, 70, 70, 70, 70, 70, 70, 70, 70, 70, 70, 70, 70, 70, 70, 70, 70, 70, 70, 70, 70, 70, 70, 70, 70, 70, 70, 70, 70, 70, 70, 70, 70, 70, 70, 70, 70, 70, 70, 70, 70, 70, 70, 70, 70, 75, 80].
Read more: https://nextjs.org/docs/messages/next-image-unconfigured-qualities @ http://localhost:3000/_next/static/chunks/b2b3e_next_dist_77a734fe._.js:2297
[  372183ms] [WARNING] Image with src "/images/hero/hero-desk-2.webp" is using quality "80" which is not configured in images.qualities [70, 70, 70, 70, 70, 70, 70, 70, 70, 70, 70, 70, 70, 70, 70, 70, 70, 70, 70, 70, 70, 70, 70, 70, 70, 70, 70, 70, 70, 70, 70, 70, 70, 70, 70, 70, 70, 70, 70, 70, 70, 70, 70, 70, 70, 70, 70, 70, 70, 70, 70, 70, 70, 70, 70, 70, 70, 70, 70, 70, 75]. Please update your config to [70, 70, 70, 70, 70, 70, 70, 70, 70, 70, 70, 70, 70, 70, 70, 70, 70, 70, 70, 70, 70, 70, 70, 70, 70, 70, 70, 70, 70, 70, 70, 70, 70, 70, 70, 70, 70, 70, 70, 70, 70, 70, 70, 70, 70, 70, 70, 70, 70, 70, 70, 70, 70, 70, 70, 70, 70, 70, 70, 70, 75, 80].
Read more: https://nextjs.org/docs/messages/next-image-unconfigured-qualities @ http://localhost:3000/_next/static/chunks/b2b3e_next_dist_77a734fe._.js:2297
[  372183ms] [WARNING] Image with src "/images/hero/hero-mobile-1.webp" is using quality "80" which is not configured in images.qualities [70, 70, 70, 70, 70, 70, 70, 70, 70, 70, 70, 70, 70, 70, 70, 70, 70, 70, 70, 70, 70, 70, 70, 70, 70, 70, 70, 70, 70, 70, 70, 70, 70, 70, 70, 70, 70, 70, 70, 70, 70, 70, 70, 70, 70, 70, 70, 70, 70, 70, 70, 70, 70, 70, 70, 70, 70, 70, 70, 70, 75]. Please update your config to [70, 70, 70, 70, 70, 70, 70, 70, 70, 70, 70, 70, 70, 70, 70, 70, 70, 70, 70, 70, 70, 70, 70, 70, 70, 70, 70, 70, 70, 70, 70, 70, 70, 70, 70, 70, 70, 70, 70, 70, 70, 70, 70, 70, 70, 70, 70, 70, 70, 70, 70, 70, 70, 70, 70, 70, 70, 70, 70, 70, 75, 80].
Read more: https://nextjs.org/docs/messages/next-image-unconfigured-qualities @ http://localhost:3000/_next/static/chunks/b2b3e_next_dist_77a734fe._.js:2297
[  372200ms] [WARNING] Image with src "/images/hero/hero-mobile-2.webp" has "fill" prop and "sizes" prop of "100vw", but image is not rendered at full viewport width. Please adjust "sizes" to improve page performance. Read more: https://nextjs.org/docs/api-reference/next/image#sizes @ http://localhost:3000/_next/static/chunks/b2b3e_next_dist_77a734fe._.js:2297
[  372217ms] [ERROR] Failed to load resource: the server responded with a status of 404 (Not Found) @ http://localhost:9000/store/regions/reg_01JQHEER18KTPFNKYJTTF8SC7T:0
[  372249ms] [ERROR] Failed to load resource: the server responded with a status of 404 (Not Found) @ http://localhost:9000/store/carts/cart_01KJFQDDPFT5MP4DVC9BM8BC3Z:0
[  373267ms] [ERROR] Failed to load resource: the server responded with a status of 404 (Not Found) @ http://localhost:9000/store/carts/cart_01KJFQDDPFT5MP4DVC9BM8BC3Z:0
[  405125ms] [LOG] [Fast Refresh] rebuilding @ http://localhost:3000/_next/static/chunks/b2b3e_next_dist_77a734fe._.js:2297
[  405129ms] [WARNING] [Fast Refresh] performing full reload

Fast Refresh will perform a full reload when you edit a file that's imported by modules outside of the React rendering tree.
You might have a file which exports a React component but also exports a value that is imported by a non-React component file.
Consider migrating the non-React component export to a separate file and importing it into both files.

It is also possible the parent component of the component you edited is a class component, which disables Fast Refresh.
Fast Refresh requires at least one parent function component in your React tree. @ http://localhost:3000/_next/static/chunks/b2b3e_next_dist_77a734fe._.js:2297
[  405369ms] [LOG] [Fast Refresh] done in 80ms @ http://localhost:3000/_next/static/chunks/b2b3e_next_dist_77a734fe._.js:2297
[  405473ms] [LOG] [Fast Refresh] rebuilding @ http://localhost:3000/_next/static/chunks/b2b3e_next_dist_77a734fe._.js:2297
[  405555ms] [LOG] [Fast Refresh] done in 182ms @ http://localhost:3000/_next/static/chunks/b2b3e_next_dist_77a734fe._.js:2297
[  405900ms] [INFO] %cDownload the React DevTools for a better development experience: https://react.dev/link/react-devtools font-weight:bold @ http://localhost:3000/_next/static/chunks/b2b3e_next_dist_77a734fe._.js:2297
[  405919ms] [LOG] [HMR] connected @ http://localhost:3000/_next/static/chunks/b2b3e_next_dist_77a734fe._.js:2297
[  405977ms] [WARNING] Image with src "/images/hero/hero-desk-1.webp" is using quality "80" which is not configured in images.qualities [70, 70, 70, 70, 70, 70, 70, 70, 70, 70, 70, 70, 70, 70, 70, 70, 70, 70, 70, 70, 70, 70, 70, 70, 70, 70, 70, 70, 70, 70, 70, 70, 70, 70, 70, 70, 70, 70, 70, 70, 70, 70, 70, 70, 70, 70, 70, 70, 70, 70, 70, 70, 70, 70, 70, 70, 70, 70, 70, 70, 75]. Please update your config to [70, 70, 70, 70, 70, 70, 70, 70, 70, 70, 70, 70, 70, 70, 70, 70, 70, 70, 70, 70, 70, 70, 70, 70, 70, 70, 70, 70, 70, 70, 70, 70, 70, 70, 70, 70, 70, 70, 70, 70, 70, 70, 70, 70, 70, 70, 70, 70, 70, 70, 70, 70, 70, 70, 70, 70, 70, 70, 70, 70, 75, 80].
Read more: https://nextjs.org/docs/messages/next-image-unconfigured-qualities @ http://localhost:3000/_next/static/chunks/b2b3e_next_dist_77a734fe._.js:2297
[  405978ms] [WARNING] Image with src "/images/hero/hero-mobile-2.webp" is using quality "80" which is not configured in images.qualities [70, 70, 70, 70, 70, 70, 70, 70, 70, 70, 70, 70, 70, 70, 70, 70, 70, 70, 70, 70, 70, 70, 70, 70, 70, 70, 70, 70, 70, 70, 70, 70, 70, 70, 70, 70, 70, 70, 70, 70, 70, 70, 70, 70, 70, 70, 70, 70, 70, 70, 70, 70, 70, 70, 70, 70, 70, 70, 70, 70, 75]. Please update your config to [70, 70, 70, 70, 70, 70, 70, 70, 70, 70, 70, 70, 70, 70, 70, 70, 70, 70, 70, 70, 70, 70, 70, 70, 70, 70, 70, 70, 70, 70, 70, 70, 70, 70, 70, 70, 70, 70, 70, 70, 70, 70, 70, 70, 70, 70, 70, 70, 70, 70, 70, 70, 70, 70, 70, 70, 70, 70, 70, 70, 75, 80].
Read more: https://nextjs.org/docs/messages/next-image-unconfigured-qualities @ http://localhost:3000/_next/static/chunks/b2b3e_next_dist_77a734fe._.js:2297
[  405978ms] [WARNING] Image with src "/images/hero/hero-desk-2.webp" is using quality "80" which is not configured in images.qualities [70, 70, 70, 70, 70, 70, 70, 70, 70, 70, 70, 70, 70, 70, 70, 70, 70, 70, 70, 70, 70, 70, 70, 70, 70, 70, 70, 70, 70, 70, 70, 70, 70, 70, 70, 70, 70, 70, 70, 70, 70, 70, 70, 70, 70, 70, 70, 70, 70, 70, 70, 70, 70, 70, 70, 70, 70, 70, 70, 70, 75]. Please update your config to [70, 70, 70, 70, 70, 70, 70, 70, 70, 70, 70, 70, 70, 70, 70, 70, 70, 70, 70, 70, 70, 70, 70, 70, 70, 70, 70, 70, 70, 70, 70, 70, 70, 70, 70, 70, 70, 70, 70, 70, 70, 70, 70, 70, 70, 70, 70, 70, 70, 70, 70, 70, 70, 70, 70, 70, 70, 70, 70, 70, 75, 80].
Read more: https://nextjs.org/docs/messages/next-image-unconfigured-qualities @ http://localhost:3000/_next/static/chunks/b2b3e_next_dist_77a734fe._.js:2297
[  405979ms] [WARNING] Image with src "/images/hero/hero-mobile-1.webp" is using quality "80" which is not configured in images.qualities [70, 70, 70, 70, 70, 70, 70, 70, 70, 70, 70, 70, 70, 70, 70, 70, 70, 70, 70, 70, 70, 70, 70, 70, 70, 70, 70, 70, 70, 70, 70, 70, 70, 70, 70, 70, 70, 70, 70, 70, 70, 70, 70, 70, 70, 70, 70, 70, 70, 70, 70, 70, 70, 70, 70, 70, 70, 70, 70, 70, 75]. Please update your config to [70, 70, 70, 70, 70, 70, 70, 70, 70, 70, 70, 70, 70, 70, 70, 70, 70, 70, 70, 70, 70, 70, 70, 70, 70, 70, 70, 70, 70, 70, 70, 70, 70, 70, 70, 70, 70, 70, 70, 70, 70, 70, 70, 70, 70, 70, 70, 70, 70, 70, 70, 70, 70, 70, 70, 70, 70, 70, 70, 70, 75, 80].
Read more: https://nextjs.org/docs/messages/next-image-unconfigured-qualities @ http://localhost:3000/_next/static/chunks/b2b3e_next_dist_77a734fe._.js:2297
[  406192ms] [ERROR] Failed to load resource: the server responded with a status of 404 (Not Found) @ http://localhost:9000/store/carts/cart_01KJFQDDPFT5MP4DVC9BM8BC3Z:0
[  406192ms] [WARNING] Image with src "/images/hero/hero-mobile-2.webp" has "fill" prop and "sizes" prop of "100vw", but image is not rendered at full viewport width. Please adjust "sizes" to improve page performance. Read more: https://nextjs.org/docs/api-reference/next/image#sizes @ http://localhost:3000/_next/static/chunks/b2b3e_next_dist_77a734fe._.js:2297
[  407216ms] [ERROR] Failed to load resource: the server responded with a status of 404 (Not Found) @ http://localhost:9000/store/carts/cart_01KJFQDDPFT5MP4DVC9BM8BC3Z:0
[  417107ms] [ERROR] WebSocket connection to 'ws://localhost:3000/_next/webpack-hmr?id=hYyq-QK0GNELhSLVN-JsB' failed:  @ http://localhost:3000/_next/static/chunks/b2b3e_next_dist_client_121ab40e._.js:10878
[  418113ms] [ERROR] WebSocket connection to 'ws://localhost:3000/_next/webpack-hmr?id=hYyq-QK0GNELhSLVN-JsB' failed: Error in connection establishment: net::ERR_CONNECTION_REFUSED @ http://localhost:3000/_next/static/chunks/b2b3e_next_dist_client_121ab40e._.js:10878
[  419633ms] [LOG] [HMR] connected @ http://localhost:3000/_next/static/chunks/b2b3e_next_dist_77a734fe._.js:2297
[  420460ms] [INFO] %cDownload the React DevTools for a better development experience: https://react.dev/link/react-devtools font-weight:bold @ http://localhost:3000/_next/static/chunks/b2b3e_next_dist_77a734fe._.js:2297
[  420476ms] [LOG] [HMR] connected @ http://localhost:3000/_next/static/chunks/b2b3e_next_dist_77a734fe._.js:2297
[  420541ms] [WARNING] Image with src "/images/hero/hero-desk-1.webp" is using quality "80" which is not configured in images.qualities [75]. Please update your config to [75, 80].
Read more: https://nextjs.org/docs/messages/next-image-unconfigured-qualities @ http://localhost:3000/_next/static/chunks/b2b3e_next_dist_77a734fe._.js:2297
[  420542ms] [WARNING] Image with src "/images/hero/hero-mobile-2.webp" is using quality "80" which is not configured in images.qualities [75]. Please update your config to [75, 80].
Read more: https://nextjs.org/docs/messages/next-image-unconfigured-qualities @ http://localhost:3000/_next/static/chunks/b2b3e_next_dist_77a734fe._.js:2297
[  420542ms] [WARNING] Image with src "/images/hero/hero-desk-2.webp" is using quality "80" which is not configured in images.qualities [75]. Please update your config to [75, 80].
Read more: https://nextjs.org/docs/messages/next-image-unconfigured-qualities @ http://localhost:3000/_next/static/chunks/b2b3e_next_dist_77a734fe._.js:2297
[  420543ms] [WARNING] Image with src "/images/hero/hero-mobile-1.webp" is using quality "80" which is not configured in images.qualities [75]. Please update your config to [75, 80].
Read more: https://nextjs.org/docs/messages/next-image-unconfigured-qualities @ http://localhost:3000/_next/static/chunks/b2b3e_next_dist_77a734fe._.js:2297
[  420714ms] [ERROR] Failed to load resource: the server responded with a status of 404 (Not Found) @ http://localhost:9000/store/carts/cart_01KJFQDDPFT5MP4DVC9BM8BC3Z:0
[  420714ms] [WARNING] Image with src "/images/hero/hero-mobile-2.webp" has "fill" prop and "sizes" prop of "100vw", but image is not rendered at full viewport width. Please adjust "sizes" to improve page performance. Read more: https://nextjs.org/docs/api-reference/next/image#sizes @ http://localhost:3000/_next/static/chunks/b2b3e_next_dist_77a734fe._.js:2297
[  421735ms] [ERROR] Failed to load resource: the server responded with a status of 404 (Not Found) @ http://localhost:9000/store/carts/cart_01KJFQDDPFT5MP4DVC9BM8BC3Z:0
