[     267ms] [WARNING] Image with src "/images/hero/hero-desk-1.webp" is using quality "80" which is not configured in images.qualities [75]. Please update your config to [75, 80].
Read more: https://nextjs.org/docs/messages/next-image-unconfigured-qualities @ http://localhost:3377/_next/static/chunks/b2b3e_next_dist_77a734fe._.js:2297
[     268ms] [WARNING] Image with src "/images/hero/hero-mobile-2.webp" is using quality "80" which is not configured in images.qualities [75]. Please update your config to [75, 80].
Read more: https://nextjs.org/docs/messages/next-image-unconfigured-qualities @ http://localhost:3377/_next/static/chunks/b2b3e_next_dist_77a734fe._.js:2297
[     281ms] [WARNING] Image with src "/images/hero/hero-desk-2.webp" is using quality "80" which is not configured in images.qualities [75]. Please update your config to [75, 80].
Read more: https://nextjs.org/docs/messages/next-image-unconfigured-qualities @ http://localhost:3377/_next/static/chunks/b2b3e_next_dist_77a734fe._.js:2297
[     281ms] [WARNING] Image with src "/images/hero/hero-mobile-1.webp" is using quality "80" which is not configured in images.qualities [75]. Please update your config to [75, 80].
Read more: https://nextjs.org/docs/messages/next-image-unconfigured-qualities @ http://localhost:3377/_next/static/chunks/b2b3e_next_dist_77a734fe._.js:2297
[     351ms] [WARNING] Image with src "/images/hero/hero-desk-1.webp" has "fill" prop and "sizes" prop of "100vw", but image is not rendered at full viewport width. Please adjust "sizes" to improve page performance. Read more: https://nextjs.org/docs/api-reference/next/image#sizes @ http://localhost:3377/_next/static/chunks/b2b3e_next_dist_77a734fe._.js:2297
[     651ms] [ERROR] Failed to load resource: net::ERR_CONNECTION_RESET @ http://localhost:9000/store/collections?fields=id%2Ctitle%2Chandle%2Cmetadata%2Ccreated_at:0
[     651ms] [ERROR] TypeError: Failed to fetch
    at Client.<anonymous> (http://localhost:3377/_next/static/chunks/node_modules__pnpm_fcec5d91._.js:11496:30)
    at Generator.next (<anonymous>)
    at fulfilled (http://localhost:3377/_next/static/chunks/node_modules__pnpm_fcec5d91._.js:11213:32) @ http://localhost:3377/_next/static/chunks/b2b3e_next_dist_77a734fe._.js:3127
[     652ms] [ERROR] Failed to load resource: net::ERR_CONNECTION_RESET @ http://localhost:9000/store/collections?fields=id%2Ctitle%2Chandle%2Cmetadata%2Ccreated_at:0
[     652ms] [ERROR] TypeError: Failed to fetch
    at Client.<anonymous> (http://localhost:3377/_next/static/chunks/node_modules__pnpm_fcec5d91._.js:11496:30)
    at Generator.next (<anonymous>)
    at fulfilled (http://localhost:3377/_next/static/chunks/node_modules__pnpm_fcec5d91._.js:11213:32) @ http://localhost:3377/_next/static/chunks/b2b3e_next_dist_77a734fe._.js:3127
[     652ms] [ERROR] Failed to load resource: net::ERR_CONNECTION_RESET @ http://localhost:9000/store/customers/me:0
[     652ms] [ERROR] Failed to load resource: net::ERR_CONNECTION_RESET @ http://localhost:9000/store/regions:0
[     652ms] [ERROR] TypeError: Failed to fetch
    at Client.<anonymous> (http://localhost:3377/_next/static/chunks/node_modules__pnpm_fcec5d91._.js:11496:30)
    at Generator.next (<anonymous>)
    at fulfilled (http://localhost:3377/_next/static/chunks/node_modules__pnpm_fcec5d91._.js:11213:32) @ http://localhost:3377/_next/static/chunks/b2b3e_next_dist_77a734fe._.js:3127
[     652ms] [ERROR] Failed to load resource: net::ERR_CONNECTION_RESET @ http://localhost:9000/store/product-categories?fields=%2Acategory_children&parent_category_id=null:0
[     652ms] [ERROR] TypeError: Failed to fetch
    at Client.<anonymous> (http://localhost:3377/_next/static/chunks/node_modules__pnpm_fcec5d91._.js:11496:30)
    at Generator.next (<anonymous>)
    at fulfilled (http://localhost:3377/_next/static/chunks/node_modules__pnpm_fcec5d91._.js:11213:32) @ http://localhost:3377/_next/static/chunks/b2b3e_next_dist_77a734fe._.js:3127
[  918190ms] [ERROR] WebSocket connection to 'ws://localhost:3377/_next/webpack-hmr?id=g5REQk7q2BdSnMhEvtorL' failed:  @ http://localhost:3377/_next/static/chunks/b2b3e_next_dist_client_121ab40e._.js:10878
[  919196ms] [ERROR] WebSocket connection to 'ws://localhost:3377/_next/webpack-hmr?id=g5REQk7q2BdSnMhEvtorL' failed: Error in connection establishment: net::ERR_CONNECTION_REFUSED @ http://localhost:3377/_next/static/chunks/b2b3e_next_dist_client_121ab40e._.js:10878
[  920198ms] [ERROR] WebSocket connection to 'ws://localhost:3377/_next/webpack-hmr?id=g5REQk7q2BdSnMhEvtorL' failed: Error in connection establishment: net::ERR_CONNECTION_REFUSED @ http://localhost:3377/_next/static/chunks/b2b3e_next_dist_client_121ab40e._.js:10878
[  923259ms] [WARNING] Image with src "/images/hero/hero-desk-1.webp" is using quality "80" which is not configured in images.qualities [75]. Please update your config to [75, 80].
Read more: https://nextjs.org/docs/messages/next-image-unconfigured-qualities @ http://localhost:3377/_next/static/chunks/b2b3e_next_dist_77a734fe._.js:2297
[  923259ms] [WARNING] Image with src "/images/hero/hero-mobile-2.webp" is using quality "80" which is not configured in images.qualities [75]. Please update your config to [75, 80].
Read more: https://nextjs.org/docs/messages/next-image-unconfigured-qualities @ http://localhost:3377/_next/static/chunks/b2b3e_next_dist_77a734fe._.js:2297
[  923260ms] [WARNING] Image with src "/images/hero/hero-desk-2.webp" is using quality "80" which is not configured in images.qualities [75]. Please update your config to [75, 80].
Read more: https://nextjs.org/docs/messages/next-image-unconfigured-qualities @ http://localhost:3377/_next/static/chunks/b2b3e_next_dist_77a734fe._.js:2297
[  923260ms] [WARNING] Image with src "/images/hero/hero-mobile-1.webp" is using quality "80" which is not configured in images.qualities [75]. Please update your config to [75, 80].
Read more: https://nextjs.org/docs/messages/next-image-unconfigured-qualities @ http://localhost:3377/_next/static/chunks/b2b3e_next_dist_77a734fe._.js:2297
[  923311ms] [WARNING] Image with src "/images/hero/hero-desk-1.webp" has "fill" prop and "sizes" prop of "100vw", but image is not rendered at full viewport width. Please adjust "sizes" to improve page performance. Read more: https://nextjs.org/docs/api-reference/next/image#sizes @ http://localhost:3377/_next/static/chunks/b2b3e_next_dist_77a734fe._.js:2297
[  923611ms] [ERROR] Failed to load resource: net::ERR_CONNECTION_RESET @ http://localhost:9000/store/collections?fields=id%2Ctitle%2Chandle%2Cmetadata%2Ccreated_at:0
[  923612ms] [ERROR] TypeError: Failed to fetch
    at Client.<anonymous> (http://localhost:3377/_next/static/chunks/node_modules__pnpm_fcec5d91._.js:11496:30)
    at Generator.next (<anonymous>)
    at fulfilled (http://localhost:3377/_next/static/chunks/node_modules__pnpm_fcec5d91._.js:11213:32) @ http://localhost:3377/_next/static/chunks/b2b3e_next_dist_77a734fe._.js:3127
[  923612ms] [ERROR] Failed to load resource: net::ERR_CONNECTION_RESET @ http://localhost:9000/store/customers/me:0
[  923612ms] [ERROR] Failed to load resource: net::ERR_CONNECTION_RESET @ http://localhost:9000/store/regions:0
[  923612ms] [ERROR] TypeError: Failed to fetch
    at Client.<anonymous> (http://localhost:3377/_next/static/chunks/node_modules__pnpm_fcec5d91._.js:11496:30)
    at Generator.next (<anonymous>)
    at fulfilled (http://localhost:3377/_next/static/chunks/node_modules__pnpm_fcec5d91._.js:11213:32) @ http://localhost:3377/_next/static/chunks/b2b3e_next_dist_77a734fe._.js:3127
[  923612ms] [ERROR] Failed to load resource: net::ERR_CONNECTION_RESET @ http://localhost:9000/store/collections?fields=id%2Ctitle%2Chandle%2Cmetadata%2Ccreated_at:0
[  923612ms] [ERROR] TypeError: Failed to fetch
    at Client.<anonymous> (http://localhost:3377/_next/static/chunks/node_modules__pnpm_fcec5d91._.js:11496:30)
    at Generator.next (<anonymous>)
    at fulfilled (http://localhost:3377/_next/static/chunks/node_modules__pnpm_fcec5d91._.js:11213:32) @ http://localhost:3377/_next/static/chunks/b2b3e_next_dist_77a734fe._.js:3127
