[     718ms] [ERROR] Failed to load resource: net::ERR_CONNECTION_RESET @ http://localhost:9000/store/product-categories?fields=%2Acategory_children&parent_category_id=null:0
[     718ms] [ERROR] TypeError: Failed to fetch
    at Client.<anonymous> (http://localhost:3377/_next/static/chunks/node_modules__pnpm_fcec5d91._.js:11496:30)
    at Generator.next (<anonymous>)
    at fulfilled (http://localhost:3377/_next/static/chunks/node_modules__pnpm_fcec5d91._.js:11213:32) @ http://localhost:3377/_next/static/chunks/b2b3e_next_dist_77a734fe._.js:3127
[     718ms] [ERROR] Failed to load resource: net::ERR_CONNECTION_RESET @ http://localhost:9000/store/collections?fields=id%2Ctitle%2Chandle%2Cmetadata%2Ccreated_at:0
[     718ms] [ERROR] TypeError: Failed to fetch
    at Client.<anonymous> (http://localhost:3377/_next/static/chunks/node_modules__pnpm_fcec5d91._.js:11496:30)
    at Generator.next (<anonymous>)
    at fulfilled (http://localhost:3377/_next/static/chunks/node_modules__pnpm_fcec5d91._.js:11213:32) @ http://localhost:3377/_next/static/chunks/b2b3e_next_dist_77a734fe._.js:3127
[     718ms] [ERROR] Failed to load resource: net::ERR_CONNECTION_RESET @ http://localhost:9000/store/customers/me:0
[     719ms] [ERROR] Failed to load resource: net::ERR_CONNECTION_RESET @ http://localhost:9000/store/regions:0
[     719ms] [ERROR] TypeError: Failed to fetch
    at Client.<anonymous> (http://localhost:3377/_next/static/chunks/node_modules__pnpm_fcec5d91._.js:11496:30)
    at Generator.next (<anonymous>)
    at fulfilled (http://localhost:3377/_next/static/chunks/node_modules__pnpm_fcec5d91._.js:11213:32) @ http://localhost:3377/_next/static/chunks/b2b3e_next_dist_77a734fe._.js:3127
[   37576ms] [ERROR] WebSocket connection to 'ws://localhost:3377/_next/webpack-hmr?id=wRAHFzbun9B43MY82XkfS' failed:  @ http://localhost:3377/_next/static/chunks/b2b3e_next_dist_client_121ab40e._.js:10878
[   38580ms] [ERROR] WebSocket connection to 'ws://localhost:3377/_next/webpack-hmr?id=wRAHFzbun9B43MY82XkfS' failed: Error in connection establishment: net::ERR_CONNECTION_REFUSED @ http://localhost:3377/_next/static/chunks/b2b3e_next_dist_client_121ab40e._.js:10878
[   39582ms] [ERROR] WebSocket connection to 'ws://localhost:3377/_next/webpack-hmr?id=wRAHFzbun9B43MY82XkfS' failed: Error in connection establishment: net::ERR_CONNECTION_REFUSED @ http://localhost:3377/_next/static/chunks/b2b3e_next_dist_client_121ab40e._.js:10878
[   40584ms] [ERROR] WebSocket connection to 'ws://localhost:3377/_next/webpack-hmr?id=wRAHFzbun9B43MY82XkfS' failed: Error in connection establishment: net::ERR_CONNECTION_REFUSED @ http://localhost:3377/_next/static/chunks/b2b3e_next_dist_client_121ab40e._.js:10878
[   41587ms] [ERROR] WebSocket connection to 'ws://localhost:3377/_next/webpack-hmr?id=wRAHFzbun9B43MY82XkfS' failed: Error in connection establishment: net::ERR_CONNECTION_REFUSED @ http://localhost:3377/_next/static/chunks/b2b3e_next_dist_client_121ab40e._.js:10878
[   42589ms] [ERROR] WebSocket connection to 'ws://localhost:3377/_next/webpack-hmr?id=wRAHFzbun9B43MY82XkfS' failed: Error in connection establishment: net::ERR_CONNECTION_REFUSED @ http://localhost:3377/_next/static/chunks/b2b3e_next_dist_client_121ab40e._.js:10878
[   47596ms] [ERROR] WebSocket connection to 'ws://localhost:3377/_next/webpack-hmr?id=wRAHFzbun9B43MY82XkfS' failed: Error in connection establishment: net::ERR_CONNECTION_REFUSED @ http://localhost:3377/_next/static/chunks/b2b3e_next_dist_client_121ab40e._.js:10878
[   52607ms] [ERROR] WebSocket connection to 'ws://localhost:3377/_next/webpack-hmr?id=wRAHFzbun9B43MY82XkfS' failed: Error in connection establishment: net::ERR_CONNECTION_REFUSED @ http://localhost:3377/_next/static/chunks/b2b3e_next_dist_client_121ab40e._.js:10878
[   57615ms] [ERROR] WebSocket connection to 'ws://localhost:3377/_next/webpack-hmr?id=wRAHFzbun9B43MY82XkfS' failed: Error in connection establishment: net::ERR_CONNECTION_REFUSED @ http://localhost:3377/_next/static/chunks/b2b3e_next_dist_client_121ab40e._.js:10878
[   62627ms] [ERROR] WebSocket connection to 'ws://localhost:3377/_next/webpack-hmr?id=wRAHFzbun9B43MY82XkfS' failed: Error in connection establishment: net::ERR_CONNECTION_REFUSED @ http://localhost:3377/_next/static/chunks/b2b3e_next_dist_client_121ab40e._.js:10878
[   67659ms] [ERROR] WebSocket connection to 'ws://localhost:3377/_next/webpack-hmr?id=wRAHFzbun9B43MY82XkfS' failed: Error in connection establishment: net::ERR_CONNECTION_REFUSED @ http://localhost:3377/_next/static/chunks/b2b3e_next_dist_client_121ab40e._.js:10878
[   72760ms] [ERROR] WebSocket connection to 'ws://localhost:3377/_next/webpack-hmr?id=wRAHFzbun9B43MY82XkfS' failed: Error in connection establishment: net::ERR_CONNECTION_REFUSED @ http://localhost:3377/_next/static/chunks/b2b3e_next_dist_client_121ab40e._.js:10878
[   77971ms] [ERROR] WebSocket connection to 'ws://localhost:3377/_next/webpack-hmr?id=wRAHFzbun9B43MY82XkfS' failed: Error in connection establishment: net::ERR_CONNECTION_REFUSED @ http://localhost:3377/_next/static/chunks/b2b3e_next_dist_client_121ab40e._.js:10878
