[     332ms] [WARNING] Failed parsing 'srcset' attribute value since its 'w' descriptor is invalid. @ :0
[     332ms] [WARNING] Dropped srcset candidate "https://sfycdn.speedsize.com/fbaf6506-81e1-43a2-bcc1-80e18c7b0146/representclo.com/cdn/shop/files/Prestigev2-navimage.jpg?v=1772034078&width=187" @ :0
[     332ms] [WARNING] Failed parsing 'srcset' attribute value since its 'w' descriptor is invalid. @ :0
[     332ms] [WARNING] Dropped srcset candidate "https://sfycdn.speedsize.com/fbaf6506-81e1-43a2-bcc1-80e18c7b0146/representclo.com/cdn/shop/files/Prestigev2-navimage.jpg?v=1772034078&width=212" @ :0
[     332ms] [WARNING] Failed parsing 'srcset' attribute value since its 'w' descriptor is invalid. @ :0
[     332ms] [WARNING] Dropped srcset candidate "https://sfycdn.speedsize.com/fbaf6506-81e1-43a2-bcc1-80e18c7b0146/representclo.com/cdn/shop/files/Prestigev2-navimage.jpg?v=1772034078&width=187" @ :0
[     332ms] [WARNING] Failed parsing 'srcset' attribute value since its 'w' descriptor is invalid. @ :0
[     332ms] [WARNING] Dropped srcset candidate "https://sfycdn.speedsize.com/fbaf6506-81e1-43a2-bcc1-80e18c7b0146/representclo.com/cdn/shop/files/Prestigev2-navimage.jpg?v=1772034078&width=212" @ :0
[     332ms] [WARNING] Failed parsing 'srcset' attribute value since its 'w' descriptor is invalid. @ :0
[     332ms] [WARNING] Dropped srcset candidate "https://sfycdn.speedsize.com/fbaf6506-81e1-43a2-bcc1-80e18c7b0146/representclo.com/cdn/shop/files/Prestigev2-navimage.jpg?v=1772034078&width=187" @ :0
[     332ms] [WARNING] Failed parsing 'srcset' attribute value since its 'w' descriptor is invalid. @ :0
[     332ms] [WARNING] Dropped srcset candidate "https://sfycdn.speedsize.com/fbaf6506-81e1-43a2-bcc1-80e18c7b0146/representclo.com/cdn/shop/files/Prestigev2-navimage.jpg?v=1772034078&width=212" @ :0
[     332ms] [WARNING] Failed parsing 'srcset' attribute value since its 'w' descriptor is invalid. @ :0
[     332ms] [WARNING] Dropped srcset candidate "https://sfycdn.speedsize.com/fbaf6506-81e1-43a2-bcc1-80e18c7b0146/representclo.com/cdn/shop/files/d8RVWbXjwetgw7XKqax4gDdb-jhO6xK21fOLWlz6I4E.jpg?v=1772034927&width=187" @ :0
[     332ms] [WARNING] Failed parsing 'srcset' attribute value since its 'w' descriptor is invalid. @ :0
[     332ms] [WARNING] Dropped srcset candidate "https://sfycdn.speedsize.com/fbaf6506-81e1-43a2-bcc1-80e18c7b0146/representclo.com/cdn/shop/files/d8RVWbXjwetgw7XKqax4gDdb-jhO6xK21fOLWlz6I4E.jpg?v=1772034927&width=212" @ :0
[     332ms] [WARNING] Failed parsing 'srcset' attribute value since its 'w' descriptor is invalid. @ :0
[     332ms] [WARNING] Dropped srcset candidate "https://sfycdn.speedsize.com/fbaf6506-81e1-43a2-bcc1-80e18c7b0146/representclo.com/cdn/shop/files/d8RVWbXjwetgw7XKqax4gDdb-jhO6xK21fOLWlz6I4E.jpg?v=1772034927&width=187" @ :0
[     332ms] [WARNING] Failed parsing 'srcset' attribute value since its 'w' descriptor is invalid. @ :0
[     332ms] [WARNING] Dropped srcset candidate "https://sfycdn.speedsize.com/fbaf6506-81e1-43a2-bcc1-80e18c7b0146/representclo.com/cdn/shop/files/d8RVWbXjwetgw7XKqax4gDdb-jhO6xK21fOLWlz6I4E.jpg?v=1772034927&width=212" @ :0
[     332ms] [WARNING] Failed parsing 'srcset' attribute value since its 'w' descriptor is invalid. @ :0
[     332ms] [WARNING] Dropped srcset candidate "https://sfycdn.speedsize.com/fbaf6506-81e1-43a2-bcc1-80e18c7b0146/representclo.com/cdn/shop/files/d8RVWbXjwetgw7XKqax4gDdb-jhO6xK21fOLWlz6I4E.jpg?v=1772034927&width=187" @ :0
[     332ms] [WARNING] Failed parsing 'srcset' attribute value since its 'w' descriptor is invalid. @ :0
[     332ms] [WARNING] Dropped srcset candidate "https://sfycdn.speedsize.com/fbaf6506-81e1-43a2-bcc1-80e18c7b0146/representclo.com/cdn/shop/files/d8RVWbXjwetgw7XKqax4gDdb-jhO6xK21fOLWlz6I4E.jpg?v=1772034927&width=212" @ :0
[     332ms] [WARNING] Failed parsing 'srcset' attribute value since its 'w' descriptor is invalid. @ :0
[     332ms] [WARNING] Dropped srcset candidate "https://sfycdn.speedsize.com/fbaf6506-81e1-43a2-bcc1-80e18c7b0146/representclo.com/cdn/shop/files/oIRBLEKxzPZ6Ep7TTRNZGrXEQ1NderHa6Zi8qkXlk7c.jpg?v=1772034910&width=187" @ :0
[     332ms] [WARNING] Failed parsing 'srcset' attribute value since its 'w' descriptor is invalid. @ :0
[     332ms] [WARNING] Dropped srcset candidate "https://sfycdn.speedsize.com/fbaf6506-81e1-43a2-bcc1-80e18c7b0146/representclo.com/cdn/shop/files/oIRBLEKxzPZ6Ep7TTRNZGrXEQ1NderHa6Zi8qkXlk7c.jpg?v=1772034910&width=212" @ :0
[     332ms] [WARNING] Failed parsing 'srcset' attribute value since its 'w' descriptor is invalid. @ :0
[     332ms] [WARNING] Dropped srcset candidate "https://sfycdn.speedsize.com/fbaf6506-81e1-43a2-bcc1-80e18c7b0146/representclo.com/cdn/shop/files/oIRBLEKxzPZ6Ep7TTRNZGrXEQ1NderHa6Zi8qkXlk7c.jpg?v=1772034910&width=187" @ :0
[     332ms] [WARNING] Failed parsing 'srcset' attribute value since its 'w' descriptor is invalid. @ :0
[     332ms] [WARNING] Dropped srcset candidate "https://sfycdn.speedsize.com/fbaf6506-81e1-43a2-bcc1-80e18c7b0146/representclo.com/cdn/shop/files/oIRBLEKxzPZ6Ep7TTRNZGrXEQ1NderHa6Zi8qkXlk7c.jpg?v=1772034910&width=212" @ :0
[     332ms] [WARNING] Failed parsing 'srcset' attribute value since its 'w' descriptor is invalid. @ :0
[     332ms] [WARNING] Dropped srcset candidate "https://sfycdn.speedsize.com/fbaf6506-81e1-43a2-bcc1-80e18c7b0146/representclo.com/cdn/shop/files/oIRBLEKxzPZ6Ep7TTRNZGrXEQ1NderHa6Zi8qkXlk7c.jpg?v=1772034910&width=187" @ :0
[     332ms] [WARNING] Failed parsing 'srcset' attribute value since its 'w' descriptor is invalid. @ :0
[     332ms] [WARNING] Dropped srcset candidate "https://sfycdn.speedsize.com/fbaf6506-81e1-43a2-bcc1-80e18c7b0146/representclo.com/cdn/shop/files/oIRBLEKxzPZ6Ep7TTRNZGrXEQ1NderHa6Zi8qkXlk7c.jpg?v=1772034910&width=212" @ :0
[     332ms] [WARNING] Failed parsing 'srcset' attribute value since its 'w' descriptor is invalid. @ :0
[     332ms] [WARNING] Dropped srcset candidate "https://sfycdn.speedsize.com/fbaf6506-81e1-43a2-bcc1-80e18c7b0146/representclo.com/cdn/shop/files/5AMOytryszKzE3lMwhSdYoDV2vLnufGTms2Mt1RoL-8.jpg?v=1772035124&width=187" @ :0
[     332ms] [WARNING] Failed parsing 'srcset' attribute value since its 'w' descriptor is invalid. @ :0
[     332ms] [WARNING] Dropped srcset candidate "https://sfycdn.speedsize.com/fbaf6506-81e1-43a2-bcc1-80e18c7b0146/representclo.com/cdn/shop/files/5AMOytryszKzE3lMwhSdYoDV2vLnufGTms2Mt1RoL-8.jpg?v=1772035124&width=212" @ :0
[     332ms] [WARNING] Failed parsing 'srcset' attribute value since its 'w' descriptor is invalid. @ :0
[     332ms] [WARNING] Dropped srcset candidate "https://sfycdn.speedsize.com/fbaf6506-81e1-43a2-bcc1-80e18c7b0146/representclo.com/cdn/shop/files/5AMOytryszKzE3lMwhSdYoDV2vLnufGTms2Mt1RoL-8.jpg?v=1772035124&width=187" @ :0
[     332ms] [WARNING] Failed parsing 'srcset' attribute value since its 'w' descriptor is invalid. @ :0
[     332ms] [WARNING] Dropped srcset candidate "https://sfycdn.speedsize.com/fbaf6506-81e1-43a2-bcc1-80e18c7b0146/representclo.com/cdn/shop/files/5AMOytryszKzE3lMwhSdYoDV2vLnufGTms2Mt1RoL-8.jpg?v=1772035124&width=212" @ :0
[     332ms] [WARNING] Failed parsing 'srcset' attribute value since its 'w' descriptor is invalid. @ :0
[     332ms] [WARNING] Dropped srcset candidate "https://sfycdn.speedsize.com/fbaf6506-81e1-43a2-bcc1-80e18c7b0146/representclo.com/cdn/shop/files/5AMOytryszKzE3lMwhSdYoDV2vLnufGTms2Mt1RoL-8.jpg?v=1772035124&width=187" @ :0
[     332ms] [WARNING] Failed parsing 'srcset' attribute value since its 'w' descriptor is invalid. @ :0
[     332ms] [WARNING] Dropped srcset candidate "https://sfycdn.speedsize.com/fbaf6506-81e1-43a2-bcc1-80e18c7b0146/representclo.com/cdn/shop/files/5AMOytryszKzE3lMwhSdYoDV2vLnufGTms2Mt1RoL-8.jpg?v=1772035124&width=212" @ :0
[     333ms] [WARNING] Failed parsing 'srcset' attribute value since its 'w' descriptor is invalid. @ :0
[     333ms] [WARNING] Dropped srcset candidate "https://sfycdn.speedsize.com/fbaf6506-81e1-43a2-bcc1-80e18c7b0146/representclo.com/cdn/shop/files/MobileNav_Mens_NA.jpg?v=1765291865&width=187" @ :0
[     333ms] [WARNING] Failed parsing 'srcset' attribute value since its 'w' descriptor is invalid. @ :0
[     333ms] [WARNING] Dropped srcset candidate "https://sfycdn.speedsize.com/fbaf6506-81e1-43a2-bcc1-80e18c7b0146/representclo.com/cdn/shop/files/MobileNav_Mens_NA.jpg?v=1765291865&width=212" @ :0
[     333ms] [WARNING] Failed parsing 'srcset' attribute value since its 'w' descriptor is invalid. @ :0
[     333ms] [WARNING] Dropped srcset candidate "https://sfycdn.speedsize.com/fbaf6506-81e1-43a2-bcc1-80e18c7b0146/representclo.com/cdn/shop/files/MobileNav_Mens_NA.jpg?v=1765291865&width=187" @ :0
[     333ms] [WARNING] Failed parsing 'srcset' attribute value since its 'w' descriptor is invalid. @ :0
[     333ms] [WARNING] Dropped srcset candidate "https://sfycdn.speedsize.com/fbaf6506-81e1-43a2-bcc1-80e18c7b0146/representclo.com/cdn/shop/files/MobileNav_Mens_NA.jpg?v=1765291865&width=212" @ :0
[     333ms] [WARNING] Failed parsing 'srcset' attribute value since its 'w' descriptor is invalid. @ :0
[     333ms] [WARNING] Dropped srcset candidate "https://sfycdn.speedsize.com/fbaf6506-81e1-43a2-bcc1-80e18c7b0146/representclo.com/cdn/shop/files/MobileNav_Mens_NA.jpg?v=1765291865&width=187" @ :0
[     333ms] [WARNING] Failed parsing 'srcset' attribute value since its 'w' descriptor is invalid. @ :0
[     333ms] [WARNING] Dropped srcset candidate "https://sfycdn.speedsize.com/fbaf6506-81e1-43a2-bcc1-80e18c7b0146/representclo.com/cdn/shop/files/MobileNav_Mens_NA.jpg?v=1765291865&width=212" @ :0
[     333ms] [WARNING] Failed parsing 'srcset' attribute value since its 'w' descriptor is invalid. @ :0
[     333ms] [WARNING] Dropped srcset candidate "https://sfycdn.speedsize.com/fbaf6506-81e1-43a2-bcc1-80e18c7b0146/representclo.com/cdn/shop/files/IVbebkntfStrZ0UT50Zk0XMKu1YI3wMUVdtE5pTN8mY.jpg?v=1765291790&width=187" @ :0
[     333ms] [WARNING] Failed parsing 'srcset' attribute value since its 'w' descriptor is invalid. @ :0
[     333ms] [WARNING] Dropped srcset candidate "https://sfycdn.speedsize.com/fbaf6506-81e1-43a2-bcc1-80e18c7b0146/representclo.com/cdn/shop/files/IVbebkntfStrZ0UT50Zk0XMKu1YI3wMUVdtE5pTN8mY.jpg?v=1765291790&width=212" @ :0
[     333ms] [WARNING] Failed parsing 'srcset' attribute value since its 'w' descriptor is invalid. @ :0
[     333ms] [WARNING] Dropped srcset candidate "https://sfycdn.speedsize.com/fbaf6506-81e1-43a2-bcc1-80e18c7b0146/representclo.com/cdn/shop/files/IVbebkntfStrZ0UT50Zk0XMKu1YI3wMUVdtE5pTN8mY.jpg?v=1765291790&width=187" @ :0
[     333ms] [WARNING] Failed parsing 'srcset' attribute value since its 'w' descriptor is invalid. @ :0
[     333ms] [WARNING] Dropped srcset candidate "https://sfycdn.speedsize.com/fbaf6506-81e1-43a2-bcc1-80e18c7b0146/representclo.com/cdn/shop/files/IVbebkntfStrZ0UT50Zk0XMKu1YI3wMUVdtE5pTN8mY.jpg?v=1765291790&width=212" @ :0
[     333ms] [WARNING] Failed parsing 'srcset' attribute value since its 'w' descriptor is invalid. @ :0
[     333ms] [WARNING] Dropped srcset candidate "https://sfycdn.speedsize.com/fbaf6506-81e1-43a2-bcc1-80e18c7b0146/representclo.com/cdn/shop/files/IVbebkntfStrZ0UT50Zk0XMKu1YI3wMUVdtE5pTN8mY.jpg?v=1765291790&width=187" @ :0
[     333ms] [WARNING] Failed parsing 'srcset' attribute value since its 'w' descriptor is invalid. @ :0
[     333ms] [WARNING] Dropped srcset candidate "https://sfycdn.speedsize.com/fbaf6506-81e1-43a2-bcc1-80e18c7b0146/representclo.com/cdn/shop/files/IVbebkntfStrZ0UT50Zk0XMKu1YI3wMUVdtE5pTN8mY.jpg?v=1765291790&width=212" @ :0
[     333ms] [WARNING] Failed parsing 'srcset' attribute value since its 'w' descriptor is invalid. @ :0
[     333ms] [WARNING] Dropped srcset candidate "https://sfycdn.speedsize.com/fbaf6506-81e1-43a2-bcc1-80e18c7b0146/representclo.com/cdn/shop/files/H3WAg_HUxUX_XyPuFLkSf9M1Vm-4kdNllqeNatUwwRw.jpg?v=1765291884&width=187" @ :0
[     333ms] [WARNING] Failed parsing 'srcset' attribute value since its 'w' descriptor is invalid. @ :0
[     333ms] [WARNING] Dropped srcset candidate "https://sfycdn.speedsize.com/fbaf6506-81e1-43a2-bcc1-80e18c7b0146/representclo.com/cdn/shop/files/H3WAg_HUxUX_XyPuFLkSf9M1Vm-4kdNllqeNatUwwRw.jpg?v=1765291884&width=212" @ :0
[     333ms] [WARNING] Failed parsing 'srcset' attribute value since its 'w' descriptor is invalid. @ :0
[     333ms] [WARNING] Dropped srcset candidate "https://sfycdn.speedsize.com/fbaf6506-81e1-43a2-bcc1-80e18c7b0146/representclo.com/cdn/shop/files/H3WAg_HUxUX_XyPuFLkSf9M1Vm-4kdNllqeNatUwwRw.jpg?v=1765291884&width=187" @ :0
[     333ms] [WARNING] Failed parsing 'srcset' attribute value since its 'w' descriptor is invalid. @ :0
[     333ms] [WARNING] Dropped srcset candidate "https://sfycdn.speedsize.com/fbaf6506-81e1-43a2-bcc1-80e18c7b0146/representclo.com/cdn/shop/files/H3WAg_HUxUX_XyPuFLkSf9M1Vm-4kdNllqeNatUwwRw.jpg?v=1765291884&width=212" @ :0
[     333ms] [WARNING] Failed parsing 'srcset' attribute value since its 'w' descriptor is invalid. @ :0
[     333ms] [WARNING] Dropped srcset candidate "https://sfycdn.speedsize.com/fbaf6506-81e1-43a2-bcc1-80e18c7b0146/representclo.com/cdn/shop/files/H3WAg_HUxUX_XyPuFLkSf9M1Vm-4kdNllqeNatUwwRw.jpg?v=1765291884&width=187" @ :0
[     333ms] [WARNING] Failed parsing 'srcset' attribute value since its 'w' descriptor is invalid. @ :0
[     333ms] [WARNING] Dropped srcset candidate "https://sfycdn.speedsize.com/fbaf6506-81e1-43a2-bcc1-80e18c7b0146/representclo.com/cdn/shop/files/H3WAg_HUxUX_XyPuFLkSf9M1Vm-4kdNllqeNatUwwRw.jpg?v=1765291884&width=212" @ :0
[     867ms] [WARNING] Invalid HEX color format. Defaulting to black text. @ https://cdn.shopify.com/extensions/019c95a9-f506-7a26-a780-23c2d3909462/gdpr-275/assets/pandectes-core.js:1
[    3563ms] [ERROR] Attestation check for Attribution Reporting on https://www.facebook.com failed. @ https://representclo.com/:0
[    5732ms] [WARNING] Canvas2D: Multiple readback operations using getImageData are faster with the willReadFrequently attribute set to true. See: https://html.spec.whatwg.org/multipage/canvas.html#concept-canvas-will-read-frequently @ https://static.kyc.red/lite.js?sessionId=2a01cb1c4c9aa007cd6593e3ce0ab1arepresentclousmyshopifycom&ping=false&profile=true&pageURL=https%253A%252F%252Frepresentclo.com%252F:36
[    6565ms] [WARNING] Manifest: property 'start_url' ignored, URL is invalid. @ blob:https://representclo.com/9226cf1b-5750-4ea5-b22b-51b967e9ef73:0
[    6565ms] [WARNING] Manifest: property 'scope' ignored, URL is invalid. @ blob:https://representclo.com/9226cf1b-5750-4ea5-b22b-51b967e9ef73:0
[    7418ms] [ERROR] Attestation check for Attribution Reporting on https://www.facebook.com failed. @ https://representclo.com/:0
[   14300ms] [WARNING] [Meta Pixel] - Removed parameters from custom data due to potential violations. Go to Events Manager to learn more. @ https://connect.facebook.net/en_US/fbevents.js:171
[   14425ms] [ERROR] Attestation check for Attribution Reporting on https://www.facebook.com failed. @ https://representclo.com/:0
[   19527ms] [WARNING] The resource https://representclo.com/cdn/shop/t/260/assets/member_r_icon_first_frame_74x.png?v=177473639161998098311771933567 was preloaded using link preload but not used within a few seconds from the window's load event. Please make sure it has an appropriate `as` value and it is preloaded intentionally. @ https://representclo.com/:0
[   32423ms] [ERROR] Attestation check for Attribution Reporting on https://www.facebook.com failed. @ https://representclo.com/:0
[   35425ms] [WARNING] The resource https://representclo.com/cdn/shop/t/260/assets/member_r_icon_first_frame_74x.png?v=177473639161998098311771933567 was preloaded using link preload but not used within a few seconds from the window's load event. Please make sure it has an appropriate `as` value and it is preloaded intentionally. @ https://representclo.com/:0
