[     818ms] [WARNING] Failed parsing 'srcset' attribute value since its 'w' descriptor is invalid. @ :0
[     818ms] [WARNING] Dropped srcset candidate "https://sfycdn.speedsize.com/fbaf6506-81e1-43a2-bcc1-80e18c7b0146/representclo.com/cdn/shop/files/Prestigev2-navimage.jpg?v=1772034078&width=187" @ :0
[     818ms] [WARNING] Failed parsing 'srcset' attribute value since its 'w' descriptor is invalid. @ :0
[     818ms] [WARNING] Dropped srcset candidate "https://sfycdn.speedsize.com/fbaf6506-81e1-43a2-bcc1-80e18c7b0146/representclo.com/cdn/shop/files/Prestigev2-navimage.jpg?v=1772034078&width=212" @ :0
[     818ms] [WARNING] Failed parsing 'srcset' attribute value since its 'w' descriptor is invalid. @ :0
[     818ms] [WARNING] Dropped srcset candidate "https://sfycdn.speedsize.com/fbaf6506-81e1-43a2-bcc1-80e18c7b0146/representclo.com/cdn/shop/files/Prestigev2-navimage.jpg?v=1772034078&width=187" @ :0
[     818ms] [WARNING] Failed parsing 'srcset' attribute value since its 'w' descriptor is invalid. @ :0
[     818ms] [WARNING] Dropped srcset candidate "https://sfycdn.speedsize.com/fbaf6506-81e1-43a2-bcc1-80e18c7b0146/representclo.com/cdn/shop/files/Prestigev2-navimage.jpg?v=1772034078&width=212" @ :0
[     818ms] [WARNING] Failed parsing 'srcset' attribute value since its 'w' descriptor is invalid. @ :0
[     818ms] [WARNING] Dropped srcset candidate "https://sfycdn.speedsize.com/fbaf6506-81e1-43a2-bcc1-80e18c7b0146/representclo.com/cdn/shop/files/Prestigev2-navimage.jpg?v=1772034078&width=187" @ :0
[     818ms] [WARNING] Failed parsing 'srcset' attribute value since its 'w' descriptor is invalid. @ :0
[     818ms] [WARNING] Dropped srcset candidate "https://sfycdn.speedsize.com/fbaf6506-81e1-43a2-bcc1-80e18c7b0146/representclo.com/cdn/shop/files/Prestigev2-navimage.jpg?v=1772034078&width=212" @ :0
[     818ms] [WARNING] Failed parsing 'srcset' attribute value since its 'w' descriptor is invalid. @ :0
[     818ms] [WARNING] Dropped srcset candidate "https://sfycdn.speedsize.com/fbaf6506-81e1-43a2-bcc1-80e18c7b0146/representclo.com/cdn/shop/files/d8RVWbXjwetgw7XKqax4gDdb-jhO6xK21fOLWlz6I4E.jpg?v=1772034927&width=187" @ :0
[     818ms] [WARNING] Failed parsing 'srcset' attribute value since its 'w' descriptor is invalid. @ :0
[     818ms] [WARNING] Dropped srcset candidate "https://sfycdn.speedsize.com/fbaf6506-81e1-43a2-bcc1-80e18c7b0146/representclo.com/cdn/shop/files/d8RVWbXjwetgw7XKqax4gDdb-jhO6xK21fOLWlz6I4E.jpg?v=1772034927&width=212" @ :0
[     818ms] [WARNING] Failed parsing 'srcset' attribute value since its 'w' descriptor is invalid. @ :0
[     818ms] [WARNING] Dropped srcset candidate "https://sfycdn.speedsize.com/fbaf6506-81e1-43a2-bcc1-80e18c7b0146/representclo.com/cdn/shop/files/d8RVWbXjwetgw7XKqax4gDdb-jhO6xK21fOLWlz6I4E.jpg?v=1772034927&width=187" @ :0
[     818ms] [WARNING] Failed parsing 'srcset' attribute value since its 'w' descriptor is invalid. @ :0
[     818ms] [WARNING] Dropped srcset candidate "https://sfycdn.speedsize.com/fbaf6506-81e1-43a2-bcc1-80e18c7b0146/representclo.com/cdn/shop/files/d8RVWbXjwetgw7XKqax4gDdb-jhO6xK21fOLWlz6I4E.jpg?v=1772034927&width=212" @ :0
[     818ms] [WARNING] Failed parsing 'srcset' attribute value since its 'w' descriptor is invalid. @ :0
[     818ms] [WARNING] Dropped srcset candidate "https://sfycdn.speedsize.com/fbaf6506-81e1-43a2-bcc1-80e18c7b0146/representclo.com/cdn/shop/files/d8RVWbXjwetgw7XKqax4gDdb-jhO6xK21fOLWlz6I4E.jpg?v=1772034927&width=187" @ :0
[     818ms] [WARNING] Failed parsing 'srcset' attribute value since its 'w' descriptor is invalid. @ :0
[     818ms] [WARNING] Dropped srcset candidate "https://sfycdn.speedsize.com/fbaf6506-81e1-43a2-bcc1-80e18c7b0146/representclo.com/cdn/shop/files/d8RVWbXjwetgw7XKqax4gDdb-jhO6xK21fOLWlz6I4E.jpg?v=1772034927&width=212" @ :0
[     818ms] [WARNING] Failed parsing 'srcset' attribute value since its 'w' descriptor is invalid. @ :0
[     818ms] [WARNING] Dropped srcset candidate "https://sfycdn.speedsize.com/fbaf6506-81e1-43a2-bcc1-80e18c7b0146/representclo.com/cdn/shop/files/oIRBLEKxzPZ6Ep7TTRNZGrXEQ1NderHa6Zi8qkXlk7c.jpg?v=1772034910&width=187" @ :0
[     818ms] [WARNING] Failed parsing 'srcset' attribute value since its 'w' descriptor is invalid. @ :0
[     818ms] [WARNING] Dropped srcset candidate "https://sfycdn.speedsize.com/fbaf6506-81e1-43a2-bcc1-80e18c7b0146/representclo.com/cdn/shop/files/oIRBLEKxzPZ6Ep7TTRNZGrXEQ1NderHa6Zi8qkXlk7c.jpg?v=1772034910&width=212" @ :0
[     818ms] [WARNING] Failed parsing 'srcset' attribute value since its 'w' descriptor is invalid. @ :0
[     818ms] [WARNING] Dropped srcset candidate "https://sfycdn.speedsize.com/fbaf6506-81e1-43a2-bcc1-80e18c7b0146/representclo.com/cdn/shop/files/oIRBLEKxzPZ6Ep7TTRNZGrXEQ1NderHa6Zi8qkXlk7c.jpg?v=1772034910&width=187" @ :0
[     818ms] [WARNING] Failed parsing 'srcset' attribute value since its 'w' descriptor is invalid. @ :0
[     818ms] [WARNING] Dropped srcset candidate "https://sfycdn.speedsize.com/fbaf6506-81e1-43a2-bcc1-80e18c7b0146/representclo.com/cdn/shop/files/oIRBLEKxzPZ6Ep7TTRNZGrXEQ1NderHa6Zi8qkXlk7c.jpg?v=1772034910&width=212" @ :0
[     818ms] [WARNING] Failed parsing 'srcset' attribute value since its 'w' descriptor is invalid. @ :0
[     818ms] [WARNING] Dropped srcset candidate "https://sfycdn.speedsize.com/fbaf6506-81e1-43a2-bcc1-80e18c7b0146/representclo.com/cdn/shop/files/oIRBLEKxzPZ6Ep7TTRNZGrXEQ1NderHa6Zi8qkXlk7c.jpg?v=1772034910&width=187" @ :0
[     818ms] [WARNING] Failed parsing 'srcset' attribute value since its 'w' descriptor is invalid. @ :0
[     818ms] [WARNING] Dropped srcset candidate "https://sfycdn.speedsize.com/fbaf6506-81e1-43a2-bcc1-80e18c7b0146/representclo.com/cdn/shop/files/oIRBLEKxzPZ6Ep7TTRNZGrXEQ1NderHa6Zi8qkXlk7c.jpg?v=1772034910&width=212" @ :0
[     818ms] [WARNING] Failed parsing 'srcset' attribute value since its 'w' descriptor is invalid. @ :0
[     818ms] [WARNING] Dropped srcset candidate "https://sfycdn.speedsize.com/fbaf6506-81e1-43a2-bcc1-80e18c7b0146/representclo.com/cdn/shop/files/5AMOytryszKzE3lMwhSdYoDV2vLnufGTms2Mt1RoL-8.jpg?v=1772035124&width=187" @ :0
[     818ms] [WARNING] Failed parsing 'srcset' attribute value since its 'w' descriptor is invalid. @ :0
[     818ms] [WARNING] Dropped srcset candidate "https://sfycdn.speedsize.com/fbaf6506-81e1-43a2-bcc1-80e18c7b0146/representclo.com/cdn/shop/files/5AMOytryszKzE3lMwhSdYoDV2vLnufGTms2Mt1RoL-8.jpg?v=1772035124&width=212" @ :0
[     818ms] [WARNING] Failed parsing 'srcset' attribute value since its 'w' descriptor is invalid. @ :0
[     818ms] [WARNING] Dropped srcset candidate "https://sfycdn.speedsize.com/fbaf6506-81e1-43a2-bcc1-80e18c7b0146/representclo.com/cdn/shop/files/5AMOytryszKzE3lMwhSdYoDV2vLnufGTms2Mt1RoL-8.jpg?v=1772035124&width=187" @ :0
[     818ms] [WARNING] Failed parsing 'srcset' attribute value since its 'w' descriptor is invalid. @ :0
[     818ms] [WARNING] Dropped srcset candidate "https://sfycdn.speedsize.com/fbaf6506-81e1-43a2-bcc1-80e18c7b0146/representclo.com/cdn/shop/files/5AMOytryszKzE3lMwhSdYoDV2vLnufGTms2Mt1RoL-8.jpg?v=1772035124&width=212" @ :0
[     818ms] [WARNING] Failed parsing 'srcset' attribute value since its 'w' descriptor is invalid. @ :0
[     818ms] [WARNING] Dropped srcset candidate "https://sfycdn.speedsize.com/fbaf6506-81e1-43a2-bcc1-80e18c7b0146/representclo.com/cdn/shop/files/5AMOytryszKzE3lMwhSdYoDV2vLnufGTms2Mt1RoL-8.jpg?v=1772035124&width=187" @ :0
[     818ms] [WARNING] Failed parsing 'srcset' attribute value since its 'w' descriptor is invalid. @ :0
[     818ms] [WARNING] Dropped srcset candidate "https://sfycdn.speedsize.com/fbaf6506-81e1-43a2-bcc1-80e18c7b0146/representclo.com/cdn/shop/files/5AMOytryszKzE3lMwhSdYoDV2vLnufGTms2Mt1RoL-8.jpg?v=1772035124&width=212" @ :0
[     819ms] [WARNING] Failed parsing 'srcset' attribute value since its 'w' descriptor is invalid. @ :0
[     819ms] [WARNING] Dropped srcset candidate "https://sfycdn.speedsize.com/fbaf6506-81e1-43a2-bcc1-80e18c7b0146/representclo.com/cdn/shop/files/MobileNav_Mens_NA.jpg?v=1765291865&width=187" @ :0
[     819ms] [WARNING] Failed parsing 'srcset' attribute value since its 'w' descriptor is invalid. @ :0
[     819ms] [WARNING] Dropped srcset candidate "https://sfycdn.speedsize.com/fbaf6506-81e1-43a2-bcc1-80e18c7b0146/representclo.com/cdn/shop/files/MobileNav_Mens_NA.jpg?v=1765291865&width=212" @ :0
[     819ms] [WARNING] Failed parsing 'srcset' attribute value since its 'w' descriptor is invalid. @ :0
[     819ms] [WARNING] Dropped srcset candidate "https://sfycdn.speedsize.com/fbaf6506-81e1-43a2-bcc1-80e18c7b0146/representclo.com/cdn/shop/files/MobileNav_Mens_NA.jpg?v=1765291865&width=187" @ :0
[     819ms] [WARNING] Failed parsing 'srcset' attribute value since its 'w' descriptor is invalid. @ :0
[     819ms] [WARNING] Dropped srcset candidate "https://sfycdn.speedsize.com/fbaf6506-81e1-43a2-bcc1-80e18c7b0146/representclo.com/cdn/shop/files/MobileNav_Mens_NA.jpg?v=1765291865&width=212" @ :0
[     819ms] [WARNING] Failed parsing 'srcset' attribute value since its 'w' descriptor is invalid. @ :0
[     819ms] [WARNING] Dropped srcset candidate "https://sfycdn.speedsize.com/fbaf6506-81e1-43a2-bcc1-80e18c7b0146/representclo.com/cdn/shop/files/MobileNav_Mens_NA.jpg?v=1765291865&width=187" @ :0
[     819ms] [WARNING] Failed parsing 'srcset' attribute value since its 'w' descriptor is invalid. @ :0
[     819ms] [WARNING] Dropped srcset candidate "https://sfycdn.speedsize.com/fbaf6506-81e1-43a2-bcc1-80e18c7b0146/representclo.com/cdn/shop/files/MobileNav_Mens_NA.jpg?v=1765291865&width=212" @ :0
[     819ms] [WARNING] Failed parsing 'srcset' attribute value since its 'w' descriptor is invalid. @ :0
[     819ms] [WARNING] Dropped srcset candidate "https://sfycdn.speedsize.com/fbaf6506-81e1-43a2-bcc1-80e18c7b0146/representclo.com/cdn/shop/files/IVbebkntfStrZ0UT50Zk0XMKu1YI3wMUVdtE5pTN8mY.jpg?v=1765291790&width=187" @ :0
[     819ms] [WARNING] Failed parsing 'srcset' attribute value since its 'w' descriptor is invalid. @ :0
[     819ms] [WARNING] Dropped srcset candidate "https://sfycdn.speedsize.com/fbaf6506-81e1-43a2-bcc1-80e18c7b0146/representclo.com/cdn/shop/files/IVbebkntfStrZ0UT50Zk0XMKu1YI3wMUVdtE5pTN8mY.jpg?v=1765291790&width=212" @ :0
[     819ms] [WARNING] Failed parsing 'srcset' attribute value since its 'w' descriptor is invalid. @ :0
[     819ms] [WARNING] Dropped srcset candidate "https://sfycdn.speedsize.com/fbaf6506-81e1-43a2-bcc1-80e18c7b0146/representclo.com/cdn/shop/files/IVbebkntfStrZ0UT50Zk0XMKu1YI3wMUVdtE5pTN8mY.jpg?v=1765291790&width=187" @ :0
[     819ms] [WARNING] Failed parsing 'srcset' attribute value since its 'w' descriptor is invalid. @ :0
[     819ms] [WARNING] Dropped srcset candidate "https://sfycdn.speedsize.com/fbaf6506-81e1-43a2-bcc1-80e18c7b0146/representclo.com/cdn/shop/files/IVbebkntfStrZ0UT50Zk0XMKu1YI3wMUVdtE5pTN8mY.jpg?v=1765291790&width=212" @ :0
[     819ms] [WARNING] Failed parsing 'srcset' attribute value since its 'w' descriptor is invalid. @ :0
[     819ms] [WARNING] Dropped srcset candidate "https://sfycdn.speedsize.com/fbaf6506-81e1-43a2-bcc1-80e18c7b0146/representclo.com/cdn/shop/files/IVbebkntfStrZ0UT50Zk0XMKu1YI3wMUVdtE5pTN8mY.jpg?v=1765291790&width=187" @ :0
[     819ms] [WARNING] Failed parsing 'srcset' attribute value since its 'w' descriptor is invalid. @ :0
[     819ms] [WARNING] Dropped srcset candidate "https://sfycdn.speedsize.com/fbaf6506-81e1-43a2-bcc1-80e18c7b0146/representclo.com/cdn/shop/files/IVbebkntfStrZ0UT50Zk0XMKu1YI3wMUVdtE5pTN8mY.jpg?v=1765291790&width=212" @ :0
[     819ms] [WARNING] Failed parsing 'srcset' attribute value since its 'w' descriptor is invalid. @ :0
[     819ms] [WARNING] Dropped srcset candidate "https://sfycdn.speedsize.com/fbaf6506-81e1-43a2-bcc1-80e18c7b0146/representclo.com/cdn/shop/files/H3WAg_HUxUX_XyPuFLkSf9M1Vm-4kdNllqeNatUwwRw.jpg?v=1765291884&width=187" @ :0
[     819ms] [WARNING] Failed parsing 'srcset' attribute value since its 'w' descriptor is invalid. @ :0
[     819ms] [WARNING] Dropped srcset candidate "https://sfycdn.speedsize.com/fbaf6506-81e1-43a2-bcc1-80e18c7b0146/representclo.com/cdn/shop/files/H3WAg_HUxUX_XyPuFLkSf9M1Vm-4kdNllqeNatUwwRw.jpg?v=1765291884&width=212" @ :0
[     819ms] [WARNING] Failed parsing 'srcset' attribute value since its 'w' descriptor is invalid. @ :0
[     819ms] [WARNING] Dropped srcset candidate "https://sfycdn.speedsize.com/fbaf6506-81e1-43a2-bcc1-80e18c7b0146/representclo.com/cdn/shop/files/H3WAg_HUxUX_XyPuFLkSf9M1Vm-4kdNllqeNatUwwRw.jpg?v=1765291884&width=187" @ :0
[     819ms] [WARNING] Failed parsing 'srcset' attribute value since its 'w' descriptor is invalid. @ :0
[     819ms] [WARNING] Dropped srcset candidate "https://sfycdn.speedsize.com/fbaf6506-81e1-43a2-bcc1-80e18c7b0146/representclo.com/cdn/shop/files/H3WAg_HUxUX_XyPuFLkSf9M1Vm-4kdNllqeNatUwwRw.jpg?v=1765291884&width=212" @ :0
[     819ms] [WARNING] Failed parsing 'srcset' attribute value since its 'w' descriptor is invalid. @ :0
[     819ms] [WARNING] Dropped srcset candidate "https://sfycdn.speedsize.com/fbaf6506-81e1-43a2-bcc1-80e18c7b0146/representclo.com/cdn/shop/files/H3WAg_HUxUX_XyPuFLkSf9M1Vm-4kdNllqeNatUwwRw.jpg?v=1765291884&width=187" @ :0
[     819ms] [WARNING] Failed parsing 'srcset' attribute value since its 'w' descriptor is invalid. @ :0
[     819ms] [WARNING] Dropped srcset candidate "https://sfycdn.speedsize.com/fbaf6506-81e1-43a2-bcc1-80e18c7b0146/representclo.com/cdn/shop/files/H3WAg_HUxUX_XyPuFLkSf9M1Vm-4kdNllqeNatUwwRw.jpg?v=1765291884&width=212" @ :0
[    1204ms] [WARNING] Invalid HEX color format. Defaulting to black text. @ https://cdn.shopify.com/extensions/019c95a9-f506-7a26-a780-23c2d3909462/gdpr-275/assets/pandectes-core.js:1
[    1888ms] [ERROR] Attestation check for Attribution Reporting on https://www.facebook.com failed. @ https://representclo.com/:0
[    2973ms] [ERROR] Failed to load resource: the server responded with a status of 403 () @ https://cs.gssprt.jp/yie/ld/cs?dspid=rtbhouse&uid=xiIKaF88wMKgzRof_J2MLEF7kDzbJYc31Jg83K41v9g:0
[    3155ms] [WARNING] Canvas2D: Multiple readback operations using getImageData are faster with the willReadFrequently attribute set to true. See: https://html.spec.whatwg.org/multipage/canvas.html#concept-canvas-will-read-frequently @ https://static.kyc.red/lite.js?sessionId=2a01cb1c4c9aa007cd6593e3ce0ab1arepresentclousmyshopifycom&ping=false&profile=true&pageURL=https%253A%252F%252Frepresentclo.com%252F:36
[    3882ms] [WARNING] Manifest: property 'start_url' ignored, URL is invalid. @ blob:https://representclo.com/af33ea8b-e4d7-4c70-b705-446522a4f766:0
[    3883ms] [WARNING] Manifest: property 'scope' ignored, URL is invalid. @ blob:https://representclo.com/af33ea8b-e4d7-4c70-b705-446522a4f766:0
[    6414ms] [ERROR] Attestation check for Attribution Reporting on https://www.facebook.com failed. @ https://representclo.com/:0
[   11405ms] [WARNING] The resource https://representclo.com/cdn/shop/t/260/assets/member_r_icon_first_frame_74x.png?v=177473639161998098311771933567 was preloaded using link preload but not used within a few seconds from the window's load event. Please make sure it has an appropriate `as` value and it is preloaded intentionally. @ https://representclo.com/:0
[   13365ms] [WARNING] [Meta Pixel] - Removed parameters from custom data due to potential violations. Go to Events Manager to learn more. @ https://connect.facebook.net/en_US/fbevents.js:171
[   13427ms] [ERROR] Attestation check for Attribution Reporting on https://www.facebook.com failed. @ https://representclo.com/:0
[   16428ms] [WARNING] The resource https://representclo.com/cdn/shop/t/260/assets/member_r_icon_first_frame_74x.png?v=177473639161998098311771933567 was preloaded using link preload but not used within a few seconds from the window's load event. Please make sure it has an appropriate `as` value and it is preloaded intentionally. @ https://representclo.com/:0
[   23911ms] [WARNING] Failed parsing 'srcset' attribute value since its 'w' descriptor is invalid. @ :0
[   23912ms] [WARNING] Dropped srcset candidate "https://sfycdn.speedsize.com/fbaf6506-81e1-43a2-bcc1-80e18c7b0146/eu.representclo.com/cdn/shop/files/Prestigev2-navimage.jpg?v=1772034023&width=187" @ :0
[   23912ms] [WARNING] Failed parsing 'srcset' attribute value since its 'w' descriptor is invalid. @ :0
[   23912ms] [WARNING] Dropped srcset candidate "https://sfycdn.speedsize.com/fbaf6506-81e1-43a2-bcc1-80e18c7b0146/eu.representclo.com/cdn/shop/files/Prestigev2-navimage.jpg?v=1772034023&width=212" @ :0
[   23912ms] [WARNING] Failed parsing 'srcset' attribute value since its 'w' descriptor is invalid. @ :0
[   23912ms] [WARNING] Dropped srcset candidate "https://sfycdn.speedsize.com/fbaf6506-81e1-43a2-bcc1-80e18c7b0146/eu.representclo.com/cdn/shop/files/Prestigev2-navimage.jpg?v=1772034023&width=187" @ :0
[   23912ms] [WARNING] Failed parsing 'srcset' attribute value since its 'w' descriptor is invalid. @ :0
[   23912ms] [WARNING] Dropped srcset candidate "https://sfycdn.speedsize.com/fbaf6506-81e1-43a2-bcc1-80e18c7b0146/eu.representclo.com/cdn/shop/files/Prestigev2-navimage.jpg?v=1772034023&width=212" @ :0
[   23912ms] [WARNING] Failed parsing 'srcset' attribute value since its 'w' descriptor is invalid. @ :0
[   23912ms] [WARNING] Dropped srcset candidate "https://sfycdn.speedsize.com/fbaf6506-81e1-43a2-bcc1-80e18c7b0146/eu.representclo.com/cdn/shop/files/Prestigev2-navimage.jpg?v=1772034023&width=187" @ :0
[   23912ms] [WARNING] Failed parsing 'srcset' attribute value since its 'w' descriptor is invalid. @ :0
[   23912ms] [WARNING] Dropped srcset candidate "https://sfycdn.speedsize.com/fbaf6506-81e1-43a2-bcc1-80e18c7b0146/eu.representclo.com/cdn/shop/files/Prestigev2-navimage.jpg?v=1772034023&width=212" @ :0
[   23912ms] [WARNING] Failed parsing 'srcset' attribute value since its 'w' descriptor is invalid. @ :0
[   23912ms] [WARNING] Dropped srcset candidate "https://sfycdn.speedsize.com/fbaf6506-81e1-43a2-bcc1-80e18c7b0146/eu.representclo.com/cdn/shop/files/d8RVWbXjwetgw7XKqax4gDdb-jhO6xK21fOLWlz6I4E.jpg?v=1772034928&width=187" @ :0
[   23912ms] [WARNING] Failed parsing 'srcset' attribute value since its 'w' descriptor is invalid. @ :0
[   23912ms] [WARNING] Dropped srcset candidate "https://sfycdn.speedsize.com/fbaf6506-81e1-43a2-bcc1-80e18c7b0146/eu.representclo.com/cdn/shop/files/d8RVWbXjwetgw7XKqax4gDdb-jhO6xK21fOLWlz6I4E.jpg?v=1772034928&width=212" @ :0
[   23912ms] [WARNING] Failed parsing 'srcset' attribute value since its 'w' descriptor is invalid. @ :0
[   23912ms] [WARNING] Dropped srcset candidate "https://sfycdn.speedsize.com/fbaf6506-81e1-43a2-bcc1-80e18c7b0146/eu.representclo.com/cdn/shop/files/d8RVWbXjwetgw7XKqax4gDdb-jhO6xK21fOLWlz6I4E.jpg?v=1772034928&width=187" @ :0
[   23912ms] [WARNING] Failed parsing 'srcset' attribute value since its 'w' descriptor is invalid. @ :0
[   23912ms] [WARNING] Dropped srcset candidate "https://sfycdn.speedsize.com/fbaf6506-81e1-43a2-bcc1-80e18c7b0146/eu.representclo.com/cdn/shop/files/d8RVWbXjwetgw7XKqax4gDdb-jhO6xK21fOLWlz6I4E.jpg?v=1772034928&width=212" @ :0
[   23912ms] [WARNING] Failed parsing 'srcset' attribute value since its 'w' descriptor is invalid. @ :0
[   23912ms] [WARNING] Dropped srcset candidate "https://sfycdn.speedsize.com/fbaf6506-81e1-43a2-bcc1-80e18c7b0146/eu.representclo.com/cdn/shop/files/d8RVWbXjwetgw7XKqax4gDdb-jhO6xK21fOLWlz6I4E.jpg?v=1772034928&width=187" @ :0
[   23912ms] [WARNING] Failed parsing 'srcset' attribute value since its 'w' descriptor is invalid. @ :0
[   23912ms] [WARNING] Dropped srcset candidate "https://sfycdn.speedsize.com/fbaf6506-81e1-43a2-bcc1-80e18c7b0146/eu.representclo.com/cdn/shop/files/d8RVWbXjwetgw7XKqax4gDdb-jhO6xK21fOLWlz6I4E.jpg?v=1772034928&width=212" @ :0
[   23912ms] [WARNING] Failed parsing 'srcset' attribute value since its 'w' descriptor is invalid. @ :0
[   23912ms] [WARNING] Dropped srcset candidate "https://sfycdn.speedsize.com/fbaf6506-81e1-43a2-bcc1-80e18c7b0146/eu.representclo.com/cdn/shop/files/oIRBLEKxzPZ6Ep7TTRNZGrXEQ1NderHa6Zi8qkXlk7c.jpg?v=1772034910&width=187" @ :0
[   23912ms] [WARNING] Failed parsing 'srcset' attribute value since its 'w' descriptor is invalid. @ :0
[   23912ms] [WARNING] Dropped srcset candidate "https://sfycdn.speedsize.com/fbaf6506-81e1-43a2-bcc1-80e18c7b0146/eu.representclo.com/cdn/shop/files/oIRBLEKxzPZ6Ep7TTRNZGrXEQ1NderHa6Zi8qkXlk7c.jpg?v=1772034910&width=212" @ :0
[   23912ms] [WARNING] Failed parsing 'srcset' attribute value since its 'w' descriptor is invalid. @ :0
[   23912ms] [WARNING] Dropped srcset candidate "https://sfycdn.speedsize.com/fbaf6506-81e1-43a2-bcc1-80e18c7b0146/eu.representclo.com/cdn/shop/files/oIRBLEKxzPZ6Ep7TTRNZGrXEQ1NderHa6Zi8qkXlk7c.jpg?v=1772034910&width=187" @ :0
[   23912ms] [WARNING] Failed parsing 'srcset' attribute value since its 'w' descriptor is invalid. @ :0
[   23912ms] [WARNING] Dropped srcset candidate "https://sfycdn.speedsize.com/fbaf6506-81e1-43a2-bcc1-80e18c7b0146/eu.representclo.com/cdn/shop/files/oIRBLEKxzPZ6Ep7TTRNZGrXEQ1NderHa6Zi8qkXlk7c.jpg?v=1772034910&width=212" @ :0
[   23912ms] [WARNING] Failed parsing 'srcset' attribute value since its 'w' descriptor is invalid. @ :0
[   23912ms] [WARNING] Dropped srcset candidate "https://sfycdn.speedsize.com/fbaf6506-81e1-43a2-bcc1-80e18c7b0146/eu.representclo.com/cdn/shop/files/oIRBLEKxzPZ6Ep7TTRNZGrXEQ1NderHa6Zi8qkXlk7c.jpg?v=1772034910&width=187" @ :0
[   23912ms] [WARNING] Failed parsing 'srcset' attribute value since its 'w' descriptor is invalid. @ :0
[   23912ms] [WARNING] Dropped srcset candidate "https://sfycdn.speedsize.com/fbaf6506-81e1-43a2-bcc1-80e18c7b0146/eu.representclo.com/cdn/shop/files/oIRBLEKxzPZ6Ep7TTRNZGrXEQ1NderHa6Zi8qkXlk7c.jpg?v=1772034910&width=212" @ :0
[   23912ms] [WARNING] Failed parsing 'srcset' attribute value since its 'w' descriptor is invalid. @ :0
[   23912ms] [WARNING] Dropped srcset candidate "https://sfycdn.speedsize.com/fbaf6506-81e1-43a2-bcc1-80e18c7b0146/eu.representclo.com/cdn/shop/files/5AMOytryszKzE3lMwhSdYoDV2vLnufGTms2Mt1RoL-8.jpg?v=1772035125&width=187" @ :0
[   23912ms] [WARNING] Failed parsing 'srcset' attribute value since its 'w' descriptor is invalid. @ :0
[   23912ms] [WARNING] Dropped srcset candidate "https://sfycdn.speedsize.com/fbaf6506-81e1-43a2-bcc1-80e18c7b0146/eu.representclo.com/cdn/shop/files/5AMOytryszKzE3lMwhSdYoDV2vLnufGTms2Mt1RoL-8.jpg?v=1772035125&width=212" @ :0
[   23912ms] [WARNING] Failed parsing 'srcset' attribute value since its 'w' descriptor is invalid. @ :0
[   23912ms] [WARNING] Dropped srcset candidate "https://sfycdn.speedsize.com/fbaf6506-81e1-43a2-bcc1-80e18c7b0146/eu.representclo.com/cdn/shop/files/5AMOytryszKzE3lMwhSdYoDV2vLnufGTms2Mt1RoL-8.jpg?v=1772035125&width=187" @ :0
[   23912ms] [WARNING] Failed parsing 'srcset' attribute value since its 'w' descriptor is invalid. @ :0
[   23912ms] [WARNING] Dropped srcset candidate "https://sfycdn.speedsize.com/fbaf6506-81e1-43a2-bcc1-80e18c7b0146/eu.representclo.com/cdn/shop/files/5AMOytryszKzE3lMwhSdYoDV2vLnufGTms2Mt1RoL-8.jpg?v=1772035125&width=212" @ :0
[   23912ms] [WARNING] Failed parsing 'srcset' attribute value since its 'w' descriptor is invalid. @ :0
[   23912ms] [WARNING] Dropped srcset candidate "https://sfycdn.speedsize.com/fbaf6506-81e1-43a2-bcc1-80e18c7b0146/eu.representclo.com/cdn/shop/files/5AMOytryszKzE3lMwhSdYoDV2vLnufGTms2Mt1RoL-8.jpg?v=1772035125&width=187" @ :0
[   23912ms] [WARNING] Failed parsing 'srcset' attribute value since its 'w' descriptor is invalid. @ :0
[   23912ms] [WARNING] Dropped srcset candidate "https://sfycdn.speedsize.com/fbaf6506-81e1-43a2-bcc1-80e18c7b0146/eu.representclo.com/cdn/shop/files/5AMOytryszKzE3lMwhSdYoDV2vLnufGTms2Mt1RoL-8.jpg?v=1772035125&width=212" @ :0
[   23912ms] [WARNING] Failed parsing 'srcset' attribute value since its 'w' descriptor is invalid. @ :0
[   23912ms] [WARNING] Dropped srcset candidate "https://sfycdn.speedsize.com/fbaf6506-81e1-43a2-bcc1-80e18c7b0146/eu.representclo.com/cdn/shop/files/MobileNav_Mens_NA.jpg?v=1765291345&width=187" @ :0
[   23912ms] [WARNING] Failed parsing 'srcset' attribute value since its 'w' descriptor is invalid. @ :0
[   23912ms] [WARNING] Dropped srcset candidate "https://sfycdn.speedsize.com/fbaf6506-81e1-43a2-bcc1-80e18c7b0146/eu.representclo.com/cdn/shop/files/MobileNav_Mens_NA.jpg?v=1765291345&width=212" @ :0
[   23912ms] [WARNING] Failed parsing 'srcset' attribute value since its 'w' descriptor is invalid. @ :0
[   23912ms] [WARNING] Dropped srcset candidate "https://sfycdn.speedsize.com/fbaf6506-81e1-43a2-bcc1-80e18c7b0146/eu.representclo.com/cdn/shop/files/MobileNav_Mens_NA.jpg?v=1765291345&width=187" @ :0
[   23912ms] [WARNING] Failed parsing 'srcset' attribute value since its 'w' descriptor is invalid. @ :0
[   23912ms] [WARNING] Dropped srcset candidate "https://sfycdn.speedsize.com/fbaf6506-81e1-43a2-bcc1-80e18c7b0146/eu.representclo.com/cdn/shop/files/MobileNav_Mens_NA.jpg?v=1765291345&width=212" @ :0
[   23912ms] [WARNING] Failed parsing 'srcset' attribute value since its 'w' descriptor is invalid. @ :0
[   23912ms] [WARNING] Dropped srcset candidate "https://sfycdn.speedsize.com/fbaf6506-81e1-43a2-bcc1-80e18c7b0146/eu.representclo.com/cdn/shop/files/MobileNav_Mens_NA.jpg?v=1765291345&width=187" @ :0
[   23912ms] [WARNING] Failed parsing 'srcset' attribute value since its 'w' descriptor is invalid. @ :0
[   23912ms] [WARNING] Dropped srcset candidate "https://sfycdn.speedsize.com/fbaf6506-81e1-43a2-bcc1-80e18c7b0146/eu.representclo.com/cdn/shop/files/MobileNav_Mens_NA.jpg?v=1765291345&width=212" @ :0
[   23912ms] [WARNING] Failed parsing 'srcset' attribute value since its 'w' descriptor is invalid. @ :0
[   23912ms] [WARNING] Dropped srcset candidate "https://sfycdn.speedsize.com/fbaf6506-81e1-43a2-bcc1-80e18c7b0146/eu.representclo.com/cdn/shop/files/MobileNav_247_FW.jpg?v=1765291346&width=187" @ :0
[   23912ms] [WARNING] Failed parsing 'srcset' attribute value since its 'w' descriptor is invalid. @ :0
[   23912ms] [WARNING] Dropped srcset candidate "https://sfycdn.speedsize.com/fbaf6506-81e1-43a2-bcc1-80e18c7b0146/eu.representclo.com/cdn/shop/files/MobileNav_247_FW.jpg?v=1765291346&width=212" @ :0
[   23912ms] [WARNING] Failed parsing 'srcset' attribute value since its 'w' descriptor is invalid. @ :0
[   23913ms] [WARNING] Dropped srcset candidate "https://sfycdn.speedsize.com/fbaf6506-81e1-43a2-bcc1-80e18c7b0146/eu.representclo.com/cdn/shop/files/MobileNav_247_FW.jpg?v=1765291346&width=187" @ :0
[   23913ms] [WARNING] Failed parsing 'srcset' attribute value since its 'w' descriptor is invalid. @ :0
[   23913ms] [WARNING] Dropped srcset candidate "https://sfycdn.speedsize.com/fbaf6506-81e1-43a2-bcc1-80e18c7b0146/eu.representclo.com/cdn/shop/files/MobileNav_247_FW.jpg?v=1765291346&width=212" @ :0
[   23913ms] [WARNING] Failed parsing 'srcset' attribute value since its 'w' descriptor is invalid. @ :0
[   23913ms] [WARNING] Dropped srcset candidate "https://sfycdn.speedsize.com/fbaf6506-81e1-43a2-bcc1-80e18c7b0146/eu.representclo.com/cdn/shop/files/MobileNav_247_FW.jpg?v=1765291346&width=187" @ :0
[   23913ms] [WARNING] Failed parsing 'srcset' attribute value since its 'w' descriptor is invalid. @ :0
[   23913ms] [WARNING] Dropped srcset candidate "https://sfycdn.speedsize.com/fbaf6506-81e1-43a2-bcc1-80e18c7b0146/eu.representclo.com/cdn/shop/files/MobileNav_247_FW.jpg?v=1765291346&width=212" @ :0
[   23913ms] [WARNING] Failed parsing 'srcset' attribute value since its 'w' descriptor is invalid. @ :0
[   23913ms] [WARNING] Dropped srcset candidate "https://sfycdn.speedsize.com/fbaf6506-81e1-43a2-bcc1-80e18c7b0146/eu.representclo.com/cdn/shop/files/MobileNav_Mens_Footwear.jpg?v=1765291347&width=187" @ :0
[   23913ms] [WARNING] Failed parsing 'srcset' attribute value since its 'w' descriptor is invalid. @ :0
[   23913ms] [WARNING] Dropped srcset candidate "https://sfycdn.speedsize.com/fbaf6506-81e1-43a2-bcc1-80e18c7b0146/eu.representclo.com/cdn/shop/files/MobileNav_Mens_Footwear.jpg?v=1765291347&width=212" @ :0
[   23913ms] [WARNING] Failed parsing 'srcset' attribute value since its 'w' descriptor is invalid. @ :0
[   23913ms] [WARNING] Dropped srcset candidate "https://sfycdn.speedsize.com/fbaf6506-81e1-43a2-bcc1-80e18c7b0146/eu.representclo.com/cdn/shop/files/MobileNav_Mens_Footwear.jpg?v=1765291347&width=187" @ :0
[   23913ms] [WARNING] Failed parsing 'srcset' attribute value since its 'w' descriptor is invalid. @ :0
[   23913ms] [WARNING] Dropped srcset candidate "https://sfycdn.speedsize.com/fbaf6506-81e1-43a2-bcc1-80e18c7b0146/eu.representclo.com/cdn/shop/files/MobileNav_Mens_Footwear.jpg?v=1765291347&width=212" @ :0
[   23913ms] [WARNING] Failed parsing 'srcset' attribute value since its 'w' descriptor is invalid. @ :0
[   23913ms] [WARNING] Dropped srcset candidate "https://sfycdn.speedsize.com/fbaf6506-81e1-43a2-bcc1-80e18c7b0146/eu.representclo.com/cdn/shop/files/MobileNav_Mens_Footwear.jpg?v=1765291347&width=187" @ :0
[   23913ms] [WARNING] Failed parsing 'srcset' attribute value since its 'w' descriptor is invalid. @ :0
[   23913ms] [WARNING] Dropped srcset candidate "https://sfycdn.speedsize.com/fbaf6506-81e1-43a2-bcc1-80e18c7b0146/eu.representclo.com/cdn/shop/files/MobileNav_Mens_Footwear.jpg?v=1765291347&width=212" @ :0
[   24233ms] [ERROR] Failed to load resource: net::ERR_NAME_NOT_RESOLVED @ https://amhdz.representclo.com/representclo/load:0
[   24400ms] The play() request was interrupted by a call to pause(). https://goo.gl/LdLk22
[   24497ms] [WARNING] Invalid HEX color format. Defaulting to black text. @ https://cdn.shopify.com/extensions/019c95a9-f506-7a26-a780-23c2d3909462/gdpr-275/assets/pandectes-core.js:1
[   24722ms] [ERROR] Access to fetch at 'https://tags.srv.stackadapt.com/sa.jpeg' from origin 'https://eu.representclo.com' has been blocked by CORS policy: The 'Access-Control-Allow-Origin' header has a value 'https://representclo.com' that is not equal to the supplied origin. Have the server send the header with a valid value. @ https://eu.representclo.com/fr:0
[   24722ms] [ERROR] Failed to load resource: net::ERR_FAILED @ https://tags.srv.stackadapt.com/sa.jpeg:0
[   24773ms] [WARNING] Product with id: 15755692605821 is not published to the storefront app @ https://eu.representclo.com/cdn/shop/t/251/assets/tagalys-api-connector-2.1.4.min.js?v=74143671224114473571771933565:0
[   24773ms] [WARNING] Product with id: 15755692769661 is not published to the storefront app @ https://eu.representclo.com/cdn/shop/t/251/assets/tagalys-api-connector-2.1.4.min.js?v=74143671224114473571771933565:0
[   24778ms] [ERROR] Failed to load resource: the server responded with a status of 404 () @ https://tags.creativecdn.com/undefined.js:0
[   25535ms] [WARNING] Canvas2D: Multiple readback operations using getImageData are faster with the willReadFrequently attribute set to true. See: https://html.spec.whatwg.org/multipage/canvas.html#concept-canvas-will-read-frequently @ https://static.kyc.red/lite.js?sessionId=2a01cb1c4c9aa007cd6593e3ce0ab1arepresentclousmyshopifycom&ping=false&profile=true&pageURL=https%253A%252F%252Feu.representclo.com%252Ffr:36
[   26321ms] [ERROR] Failed to load resource: the server responded with a status of 400 () @ https://swymstore-v3premium-01.swymrelay.com/api/v3/provider/checkAndGet?pid=hm82isRPiMHl46Y8QC%2Fzd76JQt36zDfSSyDkk%2BcKuCk%3D&country=FR&locale=fr&currency=EUR:0
[   26325ms] [WARNING] Swym Server API Error for bad regid, auto cleaning - 400 @ https://swymv3premium-01.azureedge.net/code/swym-shopify.js?shop=representclo-eu.myshopify.com:246
[   27275ms] [WARNING] Manifest: property 'start_url' ignored, URL is invalid. @ blob:https://eu.representclo.com/3101ec51-075f-4b9e-b841-4bdd1628425d:0
[   27275ms] [WARNING] Manifest: property 'scope' ignored, URL is invalid. @ blob:https://eu.representclo.com/3101ec51-075f-4b9e-b841-4bdd1628425d:0
[   29667ms] [ERROR] Attestation check for Attribution Reporting on https://www.facebook.com failed. @ https://eu.representclo.com/fr:0
[   36604ms] [WARNING] [Meta Pixel] - Removed parameters from custom data due to potential violations. Go to Events Manager to learn more. @ https://connect.facebook.net/en_US/fbevents.js:171
[   36662ms] [ERROR] Attestation check for Attribution Reporting on https://www.facebook.com failed. @ https://eu.representclo.com/fr:0
[   39663ms] [WARNING] The resource https://eu.representclo.com/cdn/shop/t/251/assets/member_r_icon_first_frame_74x.png?v=177473639161998098311771933559 was preloaded using link preload but not used within a few seconds from the window's load event. Please make sure it has an appropriate `as` value and it is preloaded intentionally. @ https://eu.representclo.com/fr:0
[   47928ms] [WARNING] The resource https://eu.representclo.com/cdn/shop/t/251/assets/member_r_icon_first_frame_74x.png?v=177473639161998098311771933559 was preloaded using link preload but not used within a few seconds from the window's load event. Please make sure it has an appropriate `as` value and it is preloaded intentionally. @ https://eu.representclo.com/fr:0
[   54668ms] [ERROR] Attestation check for Attribution Reporting on https://www.facebook.com failed. @ https://eu.representclo.com/fr:0
[   57670ms] [WARNING] The resource https://eu.representclo.com/cdn/shop/t/251/assets/member_r_icon_first_frame_74x.png?v=177473639161998098311771933559 was preloaded using link preload but not used within a few seconds from the window's load event. Please make sure it has an appropriate `as` value and it is preloaded intentionally. @ https://eu.representclo.com/fr:0
[   67644ms] [WARNING] The resource https://eu.representclo.com/cdn/shop/t/251/assets/member_r_icon_first_frame_74x.png?v=177473639161998098311771933559 was preloaded using link preload but not used within a few seconds from the window's load event. Please make sure it has an appropriate `as` value and it is preloaded intentionally. @ https://eu.representclo.com/fr:0
