[     165ms] [INFO] %cDownload the React DevTools for a better development experience: https://react.dev/link/react-devtools font-weight:bold @ http://localhost:3000/_next/static/chunks/b2b3e_next_dist_77a734fe._.js:2297
[     181ms] [LOG] [HMR] connected @ http://localhost:3000/_next/static/chunks/b2b3e_next_dist_77a734fe._.js:2297
[     267ms] [WARNING] Image with src "https://images.unsplash.com/photo-1523398002811-999ca8dec234?w=1600&q=80" has "fill" prop and "sizes" prop of "100vw", but image is not rendered at full viewport width. Please adjust "sizes" to improve page performance. Read more: https://nextjs.org/docs/api-reference/next/image#sizes @ http://localhost:3000/_next/static/chunks/b2b3e_next_dist_77a734fe._.js:2297
[     300ms] [ERROR] Failed to load resource: the server responded with a status of 404 (Not Found) @ http://localhost:9000/store/carts/cart_01KJFQDDPFT5MP4DVC9BM8BC3Z:0
[     302ms] [WARNING] Image with src "/images/hero/hero-desk-1.webp" is using quality "80" which is not configured in images.qualities [75]. Please update your config to [75, 80].
Read more: https://nextjs.org/docs/messages/next-image-unconfigured-qualities @ http://localhost:3000/_next/static/chunks/b2b3e_next_dist_77a734fe._.js:2297
[     303ms] [WARNING] Image with src "/images/hero/hero-mobile-2.webp" is using quality "80" which is not configured in images.qualities [75]. Please update your config to [75, 80].
Read more: https://nextjs.org/docs/messages/next-image-unconfigured-qualities @ http://localhost:3000/_next/static/chunks/b2b3e_next_dist_77a734fe._.js:2297
[     304ms] [WARNING] Image with src "/images/hero/hero-desk-2.webp" is using quality "80" which is not configured in images.qualities [75]. Please update your config to [75, 80].
Read more: https://nextjs.org/docs/messages/next-image-unconfigured-qualities @ http://localhost:3000/_next/static/chunks/b2b3e_next_dist_77a734fe._.js:2297
[     304ms] [WARNING] Image with src "/images/hero/hero-mobile-1.webp" is using quality "80" which is not configured in images.qualities [75]. Please update your config to [75, 80].
Read more: https://nextjs.org/docs/messages/next-image-unconfigured-qualities @ http://localhost:3000/_next/static/chunks/b2b3e_next_dist_77a734fe._.js:2297
[     396ms] [LOG] [Fast Refresh] rebuilding @ http://localhost:3000/_next/static/chunks/b2b3e_next_dist_77a734fe._.js:2297
[     549ms] [WARNING] Image with src "/images/hero/hero-mobile-2.webp" has "fill" prop and "sizes" prop of "100vw", but image is not rendered at full viewport width. Please adjust "sizes" to improve page performance. Read more: https://nextjs.org/docs/api-reference/next/image#sizes @ http://localhost:3000/_next/static/chunks/b2b3e_next_dist_77a734fe._.js:2297
[     670ms] [LOG] [Fast Refresh] done in 381ms @ http://localhost:3000/_next/static/chunks/b2b3e_next_dist_77a734fe._.js:2297
[    1333ms] [ERROR] Failed to load resource: the server responded with a status of 404 (Not Found) @ http://localhost:9000/store/carts/cart_01KJFQDDPFT5MP4DVC9BM8BC3Z:0
[   10114ms] [WARNING] Image with src "https://images.unsplash.com/photo-1523398002811-999ca8dec234?w=1600&q=80" was detected as the Largest Contentful Paint (LCP). Please add the `loading="eager"` property if this image is above the fold.
Read more: https://nextjs.org/docs/app/api-reference/components/image#loading @ http://localhost:3000/_next/static/chunks/b2b3e_next_dist_77a734fe._.js:2297
[  183122ms] [LOG] [Fast Refresh] rebuilding @ http://localhost:3000/_next/static/chunks/b2b3e_next_dist_77a734fe._.js:2297
[  183142ms] [LOG] [Fast Refresh] done in 121ms @ http://localhost:3000/_next/static/chunks/b2b3e_next_dist_77a734fe._.js:2297
[  856713ms] [LOG] [Fast Refresh] rebuilding @ http://localhost:3000/_next/static/chunks/b2b3e_next_dist_77a734fe._.js:2297
[  856734ms] [LOG] [Fast Refresh] done in 123ms @ http://localhost:3000/_next/static/chunks/b2b3e_next_dist_77a734fe._.js:2297
[ 1865528ms] [LOG] [Fast Refresh] rebuilding @ http://localhost:3000/_next/static/chunks/b2b3e_next_dist_77a734fe._.js:2297
[ 1865571ms] [LOG] [Fast Refresh] done in 46ms @ http://localhost:3000/_next/static/chunks/b2b3e_next_dist_77a734fe._.js:2297
[ 1878245ms] [LOG] [Fast Refresh] rebuilding @ http://localhost:3000/_next/static/chunks/b2b3e_next_dist_77a734fe._.js:2297
[ 1878273ms] [LOG] [Fast Refresh] done in 38ms @ http://localhost:3000/_next/static/chunks/b2b3e_next_dist_77a734fe._.js:2297
[ 1898849ms] [LOG] [Fast Refresh] rebuilding @ http://localhost:3000/_next/static/chunks/b2b3e_next_dist_77a734fe._.js:2297
[ 1898851ms] [WARNING] [Fast Refresh] performing full reload

Fast Refresh will perform a full reload when you edit a file that's imported by modules outside of the React rendering tree.
You might have a file which exports a React component but also exports a value that is imported by a non-React component file.
Consider migrating the non-React component export to a separate file and importing it into both files.

It is also possible the parent component of the component you edited is a class component, which disables Fast Refresh.
Fast Refresh requires at least one parent function component in your React tree. @ http://localhost:3000/_next/static/chunks/b2b3e_next_dist_77a734fe._.js:2297
[ 1898876ms] [LOG] [Fast Refresh] done in 57ms @ http://localhost:3000/_next/static/chunks/b2b3e_next_dist_77a734fe._.js:2297
[ 1899090ms] [LOG] [Fast Refresh] rebuilding @ http://localhost:3000/_next/static/chunks/b2b3e_next_dist_77a734fe._.js:2297
[ 1899171ms] [LOG] [Fast Refresh] done in 183ms @ http://localhost:3000/_next/static/chunks/b2b3e_next_dist_77a734fe._.js:2297
[ 1899687ms] [INFO] %cDownload the React DevTools for a better development experience: https://react.dev/link/react-devtools font-weight:bold @ http://localhost:3000/_next/static/chunks/b2b3e_next_dist_77a734fe._.js:2297
[ 1899752ms] [LOG] [HMR] connected @ http://localhost:3000/_next/static/chunks/b2b3e_next_dist_77a734fe._.js:2297
[ 1899869ms] [WARNING] Image with src "/images/hero/hero-desk-1.webp" is using quality "80" which is not configured in images.qualities [75]. Please update your config to [75, 80].
Read more: https://nextjs.org/docs/messages/next-image-unconfigured-qualities @ http://localhost:3000/_next/static/chunks/b2b3e_next_dist_77a734fe._.js:2297
[ 1899870ms] [WARNING] Image with src "/images/hero/hero-mobile-2.webp" is using quality "80" which is not configured in images.qualities [75]. Please update your config to [75, 80].
Read more: https://nextjs.org/docs/messages/next-image-unconfigured-qualities @ http://localhost:3000/_next/static/chunks/b2b3e_next_dist_77a734fe._.js:2297
[ 1899870ms] [WARNING] Image with src "/images/hero/hero-desk-2.webp" is using quality "80" which is not configured in images.qualities [75]. Please update your config to [75, 80].
Read more: https://nextjs.org/docs/messages/next-image-unconfigured-qualities @ http://localhost:3000/_next/static/chunks/b2b3e_next_dist_77a734fe._.js:2297
[ 1899871ms] [WARNING] Image with src "/images/hero/hero-mobile-1.webp" is using quality "80" which is not configured in images.qualities [75]. Please update your config to [75, 80].
Read more: https://nextjs.org/docs/messages/next-image-unconfigured-qualities @ http://localhost:3000/_next/static/chunks/b2b3e_next_dist_77a734fe._.js:2297
[ 1899929ms] [WARNING] Image with src "/images/hero/hero-mobile-2.webp" has "fill" prop and "sizes" prop of "100vw", but image is not rendered at full viewport width. Please adjust "sizes" to improve page performance. Read more: https://nextjs.org/docs/api-reference/next/image#sizes @ http://localhost:3000/_next/static/chunks/b2b3e_next_dist_77a734fe._.js:2297
[ 1900043ms] [ERROR] Failed to load resource: the server responded with a status of 404 (Not Found) @ http://localhost:9000/store/carts/cart_01KJFQDDPFT5MP4DVC9BM8BC3Z:0
[ 1901077ms] [ERROR] Failed to load resource: the server responded with a status of 404 (Not Found) @ http://localhost:9000/store/carts/cart_01KJFQDDPFT5MP4DVC9BM8BC3Z:0
[ 1921893ms] [LOG] [Fast Refresh] rebuilding @ http://localhost:3000/_next/static/chunks/b2b3e_next_dist_77a734fe._.js:2297
[ 1921948ms] [WARNING] [Fast Refresh] performing full reload

Fast Refresh will perform a full reload when you edit a file that's imported by modules outside of the React rendering tree.
You might have a file which exports a React component but also exports a value that is imported by a non-React component file.
Consider migrating the non-React component export to a separate file and importing it into both files.

It is also possible the parent component of the component you edited is a class component, which disables Fast Refresh.
Fast Refresh requires at least one parent function component in your React tree. @ http://localhost:3000/_next/static/chunks/b2b3e_next_dist_77a734fe._.js:2297
[ 1921976ms] [LOG] [Fast Refresh] done in 154ms @ http://localhost:3000/_next/static/chunks/b2b3e_next_dist_77a734fe._.js:2297
[ 1922088ms] [LOG] [Fast Refresh] rebuilding @ http://localhost:3000/_next/static/chunks/b2b3e_next_dist_77a734fe._.js:2297
[ 1922172ms] [LOG] [Fast Refresh] done in 185ms @ http://localhost:3000/_next/static/chunks/b2b3e_next_dist_77a734fe._.js:2297
[ 1922758ms] [INFO] %cDownload the React DevTools for a better development experience: https://react.dev/link/react-devtools font-weight:bold @ http://localhost:3000/_next/static/chunks/b2b3e_next_dist_77a734fe._.js:2297
[ 1922785ms] [LOG] [HMR] connected @ http://localhost:3000/_next/static/chunks/b2b3e_next_dist_77a734fe._.js:2297
[ 1922908ms] [WARNING] Image with src "/images/hero/hero-desk-1.webp" is using quality "80" which is not configured in images.qualities [75]. Please update your config to [75, 80].
Read more: https://nextjs.org/docs/messages/next-image-unconfigured-qualities @ http://localhost:3000/_next/static/chunks/b2b3e_next_dist_77a734fe._.js:2297
[ 1922910ms] [WARNING] Image with src "/images/hero/hero-mobile-2.webp" is using quality "80" which is not configured in images.qualities [75]. Please update your config to [75, 80].
Read more: https://nextjs.org/docs/messages/next-image-unconfigured-qualities @ http://localhost:3000/_next/static/chunks/b2b3e_next_dist_77a734fe._.js:2297
[ 1922911ms] [WARNING] Image with src "/images/hero/hero-desk-2.webp" is using quality "80" which is not configured in images.qualities [75]. Please update your config to [75, 80].
Read more: https://nextjs.org/docs/messages/next-image-unconfigured-qualities @ http://localhost:3000/_next/static/chunks/b2b3e_next_dist_77a734fe._.js:2297
[ 1922911ms] [WARNING] Image with src "/images/hero/hero-mobile-1.webp" is using quality "80" which is not configured in images.qualities [75]. Please update your config to [75, 80].
Read more: https://nextjs.org/docs/messages/next-image-unconfigured-qualities @ http://localhost:3000/_next/static/chunks/b2b3e_next_dist_77a734fe._.js:2297
[ 1922920ms] [WARNING] Image with src "https://images.unsplash.com/photo-1523398002811-999ca8dec234?w=1600&q=80" has "fill" prop and "sizes" prop of "100vw", but image is not rendered at full viewport width. Please adjust "sizes" to improve page performance. Read more: https://nextjs.org/docs/api-reference/next/image#sizes @ http://localhost:3000/_next/static/chunks/b2b3e_next_dist_77a734fe._.js:2297
[ 1922931ms] [ERROR] Failed to load resource: the server responded with a status of 404 (Not Found) @ http://localhost:9000/store/carts/cart_01KJFQDDPFT5MP4DVC9BM8BC3Z:0
[ 1923019ms] [WARNING] Image with src "/images/hero/hero-mobile-2.webp" has "fill" prop and "sizes" prop of "100vw", but image is not rendered at full viewport width. Please adjust "sizes" to improve page performance. Read more: https://nextjs.org/docs/api-reference/next/image#sizes @ http://localhost:3000/_next/static/chunks/b2b3e_next_dist_77a734fe._.js:2297
[ 1924010ms] [ERROR] Failed to load resource: the server responded with a status of 404 (Not Found) @ http://localhost:9000/store/carts/cart_01KJFQDDPFT5MP4DVC9BM8BC3Z:0
[ 1943021ms] [LOG] [Fast Refresh] rebuilding @ http://localhost:3000/_next/static/chunks/b2b3e_next_dist_77a734fe._.js:2297
[ 1943076ms] [LOG] [Fast Refresh] done in 64ms @ http://localhost:3000/_next/static/chunks/b2b3e_next_dist_77a734fe._.js:2297
[ 2009012ms] [LOG] [Fast Refresh] rebuilding @ http://localhost:3000/_next/static/chunks/b2b3e_next_dist_77a734fe._.js:2297
[ 2009040ms] [LOG] [Fast Refresh] done in 41ms @ http://localhost:3000/_next/static/chunks/b2b3e_next_dist_77a734fe._.js:2297
[ 2275554ms] [LOG] [Fast Refresh] rebuilding @ http://localhost:3000/_next/static/chunks/b2b3e_next_dist_77a734fe._.js:2297
[ 2275586ms] [LOG] [Fast Refresh] done in 67ms @ http://localhost:3000/_next/static/chunks/b2b3e_next_dist_77a734fe._.js:2297
[ 2351511ms] [LOG] [Fast Refresh] rebuilding @ http://localhost:3000/_next/static/chunks/b2b3e_next_dist_77a734fe._.js:2297
[ 2351513ms] [WARNING] [Fast Refresh] performing full reload

Fast Refresh will perform a full reload when you edit a file that's imported by modules outside of the React rendering tree.
You might have a file which exports a React component but also exports a value that is imported by a non-React component file.
Consider migrating the non-React component export to a separate file and importing it into both files.

It is also possible the parent component of the component you edited is a class component, which disables Fast Refresh.
Fast Refresh requires at least one parent function component in your React tree. @ http://localhost:3000/_next/static/chunks/b2b3e_next_dist_77a734fe._.js:2297
[ 2351545ms] [LOG] [Fast Refresh] done in 39ms @ http://localhost:3000/_next/static/chunks/b2b3e_next_dist_77a734fe._.js:2297
[ 2351654ms] [LOG] [Fast Refresh] rebuilding @ http://localhost:3000/_next/static/chunks/b2b3e_next_dist_77a734fe._.js:2297
[ 2351767ms] [LOG] [Fast Refresh] done in 214ms @ http://localhost:3000/_next/static/chunks/b2b3e_next_dist_77a734fe._.js:2297
[ 2352266ms] [INFO] %cDownload the React DevTools for a better development experience: https://react.dev/link/react-devtools font-weight:bold @ http://localhost:3000/_next/static/chunks/b2b3e_next_dist_77a734fe._.js:2297
[ 2352301ms] [LOG] [HMR] connected @ http://localhost:3000/_next/static/chunks/b2b3e_next_dist_77a734fe._.js:2297
[ 2352442ms] [WARNING] Image with src "/images/hero/hero-desk-1.webp" is using quality "80" which is not configured in images.qualities [75]. Please update your config to [75, 80].
Read more: https://nextjs.org/docs/messages/next-image-unconfigured-qualities @ http://localhost:3000/_next/static/chunks/b2b3e_next_dist_77a734fe._.js:2297
[ 2352444ms] [WARNING] Image with src "/images/hero/hero-mobile-2.webp" is using quality "80" which is not configured in images.qualities [75]. Please update your config to [75, 80].
Read more: https://nextjs.org/docs/messages/next-image-unconfigured-qualities @ http://localhost:3000/_next/static/chunks/b2b3e_next_dist_77a734fe._.js:2297
[ 2352445ms] [WARNING] Image with src "/images/hero/hero-desk-2.webp" is using quality "80" which is not configured in images.qualities [75]. Please update your config to [75, 80].
Read more: https://nextjs.org/docs/messages/next-image-unconfigured-qualities @ http://localhost:3000/_next/static/chunks/b2b3e_next_dist_77a734fe._.js:2297
[ 2352447ms] [WARNING] Image with src "/images/hero/hero-mobile-1.webp" is using quality "80" which is not configured in images.qualities [75]. Please update your config to [75, 80].
Read more: https://nextjs.org/docs/messages/next-image-unconfigured-qualities @ http://localhost:3000/_next/static/chunks/b2b3e_next_dist_77a734fe._.js:2297
[ 2352514ms] [ERROR] Failed to load resource: the server responded with a status of 404 (Not Found) @ http://localhost:9000/store/carts/cart_01KJFQDDPFT5MP4DVC9BM8BC3Z:0
[ 2352559ms] [WARNING] Image with src "https://images.unsplash.com/photo-1523398002811-999ca8dec234?w=1600&q=80" has "fill" prop and "sizes" prop of "100vw", but image is not rendered at full viewport width. Please adjust "sizes" to improve page performance. Read more: https://nextjs.org/docs/api-reference/next/image#sizes @ http://localhost:3000/_next/static/chunks/b2b3e_next_dist_77a734fe._.js:2297
[ 2352559ms] [WARNING] Image with src "/images/hero/hero-mobile-2.webp" has "fill" prop and "sizes" prop of "100vw", but image is not rendered at full viewport width. Please adjust "sizes" to improve page performance. Read more: https://nextjs.org/docs/api-reference/next/image#sizes @ http://localhost:3000/_next/static/chunks/b2b3e_next_dist_77a734fe._.js:2297
[ 2353604ms] [ERROR] Failed to load resource: the server responded with a status of 404 (Not Found) @ http://localhost:9000/store/carts/cart_01KJFQDDPFT5MP4DVC9BM8BC3Z:0
[ 2387421ms] [LOG] [Fast Refresh] rebuilding @ http://localhost:3000/_next/static/chunks/b2b3e_next_dist_77a734fe._.js:2297
[ 2387471ms] [LOG] [Fast Refresh] done in 62ms @ http://localhost:3000/_next/static/chunks/b2b3e_next_dist_77a734fe._.js:2297
[ 2432392ms] [LOG] [Fast Refresh] rebuilding @ http://localhost:3000/_next/static/chunks/b2b3e_next_dist_77a734fe._.js:2297
[ 2432445ms] [LOG] [Fast Refresh] done in 112ms @ http://localhost:3000/_next/static/chunks/b2b3e_next_dist_77a734fe._.js:2297
