[     259ms] [INFO] %cDownload the React DevTools for a better development experience: https://react.dev/link/react-devtools font-weight:bold @ http://localhost:3000/_next/static/chunks/b2b3e_next_dist_77a734fe._.js:2297
[     282ms] [LOG] [HMR] connected @ http://localhost:3000/_next/static/chunks/b2b3e_next_dist_77a734fe._.js:2297
[     392ms] [ERROR] Failed to load resource: the server responded with a status of 404 (Not Found) @ http://localhost:9000/store/carts/cart_01KJFQDDPFT5MP4DVC9BM8BC3Z:0
[     399ms] [WARNING] Image with src "/images/hero/hero-desk-1.webp" is using quality "80" which is not configured in images.qualities [75]. Please update your config to [75, 80].
Read more: https://nextjs.org/docs/messages/next-image-unconfigured-qualities @ http://localhost:3000/_next/static/chunks/b2b3e_next_dist_77a734fe._.js:2297
[     401ms] [WARNING] Image with src "/images/hero/hero-mobile-2.webp" is using quality "80" which is not configured in images.qualities [75]. Please update your config to [75, 80].
Read more: https://nextjs.org/docs/messages/next-image-unconfigured-qualities @ http://localhost:3000/_next/static/chunks/b2b3e_next_dist_77a734fe._.js:2297
[     407ms] [WARNING] Image with src "/images/hero/hero-desk-2.webp" is using quality "80" which is not configured in images.qualities [75]. Please update your config to [75, 80].
Read more: https://nextjs.org/docs/messages/next-image-unconfigured-qualities @ http://localhost:3000/_next/static/chunks/b2b3e_next_dist_77a734fe._.js:2297
[     408ms] [WARNING] Image with src "/images/hero/hero-mobile-1.webp" is using quality "80" which is not configured in images.qualities [75]. Please update your config to [75, 80].
Read more: https://nextjs.org/docs/messages/next-image-unconfigured-qualities @ http://localhost:3000/_next/static/chunks/b2b3e_next_dist_77a734fe._.js:2297
[     660ms] [WARNING] Image with src "/images/hero/hero-mobile-2.webp" has "fill" prop and "sizes" prop of "100vw", but image is not rendered at full viewport width. Please adjust "sizes" to improve page performance. Read more: https://nextjs.org/docs/api-reference/next/image#sizes @ http://localhost:3000/_next/static/chunks/b2b3e_next_dist_77a734fe._.js:2297
[    1420ms] [ERROR] Failed to load resource: the server responded with a status of 404 (Not Found) @ http://localhost:9000/store/carts/cart_01KJFQDDPFT5MP4DVC9BM8BC3Z:0
[   48549ms] [WARNING] Image with src "https://medusa-public-images.s3.eu-west-1.amazonaws.com/sweatshirt-vintage-front.png" was detected as the Largest Contentful Paint (LCP). Please add the `loading="eager"` property if this image is above the fold.
Read more: https://nextjs.org/docs/app/api-reference/components/image#loading @ http://localhost:3000/_next/static/chunks/b2b3e_next_dist_77a734fe._.js:2297
[  215509ms] [LOG] [Fast Refresh] rebuilding @ http://localhost:3000/_next/static/chunks/b2b3e_next_dist_77a734fe._.js:2297
[  215537ms] [LOG] [Fast Refresh] done in 130ms @ http://localhost:3000/_next/static/chunks/b2b3e_next_dist_77a734fe._.js:2297
[  216235ms] [LOG] [Fast Refresh] rebuilding @ http://localhost:3000/_next/static/chunks/b2b3e_next_dist_77a734fe._.js:2297
[  216253ms] [LOG] [Fast Refresh] done in 119ms @ http://localhost:3000/_next/static/chunks/b2b3e_next_dist_77a734fe._.js:2297
[ 1510251ms] [LOG] [Fast Refresh] rebuilding @ http://localhost:3000/_next/static/chunks/b2b3e_next_dist_77a734fe._.js:2297
[ 1510535ms] [LOG] [Fast Refresh] done in 318ms @ http://localhost:3000/_next/static/chunks/b2b3e_next_dist_77a734fe._.js:2297
[ 1510541ms] [WARNING] [Fast Refresh] performing full reload

Fast Refresh will perform a full reload when you edit a file that's imported by modules outside of the React rendering tree.
You might have a file which exports a React component but also exports a value that is imported by a non-React component file.
Consider migrating the non-React component export to a separate file and importing it into both files.

It is also possible the parent component of the component you edited is a class component, which disables Fast Refresh.
Fast Refresh requires at least one parent function component in your React tree. @ http://localhost:3000/_next/static/chunks/b2b3e_next_dist_77a734fe._.js:2297
[ 1510647ms] [LOG] [Fast Refresh] rebuilding @ http://localhost:3000/_next/static/chunks/b2b3e_next_dist_77a734fe._.js:2297
[ 1510652ms] [LOG] [Fast Refresh] done in 106ms @ http://localhost:3000/_next/static/chunks/b2b3e_next_dist_77a734fe._.js:2297
[ 1511002ms] [LOG] [Fast Refresh] rebuilding @ http://localhost:3000/_next/static/chunks/b2b3e_next_dist_77a734fe._.js:2297
[ 1511005ms] [LOG] [Fast Refresh] done in 105ms @ http://localhost:3000/_next/static/chunks/b2b3e_next_dist_77a734fe._.js:2297
[ 1511419ms] [INFO] %cDownload the React DevTools for a better development experience: https://react.dev/link/react-devtools font-weight:bold @ http://localhost:3000/_next/static/chunks/b2b3e_next_dist_77a734fe._.js:2297
[ 1511456ms] [LOG] [HMR] connected @ http://localhost:3000/_next/static/chunks/b2b3e_next_dist_77a734fe._.js:2297
[ 1511539ms] [WARNING] Image with src "/images/hero/hero-desk-1.webp" is using quality "80" which is not configured in images.qualities [70, 70, 70, 70, 70, 70, 70, 70, 70, 70, 70, 70, 70, 70, 70, 70, 70, 70, 70, 70, 70, 70, 70, 70, 70, 70, 70, 70, 70, 70, 70, 70, 70, 70, 70, 70, 70, 70, 70, 70, 70, 70, 70, 70, 70, 70, 70, 70, 70, 70, 70, 70, 70, 70, 70, 70, 70, 70, 70, 70, 70, 70, 70, 70, 70, 70, 70, 70, 70, 70, 70, 70, 70, 70, 70, 70, 70, 70, 70, 70, 70, 70, 70, 70, 70, 70, 70, 70, 70, 70, 70, 70, 70, 70, 70, 70, 70, 70, 70, 70, 70, 70, 70, 70, 70, 70, 70, 70, 70, 70, 70, 70, 70, 70, 70, 70, 70, 70, 70, 70, 70, 70, 70, 70, 70, 70, 70, 70, 70, 70, 70, 70, 70, 70, 70, 70, 70, 70, 75]. Please update your config to [70, 70, 70, 70, 70, 70, 70, 70, 70, 70, 70, 70, 70, 70, 70, 70, 70, 70, 70, 70, 70, 70, 70, 70, 70, 70, 70, 70, 70, 70, 70, 70, 70, 70, 70, 70, 70, 70, 70, 70, 70, 70, 70, 70, 70, 70, 70, 70, 70, 70, 70, 70, 70, 70, 70, 70, 70, 70, 70, 70, 70, 70, 70, 70, 70, 70, 70, 70, 70, 70, 70, 70, 70, 70, 70, 70, 70, 70, 70, 70, 70, 70, 70, 70, 70, 70, 70, 70, 70, 70, 70, 70, 70, 70, 70, 70, 70, 70, 70, 70, 70, 70, 70, 70, 70, 70, 70, 70, 70, 70, 70, 70, 70, 70, 70, 70, 70, 70, 70, 70, 70, 70, 70, 70, 70, 70, 70, 70, 70, 70, 70, 70, 70, 70, 70, 70, 70, 70, 75, 80].
Read more: https://nextjs.org/docs/messages/next-image-unconfigured-qualities @ http://localhost:3000/_next/static/chunks/b2b3e_next_dist_77a734fe._.js:2297
[ 1511540ms] [WARNING] Image with src "/images/hero/hero-mobile-2.webp" is using quality "80" which is not configured in images.qualities [70, 70, 70, 70, 70, 70, 70, 70, 70, 70, 70, 70, 70, 70, 70, 70, 70, 70, 70, 70, 70, 70, 70, 70, 70, 70, 70, 70, 70, 70, 70, 70, 70, 70, 70, 70, 70, 70, 70, 70, 70, 70, 70, 70, 70, 70, 70, 70, 70, 70, 70, 70, 70, 70, 70, 70, 70, 70, 70, 70, 70, 70, 70, 70, 70, 70, 70, 70, 70, 70, 70, 70, 70, 70, 70, 70, 70, 70, 70, 70, 70, 70, 70, 70, 70, 70, 70, 70, 70, 70, 70, 70, 70, 70, 70, 70, 70, 70, 70, 70, 70, 70, 70, 70, 70, 70, 70, 70, 70, 70, 70, 70, 70, 70, 70, 70, 70, 70, 70, 70, 70, 70, 70, 70, 70, 70, 70, 70, 70, 70, 70, 70, 70, 70, 70, 70, 70, 70, 75]. Please update your config to [70, 70, 70, 70, 70, 70, 70, 70, 70, 70, 70, 70, 70, 70, 70, 70, 70, 70, 70, 70, 70, 70, 70, 70, 70, 70, 70, 70, 70, 70, 70, 70, 70, 70, 70, 70, 70, 70, 70, 70, 70, 70, 70, 70, 70, 70, 70, 70, 70, 70, 70, 70, 70, 70, 70, 70, 70, 70, 70, 70, 70, 70, 70, 70, 70, 70, 70, 70, 70, 70, 70, 70, 70, 70, 70, 70, 70, 70, 70, 70, 70, 70, 70, 70, 70, 70, 70, 70, 70, 70, 70, 70, 70, 70, 70, 70, 70, 70, 70, 70, 70, 70, 70, 70, 70, 70, 70, 70, 70, 70, 70, 70, 70, 70, 70, 70, 70, 70, 70, 70, 70, 70, 70, 70, 70, 70, 70, 70, 70, 70, 70, 70, 70, 70, 70, 70, 70, 70, 75, 80].
Read more: https://nextjs.org/docs/messages/next-image-unconfigured-qualities @ http://localhost:3000/_next/static/chunks/b2b3e_next_dist_77a734fe._.js:2297
[ 1511540ms] [WARNING] Image with src "/images/hero/hero-desk-2.webp" is using quality "80" which is not configured in images.qualities [70, 70, 70, 70, 70, 70, 70, 70, 70, 70, 70, 70, 70, 70, 70, 70, 70, 70, 70, 70, 70, 70, 70, 70, 70, 70, 70, 70, 70, 70, 70, 70, 70, 70, 70, 70, 70, 70, 70, 70, 70, 70, 70, 70, 70, 70, 70, 70, 70, 70, 70, 70, 70, 70, 70, 70, 70, 70, 70, 70, 70, 70, 70, 70, 70, 70, 70, 70, 70, 70, 70, 70, 70, 70, 70, 70, 70, 70, 70, 70, 70, 70, 70, 70, 70, 70, 70, 70, 70, 70, 70, 70, 70, 70, 70, 70, 70, 70, 70, 70, 70, 70, 70, 70, 70, 70, 70, 70, 70, 70, 70, 70, 70, 70, 70, 70, 70, 70, 70, 70, 70, 70, 70, 70, 70, 70, 70, 70, 70, 70, 70, 70, 70, 70, 70, 70, 70, 70, 75]. Please update your config to [70, 70, 70, 70, 70, 70, 70, 70, 70, 70, 70, 70, 70, 70, 70, 70, 70, 70, 70, 70, 70, 70, 70, 70, 70, 70, 70, 70, 70, 70, 70, 70, 70, 70, 70, 70, 70, 70, 70, 70, 70, 70, 70, 70, 70, 70, 70, 70, 70, 70, 70, 70, 70, 70, 70, 70, 70, 70, 70, 70, 70, 70, 70, 70, 70, 70, 70, 70, 70, 70, 70, 70, 70, 70, 70, 70, 70, 70, 70, 70, 70, 70, 70, 70, 70, 70, 70, 70, 70, 70, 70, 70, 70, 70, 70, 70, 70, 70, 70, 70, 70, 70, 70, 70, 70, 70, 70, 70, 70, 70, 70, 70, 70, 70, 70, 70, 70, 70, 70, 70, 70, 70, 70, 70, 70, 70, 70, 70, 70, 70, 70, 70, 70, 70, 70, 70, 70, 70, 75, 80].
Read more: https://nextjs.org/docs/messages/next-image-unconfigured-qualities @ http://localhost:3000/_next/static/chunks/b2b3e_next_dist_77a734fe._.js:2297
[ 1511541ms] [WARNING] Image with src "/images/hero/hero-mobile-1.webp" is using quality "80" which is not configured in images.qualities [70, 70, 70, 70, 70, 70, 70, 70, 70, 70, 70, 70, 70, 70, 70, 70, 70, 70, 70, 70, 70, 70, 70, 70, 70, 70, 70, 70, 70, 70, 70, 70, 70, 70, 70, 70, 70, 70, 70, 70, 70, 70, 70, 70, 70, 70, 70, 70, 70, 70, 70, 70, 70, 70, 70, 70, 70, 70, 70, 70, 70, 70, 70, 70, 70, 70, 70, 70, 70, 70, 70, 70, 70, 70, 70, 70, 70, 70, 70, 70, 70, 70, 70, 70, 70, 70, 70, 70, 70, 70, 70, 70, 70, 70, 70, 70, 70, 70, 70, 70, 70, 70, 70, 70, 70, 70, 70, 70, 70, 70, 70, 70, 70, 70, 70, 70, 70, 70, 70, 70, 70, 70, 70, 70, 70, 70, 70, 70, 70, 70, 70, 70, 70, 70, 70, 70, 70, 70, 75]. Please update your config to [70, 70, 70, 70, 70, 70, 70, 70, 70, 70, 70, 70, 70, 70, 70, 70, 70, 70, 70, 70, 70, 70, 70, 70, 70, 70, 70, 70, 70, 70, 70, 70, 70, 70, 70, 70, 70, 70, 70, 70, 70, 70, 70, 70, 70, 70, 70, 70, 70, 70, 70, 70, 70, 70, 70, 70, 70, 70, 70, 70, 70, 70, 70, 70, 70, 70, 70, 70, 70, 70, 70, 70, 70, 70, 70, 70, 70, 70, 70, 70, 70, 70, 70, 70, 70, 70, 70, 70, 70, 70, 70, 70, 70, 70, 70, 70, 70, 70, 70, 70, 70, 70, 70, 70, 70, 70, 70, 70, 70, 70, 70, 70, 70, 70, 70, 70, 70, 70, 70, 70, 70, 70, 70, 70, 70, 70, 70, 70, 70, 70, 70, 70, 70, 70, 70, 70, 70, 70, 75, 80].
Read more: https://nextjs.org/docs/messages/next-image-unconfigured-qualities @ http://localhost:3000/_next/static/chunks/b2b3e_next_dist_77a734fe._.js:2297
[ 1511596ms] [WARNING] Image with src "/images/hero/hero-mobile-2.webp" has "fill" prop and "sizes" prop of "100vw", but image is not rendered at full viewport width. Please adjust "sizes" to improve page performance. Read more: https://nextjs.org/docs/api-reference/next/image#sizes @ http://localhost:3000/_next/static/chunks/b2b3e_next_dist_77a734fe._.js:2297
[ 1511596ms] [ERROR] Failed to load resource: the server responded with a status of 404 (Not Found) @ http://localhost:9000/store/regions/reg_01KN1VKR6ZR6030V7X99XQQPFM:0
[ 1511696ms] [ERROR] Failed to load resource: the server responded with a status of 404 (Not Found) @ http://localhost:9000/store/carts/cart_01KJFQDDPFT5MP4DVC9BM8BC3Z:0
[ 1512722ms] [ERROR] Failed to load resource: the server responded with a status of 404 (Not Found) @ http://localhost:9000/store/carts/cart_01KJFQDDPFT5MP4DVC9BM8BC3Z:0
[ 1530651ms] [LOG] [Fast Refresh] rebuilding @ http://localhost:3000/_next/static/chunks/b2b3e_next_dist_77a734fe._.js:2297
[ 1530661ms] [WARNING] [Fast Refresh] performing full reload

Fast Refresh will perform a full reload when you edit a file that's imported by modules outside of the React rendering tree.
You might have a file which exports a React component but also exports a value that is imported by a non-React component file.
Consider migrating the non-React component export to a separate file and importing it into both files.

It is also possible the parent component of the component you edited is a class component, which disables Fast Refresh.
Fast Refresh requires at least one parent function component in your React tree. @ http://localhost:3000/_next/static/chunks/b2b3e_next_dist_77a734fe._.js:2297
[ 1531040ms] [LOG] [Fast Refresh] done in 66ms @ http://localhost:3000/_next/static/chunks/b2b3e_next_dist_77a734fe._.js:2297
[ 1531188ms] [LOG] [Fast Refresh] rebuilding @ http://localhost:3000/_next/static/chunks/b2b3e_next_dist_77a734fe._.js:2297
[ 1531205ms] [LOG] [Fast Refresh] done in 118ms @ http://localhost:3000/_next/static/chunks/b2b3e_next_dist_77a734fe._.js:2297
[ 1531776ms] [INFO] %cDownload the React DevTools for a better development experience: https://react.dev/link/react-devtools font-weight:bold @ http://localhost:3000/_next/static/chunks/b2b3e_next_dist_77a734fe._.js:2297
[ 1531790ms] [LOG] [HMR] connected @ http://localhost:3000/_next/static/chunks/b2b3e_next_dist_77a734fe._.js:2297
[ 1531927ms] [WARNING] Image with src "https://images.unsplash.com/photo-1523398002811-999ca8dec234?w=1600&q=80" has "fill" prop and "sizes" prop of "100vw", but image is not rendered at full viewport width. Please adjust "sizes" to improve page performance. Read more: https://nextjs.org/docs/api-reference/next/image#sizes @ http://localhost:3000/_next/static/chunks/b2b3e_next_dist_77a734fe._.js:2297
[ 1532130ms] [ERROR] Failed to load resource: the server responded with a status of 404 (Not Found) @ http://localhost:9000/store/carts/cart_01KJFQDDPFT5MP4DVC9BM8BC3Z:0
[ 1532200ms] [WARNING] Image with src "/images/hero/hero-desk-1.webp" is using quality "80" which is not configured in images.qualities [70, 70, 70, 70, 70, 70, 70, 70, 70, 70, 70, 70, 70, 70, 70, 70, 70, 70, 70, 70, 70, 70, 70, 70, 70, 70, 70, 70, 70, 70, 70, 70, 70, 70, 70, 70, 70, 70, 70, 70, 70, 70, 70, 70, 70, 70, 70, 70, 70, 70, 70, 70, 70, 70, 70, 70, 70, 70, 70, 70, 70, 70, 70, 70, 70, 70, 70, 70, 70, 70, 70, 70, 70, 70, 70, 70, 70, 70, 70, 70, 70, 70, 70, 70, 70, 70, 70, 70, 70, 70, 70, 70, 70, 70, 70, 70, 70, 70, 70, 70, 70, 70, 70, 70, 70, 70, 70, 70, 70, 70, 70, 70, 70, 70, 70, 70, 70, 70, 70, 70, 70, 70, 70, 70, 70, 70, 70, 70, 70, 70, 70, 70, 70, 70, 70, 70, 70, 70, 75]. Please update your config to [70, 70, 70, 70, 70, 70, 70, 70, 70, 70, 70, 70, 70, 70, 70, 70, 70, 70, 70, 70, 70, 70, 70, 70, 70, 70, 70, 70, 70, 70, 70, 70, 70, 70, 70, 70, 70, 70, 70, 70, 70, 70, 70, 70, 70, 70, 70, 70, 70, 70, 70, 70, 70, 70, 70, 70, 70, 70, 70, 70, 70, 70, 70, 70, 70, 70, 70, 70, 70, 70, 70, 70, 70, 70, 70, 70, 70, 70, 70, 70, 70, 70, 70, 70, 70, 70, 70, 70, 70, 70, 70, 70, 70, 70, 70, 70, 70, 70, 70, 70, 70, 70, 70, 70, 70, 70, 70, 70, 70, 70, 70, 70, 70, 70, 70, 70, 70, 70, 70, 70, 70, 70, 70, 70, 70, 70, 70, 70, 70, 70, 70, 70, 70, 70, 70, 70, 70, 70, 75, 80].
Read more: https://nextjs.org/docs/messages/next-image-unconfigured-qualities @ http://localhost:3000/_next/static/chunks/b2b3e_next_dist_77a734fe._.js:2297
[ 1532202ms] [WARNING] Image with src "/images/hero/hero-mobile-2.webp" is using quality "80" which is not configured in images.qualities [70, 70, 70, 70, 70, 70, 70, 70, 70, 70, 70, 70, 70, 70, 70, 70, 70, 70, 70, 70, 70, 70, 70, 70, 70, 70, 70, 70, 70, 70, 70, 70, 70, 70, 70, 70, 70, 70, 70, 70, 70, 70, 70, 70, 70, 70, 70, 70, 70, 70, 70, 70, 70, 70, 70, 70, 70, 70, 70, 70, 70, 70, 70, 70, 70, 70, 70, 70, 70, 70, 70, 70, 70, 70, 70, 70, 70, 70, 70, 70, 70, 70, 70, 70, 70, 70, 70, 70, 70, 70, 70, 70, 70, 70, 70, 70, 70, 70, 70, 70, 70, 70, 70, 70, 70, 70, 70, 70, 70, 70, 70, 70, 70, 70, 70, 70, 70, 70, 70, 70, 70, 70, 70, 70, 70, 70, 70, 70, 70, 70, 70, 70, 70, 70, 70, 70, 70, 70, 75]. Please update your config to [70, 70, 70, 70, 70, 70, 70, 70, 70, 70, 70, 70, 70, 70, 70, 70, 70, 70, 70, 70, 70, 70, 70, 70, 70, 70, 70, 70, 70, 70, 70, 70, 70, 70, 70, 70, 70, 70, 70, 70, 70, 70, 70, 70, 70, 70, 70, 70, 70, 70, 70, 70, 70, 70, 70, 70, 70, 70, 70, 70, 70, 70, 70, 70, 70, 70, 70, 70, 70, 70, 70, 70, 70, 70, 70, 70, 70, 70, 70, 70, 70, 70, 70, 70, 70, 70, 70, 70, 70, 70, 70, 70, 70, 70, 70, 70, 70, 70, 70, 70, 70, 70, 70, 70, 70, 70, 70, 70, 70, 70, 70, 70, 70, 70, 70, 70, 70, 70, 70, 70, 70, 70, 70, 70, 70, 70, 70, 70, 70, 70, 70, 70, 70, 70, 70, 70, 70, 70, 75, 80].
Read more: https://nextjs.org/docs/messages/next-image-unconfigured-qualities @ http://localhost:3000/_next/static/chunks/b2b3e_next_dist_77a734fe._.js:2297
[ 1532203ms] [WARNING] Image with src "/images/hero/hero-desk-2.webp" is using quality "80" which is not configured in images.qualities [70, 70, 70, 70, 70, 70, 70, 70, 70, 70, 70, 70, 70, 70, 70, 70, 70, 70, 70, 70, 70, 70, 70, 70, 70, 70, 70, 70, 70, 70, 70, 70, 70, 70, 70, 70, 70, 70, 70, 70, 70, 70, 70, 70, 70, 70, 70, 70, 70, 70, 70, 70, 70, 70, 70, 70, 70, 70, 70, 70, 70, 70, 70, 70, 70, 70, 70, 70, 70, 70, 70, 70, 70, 70, 70, 70, 70, 70, 70, 70, 70, 70, 70, 70, 70, 70, 70, 70, 70, 70, 70, 70, 70, 70, 70, 70, 70, 70, 70, 70, 70, 70, 70, 70, 70, 70, 70, 70, 70, 70, 70, 70, 70, 70, 70, 70, 70, 70, 70, 70, 70, 70, 70, 70, 70, 70, 70, 70, 70, 70, 70, 70, 70, 70, 70, 70, 70, 70, 75]. Please update your config to [70, 70, 70, 70, 70, 70, 70, 70, 70, 70, 70, 70, 70, 70, 70, 70, 70, 70, 70, 70, 70, 70, 70, 70, 70, 70, 70, 70, 70, 70, 70, 70, 70, 70, 70, 70, 70, 70, 70, 70, 70, 70, 70, 70, 70, 70, 70, 70, 70, 70, 70, 70, 70, 70, 70, 70, 70, 70, 70, 70, 70, 70, 70, 70, 70, 70, 70, 70, 70, 70, 70, 70, 70, 70, 70, 70, 70, 70, 70, 70, 70, 70, 70, 70, 70, 70, 70, 70, 70, 70, 70, 70, 70, 70, 70, 70, 70, 70, 70, 70, 70, 70, 70, 70, 70, 70, 70, 70, 70, 70, 70, 70, 70, 70, 70, 70, 70, 70, 70, 70, 70, 70, 70, 70, 70, 70, 70, 70, 70, 70, 70, 70, 70, 70, 70, 70, 70, 70, 75, 80].
Read more: https://nextjs.org/docs/messages/next-image-unconfigured-qualities @ http://localhost:3000/_next/static/chunks/b2b3e_next_dist_77a734fe._.js:2297
[ 1532204ms] [WARNING] Image with src "/images/hero/hero-mobile-1.webp" is using quality "80" which is not configured in images.qualities [70, 70, 70, 70, 70, 70, 70, 70, 70, 70, 70, 70, 70, 70, 70, 70, 70, 70, 70, 70, 70, 70, 70, 70, 70, 70, 70, 70, 70, 70, 70, 70, 70, 70, 70, 70, 70, 70, 70, 70, 70, 70, 70, 70, 70, 70, 70, 70, 70, 70, 70, 70, 70, 70, 70, 70, 70, 70, 70, 70, 70, 70, 70, 70, 70, 70, 70, 70, 70, 70, 70, 70, 70, 70, 70, 70, 70, 70, 70, 70, 70, 70, 70, 70, 70, 70, 70, 70, 70, 70, 70, 70, 70, 70, 70, 70, 70, 70, 70, 70, 70, 70, 70, 70, 70, 70, 70, 70, 70, 70, 70, 70, 70, 70, 70, 70, 70, 70, 70, 70, 70, 70, 70, 70, 70, 70, 70, 70, 70, 70, 70, 70, 70, 70, 70, 70, 70, 70, 75]. Please update your config to [70, 70, 70, 70, 70, 70, 70, 70, 70, 70, 70, 70, 70, 70, 70, 70, 70, 70, 70, 70, 70, 70, 70, 70, 70, 70, 70, 70, 70, 70, 70, 70, 70, 70, 70, 70, 70, 70, 70, 70, 70, 70, 70, 70, 70, 70, 70, 70, 70, 70, 70, 70, 70, 70, 70, 70, 70, 70, 70, 70, 70, 70, 70, 70, 70, 70, 70, 70, 70, 70, 70, 70, 70, 70, 70, 70, 70, 70, 70, 70, 70, 70, 70, 70, 70, 70, 70, 70, 70, 70, 70, 70, 70, 70, 70, 70, 70, 70, 70, 70, 70, 70, 70, 70, 70, 70, 70, 70, 70, 70, 70, 70, 70, 70, 70, 70, 70, 70, 70, 70, 70, 70, 70, 70, 70, 70, 70, 70, 70, 70, 70, 70, 70, 70, 70, 70, 70, 70, 75, 80].
Read more: https://nextjs.org/docs/messages/next-image-unconfigured-qualities @ http://localhost:3000/_next/static/chunks/b2b3e_next_dist_77a734fe._.js:2297
[ 1532521ms] [WARNING] Image with src "/images/hero/hero-mobile-2.webp" has "fill" prop and "sizes" prop of "100vw", but image is not rendered at full viewport width. Please adjust "sizes" to improve page performance. Read more: https://nextjs.org/docs/api-reference/next/image#sizes @ http://localhost:3000/_next/static/chunks/b2b3e_next_dist_77a734fe._.js:2297
[ 1533155ms] [ERROR] Failed to load resource: the server responded with a status of 404 (Not Found) @ http://localhost:9000/store/carts/cart_01KJFQDDPFT5MP4DVC9BM8BC3Z:0
[ 1577975ms] [ERROR] WebSocket connection to 'ws://localhost:3000/_next/webpack-hmr?id=7w5WF3jqzhW_EZH5MLjHy' failed:  @ http://localhost:3000/_next/static/chunks/b2b3e_next_dist_client_121ab40e._.js:10878
[ 1578982ms] [ERROR] WebSocket connection to 'ws://localhost:3000/_next/webpack-hmr?id=7w5WF3jqzhW_EZH5MLjHy' failed: Error in connection establishment: net::ERR_CONNECTION_REFUSED @ http://localhost:3000/_next/static/chunks/b2b3e_next_dist_client_121ab40e._.js:10878
[ 1579985ms] [ERROR] WebSocket connection to 'ws://localhost:3000/_next/webpack-hmr?id=7w5WF3jqzhW_EZH5MLjHy' failed: Error in connection establishment: net::ERR_CONNECTION_REFUSED @ http://localhost:3000/_next/static/chunks/b2b3e_next_dist_client_121ab40e._.js:10878
[ 1580987ms] [ERROR] WebSocket connection to 'ws://localhost:3000/_next/webpack-hmr?id=7w5WF3jqzhW_EZH5MLjHy' failed: Error in connection establishment: net::ERR_CONNECTION_REFUSED @ http://localhost:3000/_next/static/chunks/b2b3e_next_dist_client_121ab40e._.js:10878
[ 1581990ms] [ERROR] WebSocket connection to 'ws://localhost:3000/_next/webpack-hmr?id=7w5WF3jqzhW_EZH5MLjHy' failed: Error in connection establishment: net::ERR_CONNECTION_REFUSED @ http://localhost:3000/_next/static/chunks/b2b3e_next_dist_client_121ab40e._.js:10878
[ 1582993ms] [ERROR] WebSocket connection to 'ws://localhost:3000/_next/webpack-hmr?id=7w5WF3jqzhW_EZH5MLjHy' failed: Error in connection establishment: net::ERR_CONNECTION_REFUSED @ http://localhost:3000/_next/static/chunks/b2b3e_next_dist_client_121ab40e._.js:10878
[ 1587997ms] [ERROR] WebSocket connection to 'ws://localhost:3000/_next/webpack-hmr?id=7w5WF3jqzhW_EZH5MLjHy' failed: Error in connection establishment: net::ERR_CONNECTION_REFUSED @ http://localhost:3000/_next/static/chunks/b2b3e_next_dist_client_121ab40e._.js:10878
[ 1593006ms] [ERROR] WebSocket connection to 'ws://localhost:3000/_next/webpack-hmr?id=7w5WF3jqzhW_EZH5MLjHy' failed: Error in connection establishment: net::ERR_CONNECTION_REFUSED @ http://localhost:3000/_next/static/chunks/b2b3e_next_dist_client_121ab40e._.js:10878
[ 1598028ms] [ERROR] WebSocket connection to 'ws://localhost:3000/_next/webpack-hmr?id=7w5WF3jqzhW_EZH5MLjHy' failed: Error in connection establishment: net::ERR_CONNECTION_REFUSED @ http://localhost:3000/_next/static/chunks/b2b3e_next_dist_client_121ab40e._.js:10878
[ 1603047ms] [ERROR] WebSocket connection to 'ws://localhost:3000/_next/webpack-hmr?id=7w5WF3jqzhW_EZH5MLjHy' failed: Error in connection establishment: net::ERR_CONNECTION_REFUSED @ http://localhost:3000/_next/static/chunks/b2b3e_next_dist_client_121ab40e._.js:10878
[ 1608096ms] [ERROR] WebSocket connection to 'ws://localhost:3000/_next/webpack-hmr?id=7w5WF3jqzhW_EZH5MLjHy' failed: Error in connection establishment: net::ERR_CONNECTION_REFUSED @ http://localhost:3000/_next/static/chunks/b2b3e_next_dist_client_121ab40e._.js:10878
[ 1613210ms] [ERROR] WebSocket connection to 'ws://localhost:3000/_next/webpack-hmr?id=7w5WF3jqzhW_EZH5MLjHy' failed: Error in connection establishment: net::ERR_CONNECTION_REFUSED @ http://localhost:3000/_next/static/chunks/b2b3e_next_dist_client_121ab40e._.js:10878
[ 1618512ms] [ERROR] WebSocket connection to 'ws://localhost:3000/_next/webpack-hmr?id=7w5WF3jqzhW_EZH5MLjHy' failed: Error in connection establishment: net::ERR_CONNECTION_REFUSED @ http://localhost:3000/_next/static/chunks/b2b3e_next_dist_client_121ab40e._.js:10878
[ 1715092ms] [INFO] %cDownload the React DevTools for a better development experience: https://react.dev/link/react-devtools font-weight:bold @ http://localhost:3000/_next/static/chunks/b2b3e_next_dist_77a734fe._.js:2297
[ 1715171ms] [LOG] [HMR] connected @ http://localhost:3000/_next/static/chunks/b2b3e_next_dist_77a734fe._.js:2297
[ 1715292ms] [WARNING] Image with src "/images/hero/hero-desk-1.webp" is using quality "80" which is not configured in images.qualities [75]. Please update your config to [75, 80].
Read more: https://nextjs.org/docs/messages/next-image-unconfigured-qualities @ http://localhost:3000/_next/static/chunks/b2b3e_next_dist_77a734fe._.js:2297
[ 1715293ms] [WARNING] Image with src "/images/hero/hero-mobile-2.webp" is using quality "80" which is not configured in images.qualities [75]. Please update your config to [75, 80].
Read more: https://nextjs.org/docs/messages/next-image-unconfigured-qualities @ http://localhost:3000/_next/static/chunks/b2b3e_next_dist_77a734fe._.js:2297
[ 1715294ms] [WARNING] Image with src "/images/hero/hero-desk-2.webp" is using quality "80" which is not configured in images.qualities [75]. Please update your config to [75, 80].
Read more: https://nextjs.org/docs/messages/next-image-unconfigured-qualities @ http://localhost:3000/_next/static/chunks/b2b3e_next_dist_77a734fe._.js:2297
[ 1715294ms] [WARNING] Image with src "/images/hero/hero-mobile-1.webp" is using quality "80" which is not configured in images.qualities [75]. Please update your config to [75, 80].
Read more: https://nextjs.org/docs/messages/next-image-unconfigured-qualities @ http://localhost:3000/_next/static/chunks/b2b3e_next_dist_77a734fe._.js:2297
[ 1715551ms] [ERROR] Failed to load resource: the server responded with a status of 404 (Not Found) @ http://localhost:9000/store/carts/cart_01KJFQDDPFT5MP4DVC9BM8BC3Z:0
[ 1715552ms] [WARNING] Image with src "/images/hero/hero-mobile-2.webp" has "fill" prop and "sizes" prop of "100vw", but image is not rendered at full viewport width. Please adjust "sizes" to improve page performance. Read more: https://nextjs.org/docs/api-reference/next/image#sizes @ http://localhost:3000/_next/static/chunks/b2b3e_next_dist_77a734fe._.js:2297
[ 1716578ms] [ERROR] Failed to load resource: the server responded with a status of 404 (Not Found) @ http://localhost:9000/store/carts/cart_01KJFQDDPFT5MP4DVC9BM8BC3Z:0
