[  468632ms] [ERROR] WebSocket connection to 'ws://localhost:3377/_next/webpack-hmr?id=HcFFMoZhbAkCfTekgwoWI' failed:  @ http://localhost:3377/_next/static/chunks/b2b3e_next_dist_client_121ab40e._.js:10878
[  469637ms] [ERROR] WebSocket connection to 'ws://localhost:3377/_next/webpack-hmr?id=HcFFMoZhbAkCfTekgwoWI' failed: Error in connection establishment: net::ERR_CONNECTION_REFUSED @ http://localhost:3377/_next/static/chunks/b2b3e_next_dist_client_121ab40e._.js:10878
[  470640ms] [ERROR] WebSocket connection to 'ws://localhost:3377/_next/webpack-hmr?id=HcFFMoZhbAkCfTekgwoWI' failed: Error in connection establishment: net::ERR_CONNECTION_REFUSED @ http://localhost:3377/_next/static/chunks/b2b3e_next_dist_client_121ab40e._.js:10878
[  472837ms] [WARNING] Image with src "/images/hero/hero-desk-1.webp" is using quality "80" which is not configured in images.qualities [75]. Please update your config to [75, 80].
Read more: https://nextjs.org/docs/messages/next-image-unconfigured-qualities @ http://localhost:3377/_next/static/chunks/b2b3e_next_dist_77a734fe._.js:2297
[  472838ms] [WARNING] Image with src "/images/hero/hero-mobile-2.webp" is using quality "80" which is not configured in images.qualities [75]. Please update your config to [75, 80].
Read more: https://nextjs.org/docs/messages/next-image-unconfigured-qualities @ http://localhost:3377/_next/static/chunks/b2b3e_next_dist_77a734fe._.js:2297
[  472838ms] [WARNING] Image with src "/images/hero/hero-desk-2.webp" is using quality "80" which is not configured in images.qualities [75]. Please update your config to [75, 80].
Read more: https://nextjs.org/docs/messages/next-image-unconfigured-qualities @ http://localhost:3377/_next/static/chunks/b2b3e_next_dist_77a734fe._.js:2297
[  472839ms] [WARNING] Image with src "/images/hero/hero-mobile-1.webp" is using quality "80" which is not configured in images.qualities [75]. Please update your config to [75, 80].
Read more: https://nextjs.org/docs/messages/next-image-unconfigured-qualities @ http://localhost:3377/_next/static/chunks/b2b3e_next_dist_77a734fe._.js:2297
[  472892ms] [WARNING] Image with src "/images/hero/hero-mobile-2.webp" has "fill" prop and "sizes" prop of "100vw", but image is not rendered at full viewport width. Please adjust "sizes" to improve page performance. Read more: https://nextjs.org/docs/api-reference/next/image#sizes @ http://localhost:3377/_next/static/chunks/b2b3e_next_dist_77a734fe._.js:2297
[  473196ms] [ERROR] Failed to load resource: net::ERR_CONNECTION_RESET @ http://localhost:9000/store/collections?fields=id%2Ctitle%2Chandle%2Cmetadata%2Ccreated_at:0
[  473197ms] [ERROR] TypeError: Failed to fetch
    at Client.<anonymous> (http://localhost:3377/_next/static/chunks/node_modules__pnpm_fcec5d91._.js:11496:30)
    at Generator.next (<anonymous>)
    at fulfilled (http://localhost:3377/_next/static/chunks/node_modules__pnpm_fcec5d91._.js:11213:32) @ http://localhost:3377/_next/static/chunks/b2b3e_next_dist_77a734fe._.js:3127
[  473197ms] [ERROR] Failed to load resource: net::ERR_CONNECTION_RESET @ http://localhost:9000/store/collections?fields=id%2Ctitle%2Chandle%2Cmetadata%2Ccreated_at:0
[  473197ms] [ERROR] TypeError: Failed to fetch
    at Client.<anonymous> (http://localhost:3377/_next/static/chunks/node_modules__pnpm_fcec5d91._.js:11496:30)
    at Generator.next (<anonymous>)
    at fulfilled (http://localhost:3377/_next/static/chunks/node_modules__pnpm_fcec5d91._.js:11213:32) @ http://localhost:3377/_next/static/chunks/b2b3e_next_dist_77a734fe._.js:3127
[  473197ms] [ERROR] Failed to load resource: net::ERR_CONNECTION_RESET @ http://localhost:9000/store/customers/me:0
[  473197ms] [ERROR] Failed to load resource: net::ERR_CONNECTION_RESET @ http://localhost:9000/store/regions:0
[  473197ms] [ERROR] TypeError: Failed to fetch
    at Client.<anonymous> (http://localhost:3377/_next/static/chunks/node_modules__pnpm_fcec5d91._.js:11496:30)
    at Generator.next (<anonymous>)
    at fulfilled (http://localhost:3377/_next/static/chunks/node_modules__pnpm_fcec5d91._.js:11213:32) @ http://localhost:3377/_next/static/chunks/b2b3e_next_dist_77a734fe._.js:3127
[  487873ms] [ERROR] WebSocket connection to 'ws://localhost:3377/_next/webpack-hmr?id=_hor69ycGlLTe192_RMeZ' failed:  @ http://localhost:3377/_next/static/chunks/b2b3e_next_dist_client_121ab40e._.js:10878
[  487874ms] [ERROR] TypeError: Failed to fetch
    at Client.<anonymous> (http://localhost:3377/_next/static/chunks/node_modules__pnpm_fcec5d91._.js:11496:30)
    at Generator.next (<anonymous>)
    at fulfilled (http://localhost:3377/_next/static/chunks/node_modules__pnpm_fcec5d91._.js:11213:32) @ http://localhost:3377/_next/static/chunks/b2b3e_next_dist_77a734fe._.js:3127
[  488877ms] [ERROR] WebSocket connection to 'ws://localhost:3377/_next/webpack-hmr?id=_hor69ycGlLTe192_RMeZ' failed: Error in connection establishment: net::ERR_CONNECTION_REFUSED @ http://localhost:3377/_next/static/chunks/b2b3e_next_dist_client_121ab40e._.js:10878
[  489880ms] [ERROR] WebSocket connection to 'ws://localhost:3377/_next/webpack-hmr?id=_hor69ycGlLTe192_RMeZ' failed: Error in connection establishment: net::ERR_CONNECTION_REFUSED @ http://localhost:3377/_next/static/chunks/b2b3e_next_dist_client_121ab40e._.js:10878
[  490884ms] [ERROR] WebSocket connection to 'ws://localhost:3377/_next/webpack-hmr?id=_hor69ycGlLTe192_RMeZ' failed: Error in connection establishment: net::ERR_CONNECTION_REFUSED @ http://localhost:3377/_next/static/chunks/b2b3e_next_dist_client_121ab40e._.js:10878
[  491887ms] [ERROR] WebSocket connection to 'ws://localhost:3377/_next/webpack-hmr?id=_hor69ycGlLTe192_RMeZ' failed: Error in connection establishment: net::ERR_CONNECTION_REFUSED @ http://localhost:3377/_next/static/chunks/b2b3e_next_dist_client_121ab40e._.js:10878
[  492890ms] [ERROR] WebSocket connection to 'ws://localhost:3377/_next/webpack-hmr?id=_hor69ycGlLTe192_RMeZ' failed: Error in connection establishment: net::ERR_CONNECTION_REFUSED @ http://localhost:3377/_next/static/chunks/b2b3e_next_dist_client_121ab40e._.js:10878
[  497897ms] [ERROR] WebSocket connection to 'ws://localhost:3377/_next/webpack-hmr?id=_hor69ycGlLTe192_RMeZ' failed: Error in connection establishment: net::ERR_CONNECTION_REFUSED @ http://localhost:3377/_next/static/chunks/b2b3e_next_dist_client_121ab40e._.js:10878
[  502902ms] [ERROR] WebSocket connection to 'ws://localhost:3377/_next/webpack-hmr?id=_hor69ycGlLTe192_RMeZ' failed: Error in connection establishment: net::ERR_CONNECTION_REFUSED @ http://localhost:3377/_next/static/chunks/b2b3e_next_dist_client_121ab40e._.js:10878
[  507920ms] [ERROR] WebSocket connection to 'ws://localhost:3377/_next/webpack-hmr?id=_hor69ycGlLTe192_RMeZ' failed: Error in connection establishment: net::ERR_CONNECTION_REFUSED @ http://localhost:3377/_next/static/chunks/b2b3e_next_dist_client_121ab40e._.js:10878
[  513635ms] [WARNING] Image with src "/images/hero/hero-desk-1.webp" is using quality "80" which is not configured in images.qualities [75]. Please update your config to [75, 80].
Read more: https://nextjs.org/docs/messages/next-image-unconfigured-qualities @ http://localhost:3377/_next/static/chunks/b2b3e_next_dist_77a734fe._.js:2297
[  513635ms] [WARNING] Image with src "/images/hero/hero-mobile-2.webp" is using quality "80" which is not configured in images.qualities [75]. Please update your config to [75, 80].
Read more: https://nextjs.org/docs/messages/next-image-unconfigured-qualities @ http://localhost:3377/_next/static/chunks/b2b3e_next_dist_77a734fe._.js:2297
[  513636ms] [WARNING] Image with src "/images/hero/hero-desk-2.webp" is using quality "80" which is not configured in images.qualities [75]. Please update your config to [75, 80].
Read more: https://nextjs.org/docs/messages/next-image-unconfigured-qualities @ http://localhost:3377/_next/static/chunks/b2b3e_next_dist_77a734fe._.js:2297
[  513636ms] [WARNING] Image with src "/images/hero/hero-mobile-1.webp" is using quality "80" which is not configured in images.qualities [75]. Please update your config to [75, 80].
Read more: https://nextjs.org/docs/messages/next-image-unconfigured-qualities @ http://localhost:3377/_next/static/chunks/b2b3e_next_dist_77a734fe._.js:2297
[  513683ms] [WARNING] Image with src "/images/hero/hero-mobile-2.webp" has "fill" prop and "sizes" prop of "100vw", but image is not rendered at full viewport width. Please adjust "sizes" to improve page performance. Read more: https://nextjs.org/docs/api-reference/next/image#sizes @ http://localhost:3377/_next/static/chunks/b2b3e_next_dist_77a734fe._.js:2297
[  513985ms] [ERROR] Failed to load resource: net::ERR_CONNECTION_RESET @ http://localhost:9000/store/product-categories?fields=%2Acategory_children&parent_category_id=null:0
[  513986ms] [ERROR] TypeError: Failed to fetch
    at Client.<anonymous> (http://localhost:3377/_next/static/chunks/node_modules__pnpm_fcec5d91._.js:11496:30)
    at Generator.next (<anonymous>)
    at fulfilled (http://localhost:3377/_next/static/chunks/node_modules__pnpm_fcec5d91._.js:11213:32) @ http://localhost:3377/_next/static/chunks/b2b3e_next_dist_77a734fe._.js:3127
[  513986ms] [ERROR] Failed to load resource: net::ERR_CONNECTION_RESET @ http://localhost:9000/store/collections?fields=id%2Ctitle%2Chandle%2Cmetadata%2Ccreated_at:0
[  513986ms] [ERROR] TypeError: Failed to fetch
    at Client.<anonymous> (http://localhost:3377/_next/static/chunks/node_modules__pnpm_fcec5d91._.js:11496:30)
    at Generator.next (<anonymous>)
    at fulfilled (http://localhost:3377/_next/static/chunks/node_modules__pnpm_fcec5d91._.js:11213:32) @ http://localhost:3377/_next/static/chunks/b2b3e_next_dist_77a734fe._.js:3127
[  513986ms] [ERROR] Failed to load resource: net::ERR_CONNECTION_RESET @ http://localhost:9000/store/customers/me:0
[  513986ms] [ERROR] Failed to load resource: net::ERR_CONNECTION_RESET @ http://localhost:9000/store/regions:0
[  513986ms] [ERROR] TypeError: Failed to fetch
    at Client.<anonymous> (http://localhost:3377/_next/static/chunks/node_modules__pnpm_fcec5d91._.js:11496:30)
    at Generator.next (<anonymous>)
    at fulfilled (http://localhost:3377/_next/static/chunks/node_modules__pnpm_fcec5d91._.js:11213:32) @ http://localhost:3377/_next/static/chunks/b2b3e_next_dist_77a734fe._.js:3127
[  513986ms] [ERROR] Failed to load resource: net::ERR_CONNECTION_RESET @ http://localhost:9000/store/collections?fields=id%2Ctitle%2Chandle%2Cmetadata%2Ccreated_at:0
[  513986ms] [ERROR] TypeError: Failed to fetch
    at Client.<anonymous> (http://localhost:3377/_next/static/chunks/node_modules__pnpm_fcec5d91._.js:11496:30)
    at Generator.next (<anonymous>)
    at fulfilled (http://localhost:3377/_next/static/chunks/node_modules__pnpm_fcec5d91._.js:11213:32) @ http://localhost:3377/_next/static/chunks/b2b3e_next_dist_77a734fe._.js:3127
