[     239ms] [WARNING] Image with src "/images/hero/hero-desk-1.webp" is using quality "80" which is not configured in images.qualities [75]. Please update your config to [75, 80].
Read more: https://nextjs.org/docs/messages/next-image-unconfigured-qualities @ http://localhost:3377/_next/static/chunks/b2b3e_next_dist_77a734fe._.js:2297
[     241ms] [WARNING] Image with src "/images/hero/hero-mobile-2.webp" is using quality "80" which is not configured in images.qualities [75]. Please update your config to [75, 80].
Read more: https://nextjs.org/docs/messages/next-image-unconfigured-qualities @ http://localhost:3377/_next/static/chunks/b2b3e_next_dist_77a734fe._.js:2297
[     242ms] [WARNING] Image with src "/images/hero/hero-desk-2.webp" is using quality "80" which is not configured in images.qualities [75]. Please update your config to [75, 80].
Read more: https://nextjs.org/docs/messages/next-image-unconfigured-qualities @ http://localhost:3377/_next/static/chunks/b2b3e_next_dist_77a734fe._.js:2297
[     242ms] [WARNING] Image with src "/images/hero/hero-mobile-1.webp" is using quality "80" which is not configured in images.qualities [75]. Please update your config to [75, 80].
Read more: https://nextjs.org/docs/messages/next-image-unconfigured-qualities @ http://localhost:3377/_next/static/chunks/b2b3e_next_dist_77a734fe._.js:2297
[     307ms] [WARNING] Image with src "/images/hero/hero-mobile-2.webp" has "fill" prop and "sizes" prop of "100vw", but image is not rendered at full viewport width. Please adjust "sizes" to improve page performance. Read more: https://nextjs.org/docs/api-reference/next/image#sizes @ http://localhost:3377/_next/static/chunks/b2b3e_next_dist_77a734fe._.js:2297
[     606ms] [ERROR] Failed to load resource: net::ERR_CONNECTION_RESET @ http://localhost:9000/store/product-categories?fields=%2Acategory_children&parent_category_id=null:0
[     606ms] [ERROR] TypeError: Failed to fetch
    at Client.<anonymous> (http://localhost:3377/_next/static/chunks/node_modules__pnpm_fcec5d91._.js:11496:30)
    at Generator.next (<anonymous>)
    at fulfilled (http://localhost:3377/_next/static/chunks/node_modules__pnpm_fcec5d91._.js:11213:32) @ http://localhost:3377/_next/static/chunks/b2b3e_next_dist_77a734fe._.js:3127
[     607ms] [ERROR] Failed to load resource: net::ERR_CONNECTION_RESET @ http://localhost:9000/store/collections?fields=id%2Ctitle%2Chandle%2Cmetadata%2Ccreated_at:0
[     607ms] [ERROR] TypeError: Failed to fetch
    at Client.<anonymous> (http://localhost:3377/_next/static/chunks/node_modules__pnpm_fcec5d91._.js:11496:30)
    at Generator.next (<anonymous>)
    at fulfilled (http://localhost:3377/_next/static/chunks/node_modules__pnpm_fcec5d91._.js:11213:32) @ http://localhost:3377/_next/static/chunks/b2b3e_next_dist_77a734fe._.js:3127
[     607ms] [ERROR] Failed to load resource: net::ERR_CONNECTION_RESET @ http://localhost:9000/store/customers/me:0
[     607ms] [ERROR] Failed to load resource: net::ERR_CONNECTION_RESET @ http://localhost:9000/store/regions:0
[     607ms] [ERROR] TypeError: Failed to fetch
    at Client.<anonymous> (http://localhost:3377/_next/static/chunks/node_modules__pnpm_fcec5d91._.js:11496:30)
    at Generator.next (<anonymous>)
    at fulfilled (http://localhost:3377/_next/static/chunks/node_modules__pnpm_fcec5d91._.js:11213:32) @ http://localhost:3377/_next/static/chunks/b2b3e_next_dist_77a734fe._.js:3127
[     607ms] [ERROR] Failed to load resource: net::ERR_CONNECTION_RESET @ http://localhost:9000/store/collections?fields=id%2Ctitle%2Chandle%2Cmetadata%2Ccreated_at:0
[     607ms] [ERROR] TypeError: Failed to fetch
    at Client.<anonymous> (http://localhost:3377/_next/static/chunks/node_modules__pnpm_fcec5d91._.js:11496:30)
    at Generator.next (<anonymous>)
    at fulfilled (http://localhost:3377/_next/static/chunks/node_modules__pnpm_fcec5d91._.js:11213:32) @ http://localhost:3377/_next/static/chunks/b2b3e_next_dist_77a734fe._.js:3127
[   45208ms] [WARNING] Image with src "https://images.unsplash.com/photo-1624378439575-d8705ad7ae80?w=600&q=80" was detected as the Largest Contentful Paint (LCP). Please add the `loading="eager"` property if this image is above the fold.
Read more: https://nextjs.org/docs/app/api-reference/components/image#loading @ http://localhost:3377/_next/static/chunks/b2b3e_next_dist_77a734fe._.js:2297
[  599710ms] [ERROR] WebSocket connection to 'ws://localhost:3377/_next/webpack-hmr?id=rRtrWbn51lY4wy3Bw2dN3' failed:  @ http://localhost:3377/_next/static/chunks/b2b3e_next_dist_client_121ab40e._.js:10878
[  600713ms] [ERROR] WebSocket connection to 'ws://localhost:3377/_next/webpack-hmr?id=rRtrWbn51lY4wy3Bw2dN3' failed: Error in connection establishment: net::ERR_CONNECTION_REFUSED @ http://localhost:3377/_next/static/chunks/b2b3e_next_dist_client_121ab40e._.js:10878
[  601717ms] [ERROR] WebSocket connection to 'ws://localhost:3377/_next/webpack-hmr?id=rRtrWbn51lY4wy3Bw2dN3' failed: Error in connection establishment: net::ERR_CONNECTION_REFUSED @ http://localhost:3377/_next/static/chunks/b2b3e_next_dist_client_121ab40e._.js:10878
[  602719ms] [ERROR] WebSocket connection to 'ws://localhost:3377/_next/webpack-hmr?id=rRtrWbn51lY4wy3Bw2dN3' failed: Error in connection establishment: net::ERR_CONNECTION_REFUSED @ http://localhost:3377/_next/static/chunks/b2b3e_next_dist_client_121ab40e._.js:10878
[  603723ms] [ERROR] WebSocket connection to 'ws://localhost:3377/_next/webpack-hmr?id=rRtrWbn51lY4wy3Bw2dN3' failed: Error in connection establishment: net::ERR_CONNECTION_REFUSED @ http://localhost:3377/_next/static/chunks/b2b3e_next_dist_client_121ab40e._.js:10878
[  604726ms] [ERROR] WebSocket connection to 'ws://localhost:3377/_next/webpack-hmr?id=rRtrWbn51lY4wy3Bw2dN3' failed: Error in connection establishment: net::ERR_CONNECTION_REFUSED @ http://localhost:3377/_next/static/chunks/b2b3e_next_dist_client_121ab40e._.js:10878
[  609732ms] [ERROR] WebSocket connection to 'ws://localhost:3377/_next/webpack-hmr?id=rRtrWbn51lY4wy3Bw2dN3' failed: Error in connection establishment: net::ERR_CONNECTION_REFUSED @ http://localhost:3377/_next/static/chunks/b2b3e_next_dist_client_121ab40e._.js:10878
[  614743ms] [ERROR] WebSocket connection to 'ws://localhost:3377/_next/webpack-hmr?id=rRtrWbn51lY4wy3Bw2dN3' failed: Error in connection establishment: net::ERR_CONNECTION_REFUSED @ http://localhost:3377/_next/static/chunks/b2b3e_next_dist_client_121ab40e._.js:10878
[  619750ms] [ERROR] WebSocket connection to 'ws://localhost:3377/_next/webpack-hmr?id=rRtrWbn51lY4wy3Bw2dN3' failed: Error in connection establishment: net::ERR_CONNECTION_REFUSED @ http://localhost:3377/_next/static/chunks/b2b3e_next_dist_client_121ab40e._.js:10878
[  624782ms] [ERROR] WebSocket connection to 'ws://localhost:3377/_next/webpack-hmr?id=rRtrWbn51lY4wy3Bw2dN3' failed: Error in connection establishment: net::ERR_CONNECTION_REFUSED @ http://localhost:3377/_next/static/chunks/b2b3e_next_dist_client_121ab40e._.js:10878
[  629825ms] [ERROR] WebSocket connection to 'ws://localhost:3377/_next/webpack-hmr?id=rRtrWbn51lY4wy3Bw2dN3' failed: Error in connection establishment: net::ERR_CONNECTION_REFUSED @ http://localhost:3377/_next/static/chunks/b2b3e_next_dist_client_121ab40e._.js:10878
[  634983ms] [ERROR] WebSocket connection to 'ws://localhost:3377/_next/webpack-hmr?id=rRtrWbn51lY4wy3Bw2dN3' failed: Error in connection establishment: net::ERR_CONNECTION_REFUSED @ http://localhost:3377/_next/static/chunks/b2b3e_next_dist_client_121ab40e._.js:10878
[  640083ms] [ERROR] WebSocket connection to 'ws://localhost:3377/_next/webpack-hmr?id=rRtrWbn51lY4wy3Bw2dN3' failed: Error in connection establishment: net::ERR_CONNECTION_REFUSED @ http://localhost:3377/_next/static/chunks/b2b3e_next_dist_client_121ab40e._.js:10878
[  737320ms] [WARNING] Image with src "/images/hero/hero-desk-1.webp" is using quality "80" which is not configured in images.qualities [75]. Please update your config to [75, 80].
Read more: https://nextjs.org/docs/messages/next-image-unconfigured-qualities @ http://localhost:3377/_next/static/chunks/b2b3e_next_dist_77a734fe._.js:2297
[  737321ms] [WARNING] Image with src "/images/hero/hero-mobile-2.webp" is using quality "80" which is not configured in images.qualities [75]. Please update your config to [75, 80].
Read more: https://nextjs.org/docs/messages/next-image-unconfigured-qualities @ http://localhost:3377/_next/static/chunks/b2b3e_next_dist_77a734fe._.js:2297
[  737322ms] [WARNING] Image with src "/images/hero/hero-desk-2.webp" is using quality "80" which is not configured in images.qualities [75]. Please update your config to [75, 80].
Read more: https://nextjs.org/docs/messages/next-image-unconfigured-qualities @ http://localhost:3377/_next/static/chunks/b2b3e_next_dist_77a734fe._.js:2297
[  737322ms] [WARNING] Image with src "/images/hero/hero-mobile-1.webp" is using quality "80" which is not configured in images.qualities [75]. Please update your config to [75, 80].
Read more: https://nextjs.org/docs/messages/next-image-unconfigured-qualities @ http://localhost:3377/_next/static/chunks/b2b3e_next_dist_77a734fe._.js:2297
[  737387ms] [WARNING] Image with src "/images/hero/hero-mobile-2.webp" has "fill" prop and "sizes" prop of "100vw", but image is not rendered at full viewport width. Please adjust "sizes" to improve page performance. Read more: https://nextjs.org/docs/api-reference/next/image#sizes @ http://localhost:3377/_next/static/chunks/b2b3e_next_dist_77a734fe._.js:2297
[  737690ms] [ERROR] Failed to load resource: net::ERR_CONNECTION_RESET @ http://localhost:9000/store/product-categories?fields=%2Acategory_children&parent_category_id=null:0
[  737690ms] [ERROR] TypeError: Failed to fetch
    at Client.<anonymous> (http://localhost:3377/_next/static/chunks/node_modules__pnpm_fcec5d91._.js:11496:30)
    at Generator.next (<anonymous>)
    at fulfilled (http://localhost:3377/_next/static/chunks/node_modules__pnpm_fcec5d91._.js:11213:32) @ http://localhost:3377/_next/static/chunks/b2b3e_next_dist_77a734fe._.js:3127
[  737690ms] [ERROR] Failed to load resource: net::ERR_CONNECTION_RESET @ http://localhost:9000/store/collections?fields=id%2Ctitle%2Chandle%2Cmetadata%2Ccreated_at:0
[  737690ms] [ERROR] TypeError: Failed to fetch
    at Client.<anonymous> (http://localhost:3377/_next/static/chunks/node_modules__pnpm_fcec5d91._.js:11496:30)
    at Generator.next (<anonymous>)
    at fulfilled (http://localhost:3377/_next/static/chunks/node_modules__pnpm_fcec5d91._.js:11213:32) @ http://localhost:3377/_next/static/chunks/b2b3e_next_dist_77a734fe._.js:3127
[  737691ms] [ERROR] Failed to load resource: net::ERR_CONNECTION_RESET @ http://localhost:9000/store/collections?fields=id%2Ctitle%2Chandle%2Cmetadata%2Ccreated_at:0
[  737691ms] [ERROR] TypeError: Failed to fetch
    at Client.<anonymous> (http://localhost:3377/_next/static/chunks/node_modules__pnpm_fcec5d91._.js:11496:30)
    at Generator.next (<anonymous>)
    at fulfilled (http://localhost:3377/_next/static/chunks/node_modules__pnpm_fcec5d91._.js:11213:32) @ http://localhost:3377/_next/static/chunks/b2b3e_next_dist_77a734fe._.js:3127
[  737691ms] [ERROR] Failed to load resource: net::ERR_CONNECTION_RESET @ http://localhost:9000/store/customers/me:0
[  737691ms] [ERROR] Failed to load resource: net::ERR_CONNECTION_RESET @ http://localhost:9000/store/regions:0
[  737691ms] [ERROR] TypeError: Failed to fetch
    at Client.<anonymous> (http://localhost:3377/_next/static/chunks/node_modules__pnpm_fcec5d91._.js:11496:30)
    at Generator.next (<anonymous>)
    at fulfilled (http://localhost:3377/_next/static/chunks/node_modules__pnpm_fcec5d91._.js:11213:32) @ http://localhost:3377/_next/static/chunks/b2b3e_next_dist_77a734fe._.js:3127
