[     648ms] [WARNING] Attribute "data-shopify-product" not found. Not on product page? @ https://cdn.shopify.com/extensions/019c8bef-9a46-7b37-ae19-70c6e29ac2e0/twini-amiparis-prod-app-33/assets/amiparis-prod.js:0
[     891ms] [ERROR] Failed to load resource: the server responded with a status of 404 () @ https://qr.amiparis.com/ref:0
[    1020ms] Uncaught (in promise) ReferenceError: checkout_data is not defined
    at <anonymous> (https://www.amiparis.com/web-pixels@3c1f2529w4065d210p03530cb8m151179d6/custom/web-pixel-236618113@13/sandbox/modern/:137:4)
    at call (https://www.amiparis.com/cdn/wpm/s3c1f2529w4065d210p03530cb8m151179d6m.js:0:52732)
    at h (https://www.amiparis.com/cdn/wpm/s3c1f2529w4065d210p03530cb8m151179d6m.js:0:70359)
    at o (https://www.amiparis.com/cdn/wpm/s3c1f2529w4065d210p03530cb8m151179d6m.js:0:71695)
[    1400ms] TypeError: Failed to execute 'observe' on 'MutationObserver': parameter 1 is not of type 'Node'.
    at HTMLElement.observerDidomi (https://www.amiparis.com/cdn/shop/t/365/assets/GeoLocalization.min.88513c6d.js:1:3866)
    at HTMLElement.ready (https://www.amiparis.com/cdn/shop/t/365/assets/GeoLocalization.min.88513c6d.js:1:1296)
    at HTMLElement.attributeChangedCallback (https://www.amiparis.com/cdn/shop/t/365/assets/DeferWebComponent.min.b132bb89.js:1:171)
    at https://www.amiparis.com/cdn/shop/t/365/assets/GeoLocalization.min.88513c6d.js:1:4614
[    1437ms] [ERROR] Failed to load resource: the server responded with a status of 404 () @ https://www.amiparis.com/cdn/shop/files/UJK897.DE0046_be0acbb0-bae8-47f9-bb70-99fe1178fd55.jpg:0
[    1591ms] [WARNING] In a sandboxed environment, addEventListener may not behave as expected. @ https://www.amiparis.com/cdn/wpm/s3c1f2529w4065d210p03530cb8m151179d6m.js:0
[    1607ms] [ERROR] SyntaxError: Unexpected token 'O', "OK" is not valid JSON
    at JSON.parse (<anonymous>)
    at https://cdn.mida.so/js/mida-integration.js?v=1.2.94:1:12930
    at XMLHttpRequest.<anonymous> (https://cdn.mida.so/js/optimize.js?key=:1:9796) @ https://cdn.mida.so/js/mida-integration.js?v=1.2.94:0
[    1996ms] [ERROR] Failed to load resource: the server responded with a status of 404 () @ https://www.amiparis.com/fonts/miera-demi.woff2:0
[    2131ms] [ERROR] Failed to load resource: the server responded with a status of 404 () @ https://www.amiparis.com/fonts/miera-demi.woff:0
