[     128ms] [ERROR] TypeError: Failed to fetch
    at Client.<anonymous> (http://localhost:3000/_next/static/chunks/node_modules__pnpm_896663d6._.js:11496:30)
    at Generator.next (<anonymous>)
    at fulfilled (http://localhost:3000/_next/static/chunks/node_modules__pnpm_896663d6._.js:11213:32) @ http://localhost:3000/_next/static/chunks/b2b3e_next_dist_77a734fe._.js:3127
[     298ms] [WARNING] Image with src "/images/hero/hero-desk-1.webp" is using quality "80" which is not configured in images.qualities [75]. Please update your config to [75, 80].
Read more: https://nextjs.org/docs/messages/next-image-unconfigured-qualities @ http://localhost:3000/_next/static/chunks/b2b3e_next_dist_77a734fe._.js:2297
[     299ms] [WARNING] Image with src "/images/hero/hero-mobile-2.webp" is using quality "80" which is not configured in images.qualities [75]. Please update your config to [75, 80].
Read more: https://nextjs.org/docs/messages/next-image-unconfigured-qualities @ http://localhost:3000/_next/static/chunks/b2b3e_next_dist_77a734fe._.js:2297
[     299ms] [WARNING] Image with src "/images/hero/hero-desk-2.webp" is using quality "80" which is not configured in images.qualities [75]. Please update your config to [75, 80].
Read more: https://nextjs.org/docs/messages/next-image-unconfigured-qualities @ http://localhost:3000/_next/static/chunks/b2b3e_next_dist_77a734fe._.js:2297
[     300ms] [WARNING] Image with src "/images/hero/hero-mobile-1.webp" is using quality "80" which is not configured in images.qualities [75]. Please update your config to [75, 80].
Read more: https://nextjs.org/docs/messages/next-image-unconfigured-qualities @ http://localhost:3000/_next/static/chunks/b2b3e_next_dist_77a734fe._.js:2297
[     353ms] [WARNING] Image with src "/images/hero/hero-desk-1.webp" has "fill" prop and "sizes" prop of "100vw", but image is not rendered at full viewport width. Please adjust "sizes" to improve page performance. Read more: https://nextjs.org/docs/api-reference/next/image#sizes @ http://localhost:3000/_next/static/chunks/b2b3e_next_dist_77a734fe._.js:2297
[     654ms] [ERROR] Failed to load resource: net::ERR_CONNECTION_RESET @ http://localhost:9000/store/product-categories?fields=%2Acategory_children&parent_category_id=null:0
[     655ms] [ERROR] TypeError: Failed to fetch
    at Client.<anonymous> (http://localhost:3000/_next/static/chunks/node_modules__pnpm_896663d6._.js:11496:30)
    at Generator.next (<anonymous>)
    at fulfilled (http://localhost:3000/_next/static/chunks/node_modules__pnpm_896663d6._.js:11213:32) @ http://localhost:3000/_next/static/chunks/b2b3e_next_dist_77a734fe._.js:3127
[     655ms] [ERROR] Failed to load resource: net::ERR_CONNECTION_RESET @ http://localhost:9000/store/collections?fields=id%2Ctitle%2Chandle%2Cmetadata%2Ccreated_at:0
[     655ms] [ERROR] TypeError: Failed to fetch
    at Client.<anonymous> (http://localhost:3000/_next/static/chunks/node_modules__pnpm_896663d6._.js:11496:30)
    at Generator.next (<anonymous>)
    at fulfilled (http://localhost:3000/_next/static/chunks/node_modules__pnpm_896663d6._.js:11213:32) @ http://localhost:3000/_next/static/chunks/b2b3e_next_dist_77a734fe._.js:3127
[     655ms] [ERROR] Failed to load resource: net::ERR_CONNECTION_RESET @ http://localhost:9000/store/customers/me:0
[     655ms] [ERROR] Failed to load resource: net::ERR_CONNECTION_RESET @ http://localhost:9000/store/regions:0
[     655ms] [ERROR] TypeError: Failed to fetch
    at Client.<anonymous> (http://localhost:3000/_next/static/chunks/node_modules__pnpm_896663d6._.js:11496:30)
    at Generator.next (<anonymous>)
    at fulfilled (http://localhost:3000/_next/static/chunks/node_modules__pnpm_896663d6._.js:11213:32) @ http://localhost:3000/_next/static/chunks/b2b3e_next_dist_77a734fe._.js:3127
[     655ms] [ERROR] Failed to load resource: net::ERR_CONNECTION_RESET @ http://localhost:9000/store/collections?fields=id%2Ctitle%2Chandle%2Cmetadata%2Ccreated_at:0
[     655ms] [ERROR] TypeError: Failed to fetch
    at Client.<anonymous> (http://localhost:3000/_next/static/chunks/node_modules__pnpm_896663d6._.js:11496:30)
    at Generator.next (<anonymous>)
    at fulfilled (http://localhost:3000/_next/static/chunks/node_modules__pnpm_896663d6._.js:11213:32) @ http://localhost:3000/_next/static/chunks/b2b3e_next_dist_77a734fe._.js:3127
